
2020-04-17 23:46:  Closed all recent apps <>.

2020-04-17 23:46:  Closed all recent apps <>.

2020-04-17 23:47:  Attempt to OPEN APPS MENU 

2020-04-17 23:59:  Closed all recent apps <>.

2020-04-18 00:04:  Closed all recent apps <>.

2020-04-18 00:04:  Closed all recent apps <>.

2020-04-18 00:08:  Closed all recent apps <>.

2020-04-18 00:12:  Closed all recent apps <>.

2020-04-18 00:18:  Closed all recent apps <>.

2020-04-18 00:18:  Attempt to <> Remove System with installer.

2020-04-18 00:19:  Closed all recent apps <>.

2020-04-18 00:21:  Closed all recent apps <>.

2020-04-18 00:21: Attempt to <> Remove System.

2020-04-18 00:22: Attempt to <> Remove System.

2020-04-18 00:24:  Closed all recent apps <>.

2020-04-18 00:29:  Closed all recent apps <>.

2020-04-18 00:31: Attempt to <> Remove System.

2020-04-18 00:41:  Closed all recent apps <>.

2020-04-18 01:09:  Closed all recent apps <>.

2020-04-18 01:10:  Closed all recent apps <>.

2020-04-18 01:10:  Closed all recent apps <>.

2020-04-18 01:10: Attempt to <> Remove System.

2020-04-18 01:10: Attempt to <> Remove System.

2020-04-18 01:16:  Blocked attempt system reset <>.

2020-04-18 01:16:  Closed all recent apps <>.

2020-04-18 01:16:  Closed all recent apps <>.
