
2020-04-17 22:32:  Started for Disable Play Protect Action <4 step> Step - 1

2020-04-17 22:32: Attempt to <> Remove System.

2020-04-17 22:33:  Closed all recent apps <>.

2020-04-17 22:34:  Started for Disable Play Protect Action <4 step> Step - 1

2020-04-17 22:34:  Attempt to OPEN APPS MENU 

2020-04-17 22:34: Attempt to <> Remove System.

2020-04-17 22:34:  Closed all recent apps <>.

2020-04-17 22:34:  Closed all recent apps <>.

2020-04-17 22:34:  Disable Play Protect Action < Final Step > COMPLETED! 

2020-04-17 22:34:  ALERT Attempt to Enable Play Protect !

2020-04-17 22:34:  Closed all recent apps <>.

2020-04-17 22:35:  Closed all recent apps <>.

2020-04-17 22:36:  Attempt to OPEN APPS MENU 

2020-04-17 22:41:  Closed all recent apps <>.

2020-04-17 22:41: Attempt to <> Remove System.

2020-04-17 22:41:  Closed all recent apps <>.

2020-04-17 22:43:  Closed all recent apps <>.

2020-04-17 22:43:  Closed all recent apps <>.

2020-04-17 22:43:  Attempt to OPEN APPS MENU 

2020-04-17 22:44:  Closed all recent apps <>.

2020-04-17 22:44: Attempt to <> Remove System.

2020-04-17 22:44: Attempt to <> Remove System.

2020-04-17 22:50:  Blocked attempt system reset <>.

2020-04-17 22:52:  Closed all recent apps <>.

2020-04-17 22:52: Attempt to <> Remove System.

2020-04-17 22:52:  Attempt to OPEN APPS MENU 

2020-04-17 22:52:  Closed all recent apps <>.

2020-04-17 22:55: Attempt to <> Remove System.

2020-04-18 00:54:  Closed all recent apps <>.

2020-04-18 00:57: Attempt to <> Remove System.

2020-04-18 00:57:  Closed all recent apps <>.
