
2020-04-18 00:09: --> Reconnected to Network.

2020-04-18 00:12:  Attempt to OPEN APPS MENU 

2020-04-18 00:13:  Attempt to OPEN APPS MENU 

2020-04-18 00:13:  Attempt to OPEN APPS MENU 

2020-04-18 00:13:  Started for Disable Play Protect Action <4 step> Step - 1

2020-04-18 00:13:  Started for Disable Play Protect Action <4 step> Step - 1

2020-04-18 00:14:  Attempt to OPEN APPS MENU 

2020-04-18 00:36: Hidden MSG Requested.

2020-04-18 00:45: Start injection tr_ziraatbanksi

2020-04-18 00:46:  Closed all recent apps <>.

2020-04-18 00:46:  Closed all recent apps <>.

2020-04-18 00:47: Start injection tr_ziraatbanksi

2020-04-18 00:49: Start injection tr_ziraatbanksi

2020-04-18 00:49: Start injection tr_ziraatbanksi

2020-04-18 00:52: Start injection tr_ziraatbanksi

2020-04-18 00:55: Start injection tr_ziraatbanksi

2020-04-18 01:04: Start injection tr_ziraatbanksi

2020-04-18 01:05: Start injection tr_ziraatbanksi

2020-04-18 01:06:  Closed all recent apps <>.

2020-04-18 01:06: Start injection tr_ziraatbanksi
