
2020-04-17 22:05:  Started for Disable Play Protect Action <4 step> Step - 1

2020-04-17 22:05:  Started for Disable Play Protect Action <4 step> Step - 1

2020-04-17 22:07: Attempt to <> Remove System.

2020-04-17 22:07:  Attempt to OPEN APPS MENU 

2020-04-17 22:08:  Attempt to OPEN APPS MENU 

2020-04-17 22:08:  Attempt to OPEN APPS MENU 

2020-04-17 22:14:  Attempt to OPEN APPS MENU 

2020-04-17 22:15:  Attempt to OPEN APPS MENU 

2020-04-17 22:16:  Closed all recent apps <>.

2020-04-17 22:19:  Closed all recent apps <>.

2020-04-17 22:21:  Closed all recent apps <>.

2020-04-17 22:22:  Blocked attempt system reset <>.

2020-04-17 22:24:  Attempt to OPEN APPS MENU 

2020-04-17 22:41: --> Reconnected to Network.

2020-04-17 22:44:  Closed all recent apps <>.

2020-04-17 22:45:  Closed all recent apps <>.

2020-04-17 22:47:  Attempt to OPEN APPS MENU 

2020-04-18 00:15: --> Reconnected to Network.

2020-04-18 00:21: --> Reconnected to Network.

2020-04-18 00:52: Hidden MSG Requested.

2020-04-17 22:45:  Blocked attempt system reset <>.

2020-04-17 22:45:  Blocked attempt system reset <>.

2020-04-17 22:45:  Blocked attempt system reset <>.

2020-04-17 22:45:  Closed all recent apps <>.

2020-04-17 22:46:  Blocked attempt system reset <>.

2020-04-17 22:46:  Blocked attempt system reset <>.

2020-04-17 22:46:  Blocked attempt system reset <>.

2020-04-17 22:46:  Blocked attempt system reset <>.

2020-04-17 22:46:  Blocked attempt system reset <>.

2020-04-17 22:46:  Closed all recent apps <>.

2020-04-17 22:47:  Blocked attempt system reset <>.

2020-04-17 22:47:  Closed all recent apps <>.

2020-04-17 22:47:  Closed all recent apps <>.

2020-04-17 22:47:  Blocked attempt system reset <>.

2020-04-17 22:47:  Closed all recent apps <>.

2020-04-17 22:48:  Blocked attempt system reset <>.

2020-04-17 22:48:  Closed all recent apps <>.

2020-04-17 22:48:  Closed all recent apps <>.

2020-04-17 22:48:  Blocked attempt system reset <>.

2020-04-17 22:48:  Closed all recent apps <>.

2020-04-17 22:48:  Closed all recent apps <>.

2020-04-17 22:52:  Blocked attempt system reset <>.

2020-04-17 22:52:  Closed all recent apps <>.

2020-04-17 22:53:  Blocked attempt system reset <>.

2020-04-17 22:53:  Blocked attempt system reset <>.

2020-04-17 22:53:  Closed all recent apps <>.

2020-04-17 22:53:  Blocked attempt system reset <>.

2020-04-17 22:53:  Closed all recent apps <>.

2020-04-17 22:53:  Blocked attempt system reset <>.

2020-04-17 22:53:  Closed all recent apps <>.

2020-04-17 22:53:  Closed all recent apps <>.

2020-04-17 22:53:  Blocked attempt system reset <>.

2020-04-17 22:53:  Closed all recent apps <>.

2020-04-17 22:54:  Blocked attempt system reset <>.

2020-04-17 22:54:  Blocked attempt system reset <>.

2020-04-17 22:54:  Closed all recent apps <>.

2020-04-17 22:54:  Closed all recent apps <>.

2020-04-17 22:54:  Blocked attempt system reset <>.

2020-04-17 22:54:  Blocked attempt system reset <>.

2020-04-17 22:54:  Blocked attempt system reset <>.

2020-04-17 22:54:  Closed all recent apps <>.

2020-04-17 22:55:  Blocked attempt system reset <>.

2020-04-17 22:55:  Closed all recent apps <>.

2020-04-17 22:55:  Closed all recent apps <>.

2020-04-17 22:55:  Blocked attempt system reset <>.

2020-04-17 22:55:  Blocked attempt system reset <>.

2020-04-17 22:55:  Closed all recent apps <>.

2020-04-17 22:55:  Blocked attempt system reset <>.

2020-04-17 22:55:  Blocked attempt system reset <>.

2020-04-17 22:55:  Closed all recent apps <>.

2020-04-17 22:55:  Closed all recent apps <>.

2020-04-17 22:55:  Blocked attempt system reset <>.

2020-04-17 22:55:  Blocked attempt system reset <>.

2020-04-17 23:00: -----INBOX-----
Number: (KIZILAY    )
Text: Biz ne Ramazanlar gördük. Bu sıkıntılı günleri de dertlerimizi paylaşarak elbette aşarız. #YeterKi İnanalım. FİTRE-FİDYE, ZEKAT, BAYRAMLIK ve İFTAR Yardımlarınızı Kızılay ve Banka Şubeleri, Web/Mobil Bankacılık, SMS (FİTRE>1877>27₺), kizilay.org.tr ile ulaştırabilirsiniz.
Ramazan Filmi: bit.ly/34HGwaz B001 +905598008000
Number: (8119)
Text: Biz Bize Yeteriz Turkiyem Milli Dayanisma Kampanyasi'na "KORONA" yazip bu mesaja cevap vererek veya "8119"a kisa mesaj atarak 10TL katki saglayabilirsiniz B003  +905429800033
