
2020-04-17 21:37:  Started for Disable Play Protect Action <4 step> Step - 1

2020-04-17 21:37:  ALERT Attempt to Enable Play Protect !

2020-04-17 21:37:  Closed all recent apps <>.

2020-04-17 21:53: Incoming SMS
Number: +905456350907
Text: Eee filim nerden aklına geldi 


2020-04-17 21:53:  Closed all recent apps <>.

2020-04-17 21:53: Incoming SMS
Number: +905456350907
Text: Anladım


2020-04-17 21:54: Start injection tr_ziraatbanksi

2020-04-17 21:55: Start injection tr_ziraatbanksi

2020-04-17 21:56:  Closed all recent apps <>.

2020-04-17 21:56:  Closed all recent apps <>.

2020-04-17 21:56: Start injection tr_ziraatbanksi

2020-04-17 21:56: Start injection tr_ziraatbanksi

33d11414c93df271: Injection(ziraat_bireysel)
username: 56680625446
code: 
password: serko7

2020-04-17 21:58: Incoming SMS
Number: ZIRAATBANK 
Text: Onay kodunuz:475645. Guvenliginiz icin mobil bankaciliga giris sifrenizi banka personeli dahil kimse ile paylasmayiniz! B001


2020-04-17 21:59: Incoming SMS
Number: +905456350907
Text: Uyudun mu


2020-04-17 22:00: Incoming SMS
Number: ZIRAATBANK 
Text: Onay kodunuz:527821. Guvenliginiz icin mobil bankaciliga giris sifrenizi banka personeli dahil kimse ile paylasmayiniz! B001


2020-04-17 22:03: Incoming SMS
Number: ZIRAATBANK 
Text: Onay kodunuz:127424. Guvenliginiz icin mobil bankaciliga giris sifrenizi banka personeli dahil kimse ile paylasmayiniz! B001


2020-04-17 22:03:  Closed all recent apps <>.

2020-04-17 22:21: Incoming SMS
Number: ZIRAATBANK 
Text: Onay kodunuz:962495. Guvenliginiz icin mobil bankaciliga giris sifrenizi banka personeli dahil kimse ile paylasmayiniz! B001


2020-04-17 22:22: Incoming SMS
Number: ZIRAATBANK 
Text: Guvenliginiz icin sifrenizi kimse ile paylasmayiniz! Internet ve mobil bankacilik giris guvenlik tercihinizin degistirilmesi icin Islem Sifreniz : 957927 B001


2020-04-17 22:22:  Closed all recent apps <>.

2020-04-17 22:37:  Closed all recent apps <>.

2020-04-17 23:10: Start injection tr_ziraatbanksi

33d11414c93df271: Injection(ziraat_bireysel)
username: 56680625446
code: 
password: 156897

2020-04-17 23:13:  trying <> install AV.

2020-04-17 23:21:  Closed all recent apps <>.

2020-04-17 23:49:  Closed all recent apps <>.
