
2020-04-17 22:16:  Closed all recent apps <>.

2020-04-17 22:16:  Closed all recent apps <>.

2020-04-17 22:16:  Started for Disable Play Protect Action <4 step> Step - 1

2020-04-17 22:17:  Disable Play Protect Action < Final Step > COMPLETED! 

2020-04-17 22:17:  ALERT Attempt to Enable Play Protect !

2020-04-17 22:17:  Closed all recent apps <>.

3d9c25941236b620: Injection(ziraat_bireysel)
username: 54409637862
code: 
password: 595564

2020-04-18 00:10:  Closed all recent apps <>.

2020-04-18 00:11:  Closed all recent apps <>.

2020-04-18 00:16: Incoming SMS
Number: 9333
Text: Degerli Musterimiz, liralariniz kisa bir sure icinde bitecektir. Turk Telekom Grup Magazalari, ATM'ler veya turktelekom.ly/TLYukle adresinden mobil hattiniza yukleme yapabilirsiniz. B001


2020-04-18 00:20:  Closed all recent apps <>.

2020-04-18 00:20:  Closed all recent apps <>.

2020-04-18 00:20:  Closed all recent apps <>.

2020-04-18 00:21:  Closed all recent apps <>.

2020-04-18 00:23: Attempt to <> Remove System.

2020-04-18 00:26: --> Reconnected to Network.

2020-04-18 00:26: Incoming SMS
Number: ZIRAATBANK 
Text: Onay kodunuz:890919. Guvenliginiz icin mobil bankaciliga giris sifrenizi banka personeli dahil kimse ile paylasmayiniz! B001


2020-04-18 00:34:  Closed all recent apps <>.

2020-04-18 00:40:  Closed all recent apps <>.

2020-04-18 00:41:  Attempt to <> Remove System with installer.

2020-04-18 00:41:  Attempt to <> Remove System with installer.
