
2020-04-17 22:17:  Started for Disable Play Protect Action <4 step> Step - 1

2020-04-17 22:17:  Started for Disable Play Protect Action <4 step> Step - 1

2020-04-17 22:17:  Closed all recent apps <>.

2020-04-17 22:17: Attempt to <> Remove System.

2020-04-17 22:40:  Closed all recent apps <>.

2020-04-17 22:41:  Attempt to OPEN APPS MENU 

2020-04-17 22:42:  Closed all recent apps <>.

2020-04-17 22:48:  trying <> install AV.

2020-04-17 22:48:  Closed all recent apps <>.

2020-04-17 22:52:  Closed all recent apps <>.

2020-04-17 22:52:  Closed all recent apps <>.

2020-04-17 22:58:  Attempt to OPEN APPS MENU 

2020-04-17 23:03: Hidden MSG Requested.

2020-04-17 23:04:  trying <> install AV.

2020-04-17 23:04:  trying <> install AV.

2020-04-17 23:11:  Closed all recent apps <>.

2020-04-17 23:11:  trying <> install AV.

2020-04-17 23:13:  trying <> install AV.

2020-04-17 23:13:  Closed all recent apps <>.

2020-04-17 23:20: Attempt to <> Remove System.

2020-04-17 23:23:  Closed all recent apps <>.

2020-04-18 00:35: --> Reconnected to Network.

2020-04-18 00:40:  Closed all recent apps <>.
