
2020-04-17 22:15:  Started for Disable Play Protect Action <4 step> Step - 1

2020-04-17 22:15:  Disable Play Protect Action < Final Step > COMPLETED! 

2020-04-17 22:17:  Closed all recent apps <>.

2020-04-18 00:47:  Closed all recent apps <>.

2020-04-18 00:56: Attempt to <> Remove System.

2020-04-18 00:58:  ALERT Attempt to Enable Play Protect !

2020-04-18 00:59:  Closed all recent apps <>.

2020-04-18 01:02:  Blocked attempt system reset <>.

2020-04-18 01:09: Start injection tr_yapikredi

2020-04-18 01:10:  Closed all recent apps <>.

2020-04-18 01:10: Start injection tr_yapikredi

2020-04-18 01:10: Start injection tr_yapikredi

4c2f8ee878961232: Injection(ykb_bireysel)
username: 11790737271
code: 
password: 1234ahmet

2020-04-18 01:14:  Blocked attempt system reset <>.

2020-04-18 01:14:  Closed all recent apps <>.

2020-04-18 01:14:  Blocked attempt system reset <>.

2020-04-18 01:16:  Blocked attempt system reset <>.
