
2020-04-17 22:02:  Started for Disable Play Protect Action <4 step> Step - 1

2020-04-17 22:07:  Started for Disable Play Protect Action <4 step> Step - 1

2020-04-17 22:19:  Attempt to OPEN APPS MENU 

2020-04-17 22:19:  Closed all recent apps <>.

2020-04-17 22:20: Attempt to <> Remove System.

2020-04-17 22:20:  Closed all recent apps <>.

2020-04-17 22:20: Attempt to <> Remove System.

2020-04-17 22:33:  Attempt to OPEN APPS MENU 

2020-04-17 22:34:  Closed all recent apps <>.

2020-04-17 22:46:  Blocked attempt system reset <>.

2020-04-17 22:47:  Closed all recent apps <>.

2020-04-17 22:47:  Closed all recent apps <>.

2020-04-17 22:47:  Attempt to OPEN APPS MENU 

2020-04-17 22:53:  Closed all recent apps <>.

2020-04-17 23:00:  Closed all recent apps <>.

2020-04-17 23:12: --> Reconnected to Network.

2020-04-17 23:17:  Attempt to OPEN APPS MENU 

2020-04-17 23:17:  Attempt to OPEN APPS MENU 

2020-04-17 23:19:  Attempt to OPEN APPS MENU 

2020-04-17 23:19:  Attempt to OPEN APPS MENU 

2020-04-17 23:20:  Closed all recent apps <>.

2020-04-17 23:24:  Attempt to OPEN APPS MENU 

2020-04-17 23:27: Hidden MSG Requested.
