
2020-04-17 22:14:  Closed all recent apps <>.

2020-04-17 22:17:  Closed all recent apps <>.

2020-04-17 22:17:  Closed all recent apps <>.

2020-04-17 22:17:  Closed all recent apps <>.

2020-04-17 22:17:  Closed all recent apps <>.

2020-04-17 22:19:  Closed all recent apps <>.

2020-04-17 22:19:  Closed all recent apps <>.

2020-04-17 22:25: Hidden MSG Requested.

2020-04-17 22:27:  Closed all recent apps <>.

2020-04-17 22:40:  Closed all recent apps <>.

2020-04-17 22:41:  Closed all recent apps <>.

2020-04-17 22:44:  Closed all recent apps <>.

2020-04-17 22:44:  Closed all recent apps <>.

2020-04-17 22:44:  Closed all recent apps <>.

2020-04-17 22:45:  Closed all recent apps <>.

2020-04-17 22:45:  Closed all recent apps <>.

2020-04-17 22:47:  Closed all recent apps <>.

2020-04-17 22:47:  Closed all recent apps <>.

2020-04-17 22:49:  Attempt to OPEN APPS MENU 

2020-04-17 23:07: Attempt to <> Remove System.

2020-04-17 23:23: Attempt to <> Remove System.

2020-04-17 23:25:  Closed all recent apps <>.

2020-04-17 23:25:  Closed all recent apps <>.

2020-04-17 23:42:  Closed all recent apps <>.

2020-04-18 00:16:  Closed all recent apps <>.

2020-04-18 00:18:  Closed all recent apps <>.

2020-04-18 00:18:  Closed all recent apps <>.

2020-04-18 00:28:  Closed all recent apps <>.

2020-04-18 00:28:  Closed all recent apps <>.

2020-04-18 00:28:  Blocked attempt system reset <>.

2020-04-18 00:30:  Closed all recent apps <>.

2020-04-18 00:30:  Closed all recent apps <>.

2020-04-18 00:47:  Closed all recent apps <>.

2020-04-18 00:47:  Closed all recent apps <>.

66d7ff9357a19384: Injection(IsBank)
username: 77347765
password: 347780

2020-04-18 00:49:  Closed all recent apps <>.

2020-04-18 00:55:  Closed all recent apps <>.

2020-04-18 00:55:  Closed all recent apps <>.

2020-04-18 00:58:  Closed all recent apps <>.

2020-04-18 01:02:  Closed all recent apps <>.

2020-04-18 01:03:  ALERT Attempt to Enable Play Protect !

2020-04-18 01:03:  Closed all recent apps <>.

2020-04-18 01:04:  ALERT Attempt to Enable Play Protect !

2020-04-18 01:04:  Closed all recent apps <>.

2020-04-18 01:07:  Closed all recent apps <>.

2020-04-18 01:07:  Closed all recent apps <>.

2020-04-18 01:08:  Closed all recent apps <>.
