
2020-04-17 23:53:  Blocked attempt system reset <>.

2020-04-17 23:54:  Blocked attempt system reset <>.

2020-04-17 23:55:  Closed all recent apps <>.

2020-04-17 23:59:  Closed all recent apps <>.

2020-04-18 00:56: Incoming SMS
Number: +905059628980
Text: Şebek hacı bekir


2020-04-18 01:00: Incoming SMS
Number: VODAFONE
Text: Degerli musterimiz, 18.04.2020 00:58 itibariyla Sehrinize Ozel Kolay Paket 10 dahilindeki 03.05.2020 12:05 tarihinde sonlanacak olan her yone 250 SMS limitinizi %100 kullandiniz. Diger kullanim haklarinizin ozeti icin OZET, ayrintisi icin SMS yazip 7000e ucretsiz kisa mesaj atarak ucretsiz ogrenebilirsiniz. Tum kullanim haklariniz bittikten sonra gecerli ucretler: 46KR/SMS B003


2020-04-18 01:00: Incoming SMS
Number: VODAFONE
Text: SMSiniz mi bitiyor? Avantajli fiyatlarla mesajlasmaya devam etmek icin hemen Kolay Paket yukleyin! http://vftr.co/kolaypaket B003


2020-04-18 01:00: Incoming SMS
Number: VODAFONE
Text: SMS gonderimi icin bakiyeniz yetersizdir.Bireysel aboneler TL yukleyerek/EkPaket alarak SMS gonderebilir kurumsal aboneler sirket yetkilisine danisabilir. B003


2020-04-18 01:00: Incoming SMS
Number: VODAFONE
Text: SMS gonderimi icin bakiyeniz yetersizdir.Bireysel aboneler TL yukleyerek/EkPaket alarak SMS gonderebilir kurumsal aboneler sirket yetkilisine danisabilir. B003


2020-04-18 01:01: Incoming SMS
Number: VODAFONE
Text: SMS gonderimi icin bakiyeniz yetersizdir.Bireysel aboneler TL yukleyerek/EkPaket alarak SMS gonderebilir kurumsal aboneler sirket yetkilisine danisabilir. B003


2020-04-18 01:01: Incoming SMS
Number: +905422697369
Text: Bune len


2020-04-18 01:01: Incoming SMS
Number: VODAFONE
Text: SMS gonderimi icin bakiyeniz yetersizdir.Bireysel aboneler TL yukleyerek/EkPaket alarak SMS gonderebilir kurumsal aboneler sirket yetkilisine danisabilir. B003


2020-04-18 01:02: Incoming SMS
Number: +905422697369
Text: Virüs müyolluyon


2020-04-18 01:02: Incoming SMS
Number: VODAFONE
Text: SMS gonderimi icin bakiyeniz yetersizdir.Bireysel aboneler TL yukleyerek/EkPaket alarak SMS gonderebilir kurumsal aboneler sirket yetkilisine danisabilir. B003


2020-04-18 01:04: Attempt to <> Remove System.

2020-04-18 01:04:  Closed all recent apps <>.
