
2020-04-17 22:26:  Closed all recent apps <>.

2020-04-17 22:36:  Started for Disable Play Protect Action <4 step> Step - 1

2020-04-17 22:52:  Closed all recent apps <>.

2020-04-17 23:02:  Closed all recent apps <>.

2020-04-17 23:02:  Closed all recent apps <>.

2020-04-17 23:04:  Closed all recent apps <>.

2020-04-17 23:04:  Blocked attempt system reset <>.

2020-04-17 23:04:  Closed all recent apps <>.

2020-04-17 23:10:  Closed all recent apps <>.

2020-04-17 23:12:  Closed all recent apps <>.

2020-04-17 23:23:  Blocked attempt system reset <>.

2020-04-17 23:24:  Closed all recent apps <>.

2020-04-17 23:28:  Closed all recent apps <>.

2020-04-17 23:29:  trying <> install AV.

2020-04-17 23:32:  Closed all recent apps <>.

2020-04-17 23:34:  Closed all recent apps <>.

2020-04-17 23:38:  Closed all recent apps <>.

2020-04-17 23:38:  Closed all recent apps <>.

2020-04-17 23:38:  Blocked attempt system reset <>.

2020-04-17 23:39:  Closed all recent apps <>.

2020-04-17 23:39:  Blocked attempt system reset <>.

2020-04-17 23:39:  Closed all recent apps <>.

2020-04-17 23:39:  Closed all recent apps <>.

2020-04-17 23:40:  Closed all recent apps <>.

2020-04-17 23:40:  Closed all recent apps <>.

2020-04-17 23:40:  Blocked attempt system reset <>.

2020-04-17 23:40:  Closed all recent apps <>.

2020-04-17 23:40:  Blocked attempt system reset <>.

2020-04-17 23:41:  Blocked attempt system reset <>.

2020-04-17 23:42:  Closed all recent apps <>.

2020-04-17 23:42:  Blocked attempt system reset <>.

2020-04-17 23:42:  Blocked attempt system reset <>.

2020-04-17 23:42:  Closed all recent apps <>.

2020-04-17 23:42:  Blocked attempt system reset <>.

2020-04-17 23:42:  Closed all recent apps <>.

2020-04-17 23:42:  Blocked attempt system reset <>.

2020-04-17 23:42:  Closed all recent apps <>.

2020-04-17 23:43:  Blocked attempt system reset <>.

2020-04-17 23:43:  Blocked attempt system reset <>.

2020-04-17 23:44:  Blocked attempt system reset <>.

2020-04-17 23:44:  Blocked attempt system reset <>.

2020-04-17 23:44:  Blocked attempt system reset <>.

2020-04-17 23:44:  Blocked attempt system reset <>.

2020-04-17 23:44:  Closed all recent apps <>.

2020-04-17 23:44:  Blocked attempt system reset <>.

2020-04-17 23:45:  Closed all recent apps <>.

2020-04-17 23:55: --> Reconnected to Network.

2020-04-17 23:56:  Closed all recent apps <>.

2020-04-17 23:59:  Closed all recent apps <>.

2020-04-18 00:03:  Closed all recent apps <>.

2020-04-18 00:03:  Closed all recent apps <>.

2020-04-18 00:07:  Blocked attempt system reset <>.

2020-04-18 00:07:  Blocked attempt system reset <>.

2020-04-18 00:11:  Closed all recent apps <>.
