
2020-04-17 20:19:  Closed all recent apps <>.

2020-04-17 20:23:  Closed all recent apps <>.

2020-04-17 20:23:  Started for Disable Play Protect Action <4 step> Step - 1

2020-04-17 20:23: Hidden MSG Requested.

2020-04-17 20:23: Hidden MSG Requested.

2020-04-17 20:23: Hidden MSG Requested.

2020-04-17 20:24: Hidden MSG Requested.

2020-04-17 20:24: Hidden MSG Requested.

2020-04-17 20:24: Hidden MSG Requested.

2020-04-17 20:24:  Closed all recent apps <>.

2020-04-17 20:24:  Closed all recent apps <>.

2020-04-17 20:25: Hidden MSG Requested.

2020-04-17 20:25:  Closed all recent apps <>.

2020-04-17 20:25:  Started for Disable Play Protect Action <4 step> Step - 1

2020-04-17 20:25: Hidden MSG Requested.

2020-04-17 20:25: Hidden MSG Requested.

2020-04-17 20:25:  Started for Disable Play Protect Action <4 step> Step - 1

2020-04-17 20:25: Hidden MSG Requested.

2020-04-17 20:25:  Closed all recent apps <>.

2020-04-17 20:26:  Started for Disable Play Protect Action <4 step> Step - 1

2020-04-17 20:26:  Started for Disable Play Protect Action <4 step> Step - 1

2020-04-17 20:26:  Started for Disable Play Protect Action <4 step> Step - 1

2020-04-17 20:28: --> Reconnected to Network.

2020-04-17 21:37:  Closed all recent apps <>.

2020-04-17 21:38:  Closed all recent apps <>.

2020-04-17 21:45:  Closed all recent apps <>.

2020-04-17 21:51:  Closed all recent apps <>.

2020-04-17 21:53:  Closed all recent apps <>.

2020-04-17 21:55:  Closed all recent apps <>.

2020-04-17 21:59:  Closed all recent apps <>.

2020-04-17 22:11:  Closed all recent apps <>.

2020-04-17 22:13:  Closed all recent apps <>.

2020-04-17 22:46:  Closed all recent apps <>.

2020-04-17 22:54:  Closed all recent apps <>.

2020-04-17 22:55:  Closed all recent apps <>.

2020-04-17 22:58:  Closed all recent apps <>.

2020-04-17 22:58: Hidden MSG Requested.

2020-04-17 23:01:  Blocked attempt system reset <>.

2020-04-17 23:06:  Closed all recent apps <>.

2020-04-17 23:11:  Closed all recent apps <>.

2020-04-17 23:11:  Closed all recent apps <>.

2020-04-17 23:11:  Attempt to <> Remove System with installer.

2020-04-17 23:12:  trying <> install AV.

2020-04-17 23:12:  trying <> install AV.
