
2020-04-17 22:30:  Closed all recent apps <>.

2020-04-17 22:33:  trying <> install AV.

2020-04-17 22:34:  Closed all recent apps <>.

2020-04-17 22:34:  Disable Play Protect Action < Final Step > COMPLETED! 

2020-04-17 22:36:  Closed all recent apps <>.

2020-04-17 22:38:  Closed all recent apps <>.

2020-04-17 22:41: Hidden MSG Requested.

2020-04-17 22:41: Hidden MSG Requested.

2020-04-17 22:41: Hidden MSG Requested.

2020-04-17 22:41: Hidden MSG Requested.

2020-04-17 22:41: Hidden MSG Requested.

2020-04-17 22:44:  Closed all recent apps <>.

2020-04-17 22:45:  trying <> install AV.

2020-04-17 22:45:  Closed all recent apps <>.

2020-04-17 22:45:  Blocked attempt system reset <>.

2020-04-17 22:46:  Closed all recent apps <>.

2020-04-17 22:50:  Closed all recent apps <>.

2020-04-17 22:51:  Closed all recent apps <>.

2020-04-17 22:52:  Closed all recent apps <>.

2020-04-17 22:56: Attempt to <> Remove System.

2020-04-17 23:10:  Closed all recent apps <>.

2020-04-17 23:15:  Closed all recent apps <>.

2020-04-17 23:21:  Closed all recent apps <>.

2020-04-17 23:36:  Attempt to OPEN APPS MENU 
