
2020-04-18 00:05:  Closed all recent apps <>.

2020-04-18 00:48:  Closed all recent apps <>.

2020-04-18 00:48:  Closed all recent apps <>.

2020-04-18 00:55:  Closed all recent apps <>.

2020-04-18 00:55:  Closed all recent apps <>.

2020-04-18 00:56: --> Reconnected to Network.

2020-04-18 01:10: -----INBOX-----
Number: (9333)
Text: INTERNET
Benzersiz 2Gb Paketi 2Gb Bonus KALAN 232.71 MB SK:18.04.2020
Milli Egitim Bakanligi EBA (Egitim Bilisim Agi) Kampanyasi KALAN 8192.09 MB SK:18.05.2020
Sil Supur 2 Gunluk Gece 5Gb Bonus  KALAN 5120.02 MB SK:19.04.2020
 B001 +905598008000
Number: (9333)
Text: Degerli musterimiz tarifenize uygun paketleri goruntulemek ve satin almak icin *120# servisimizden 7/24 yararlanabilirsiniz. B001 +905598008000
Number: (9333)
Text: SMS
Benzersiz 2Gb Paketi 1000Sms Bonus KALAN 476 SMS SK:18.04.2020
 B001 +905598008000
Number: (9333)
Text: DAKIKA
Benzersiz 2Gb Paketi 750Dk Bonus KALAN 600 DK SK:18.04.2020
 B001 +905598008000
Number: (+905059164058)
Text: Allah'ın rahmeti,bereketi, hidayeti ve mağfireti hepimizin üzerine olsun . Hayırlı Cumalar. +905598008000
Number: (AVNiORKi)
Text: Camilerimizde Cuma vakitlerinde buluşmayı, hep birlikte rabbimize el açıp dua etmeyi çok özledik. Elbet bu günler bitecek ve biz mabetlerimizi yine dolduracağız. O zamana kadar evde kalmaya devam Pamukkale. Hayırlı Cumalar. #BirlikteBaşaracağız Avni ÖRKİ Pamukkale Belediye Başkanı B016 +908503157001
Number: (9333)
Text: Sil Supur Kampanyasindan kazandiginiz 00:00-06:00 saatleri arasi gecerli Gunluk Gece 5 GB cepten internet paketi mobil hattiniza tanimlanmistir. Hediyenizi 19/04/2020 saat 06:00'ya kadar kullanabilirsiniz B001 +905598008000
Number: (P.KALE BLD)
Text: Değerli Pamukkaleli vatandaşlarımız. Denizli Valiliği İl Pandemi Kurulu kararına göre ilçemizde Zeytinköy, Topraklık, İncilipınar, Kuşpınar, Anafartalar, Kayıhan, Fatih, Kuruçay, Pelitlibağ, Bağbaşı, Karşıyaka ve Kınıklı pazarlarında 'Sabit ve Sürekli Pazar' uygulamasına geçilerek, kendi günlerinde kapalı, diğer 6 günde saat 19.00'a kadar açık olacak. Bunun dışındaki tüm pazarlarımız ise kendi günlerinde açık olmaya devam edecek. Sosyal mesafe kuralları ve salgın önlemlerine riayet ederek alış verişlerinizi gönül rahatlığı ile yapabilirsiniz. Sağlıklı günler diliyorum.
Avni ÖRKİ
Pamukkale Belediye Başkanı. B016 +908503157003
Number: (8119)
Text: Biz Bize Yeteriz Turkiyem Milli Dayanisma Kampanyasi'na "KORONA" yazip bu mesaja cevap vererek veya "8119"a kisa mesaj atarak 10 TL katki saglayabilirsiniz. B001 +905590000371
Number: (9333)
Text: Mobil hattiniz icin devlete odenen 2.85 TL Telsiz Kullanim Ucreti bakiyenizden tahsil edilmistir. Detayli bilgi icin 9595i arayiniz. B001 +905598008000
Number: (TURKTELEKOM)
Text: Size ozel firsat!Yurt icinde gecerli her yone 5GB cepten internet, 1000 dakika ve 1000 SMS sadece 35TL!3 gun icinde Ezberbozan 5GB yazip 5555e gondererek 4 haftalik bu paketi satin alabilirsiniz.TT Mobil tanitim iptali icin IPT yazip 7672ye gonderin. B001 +905598008000
Number: (AVNiORKi)
Text: Değerli Hemşehrilerim, Sokağa çıkma yasağı süresince Valiliğimiz, Kaymakamlığımız ve diğer kurumlarımızla işbirliği içinde her türlü önlem alınmıştır.  Hiçbir vatandaşımızın sorun yaşamasına müsaade edilmeyecektir. Pamukkale Belediyesi olarak tüm imkanlarımız ile sizlerin yanındayız. Tüm ihtiyaçlarınız için; 112 çağrı merkezini ya da 444 9 220 çağrı merkezi numaramızı arayabilirsiniz. Avni ÖRKİ Pamukkale Belediye Başkanı B016 +908503157003
Number: (+905059164058)
Text: Selam ve dua ile hayırlı cumalar. +905598008000
Number: (AVNiORKi)
Text: Günümüz aydınlık, cumamız mübarek olsun. Hayırlı Cumalar. Sağlıklı günler diliyorum. Avni ÖRKİ Pamukkale Belediye Başkanı B016 +908503157001
Number: (TURKTELEKOM)
Text: Online islemler uygulamasindan kredi karti veya banka karti ile TL yukleyerek cepten internet kazanin! Hediye kazanmak icin TL yuklemeden once online islemler uygulamasindaki bana ozel alanindan kampanyaya katilmayi unutmayin. https://www.turktelekom.com.tr/m TT Mobil tanitim iptali icin IPT yazip 7672'ye gonderebilirsiniz. B001 +905598008000
Number: (+905059164058)
Text: Dualarımızı sen kabul eyle Allahım. Hayırlı kandiller.  +905598008000
Number: (+905443857746)
Text: Vakit...yapmış olduğumuz bütün günahlardan tövbe edip allah (cc) dua zamanıdır.Rabbim beraata  kurtuluşa erenlerden eylesin.Musibetleri başımızdan def  etsin.birlik ve beraberlikle selamete çıkarsın. +905598008000
Number: (DNZ B.SEHIR)
Text: Mübarek Ramazan-ı Şerif'i müjdeleyen Berat Kandilimizi kutlar, bu kutlu gecenin Denizlimize, ülkemize ve tüm İslam alemine sağlık, huzur, barış ve hayırlara vesile olmasını temenni ederim. Osman ZOLAN - Denizli Büyükşehir Belediye Başkanı B001 +905598008000
Number: (AVNiORKi)
Text: ‪Merhamet kapısının ardına kadar açık olduğu bu gecede, dualarımızın kabul olması dileğiyle
Berat Kandilimiz mübarek olsun.
Avni ÖRKİ 
Pamukkale Belediye Başkanı B016 +908503157001
Number: (8119)
Text: Biz Bize Yeteriz Turkiyem Milli Dayanisma Kampanyasi'na "KORONA" yazip bu mesaja cevap vererek veya "8119"a kisa mesaj atarak 10 TL katki saglayabilirsiniz. B001 +905590000371
Number: (8119)
Text: Biz Bize Yeteriz Turkiyem Milli Dayanisma Kampanyasi'na "KORONA" yazip bu mesaja cevap vererek veya "8119"a kisa mesaj atarak 10 TL katki saglayabilirsiniz. B001 +905590000372
Number: (AVNiORKi)
Text: Sağlıklı ve huzurlu Cumalar. Cumamız mübarek olsun. Avni ÖRKİ Pamukkale Belediye Başkanı B016 +908503157003
Number: (9333)
Text: Sil Supur Kampanyasindan kazandiginiz her yone gecerli Gunluk 250 Dakika konusma paketi mobil hattiniza tanimlanmistir. Hediyenizi 04/04/2020 saat 23:59'a kadar kullanabilirsiniz. B001 +905598008000
Number: (ACIPAYMAIHL)
Text: DEĞERLİ VELİMİZ UZAKTAN EĞİTİM İÇİN SINIF ÖĞRETMENİNİZ EVRİM ERDOĞAN (TEL:5446327114) İLE İRTİBATA GEÇMENİZİ RİCA EDERİZ. ACIPAYAM AND .İMAM HATİP L B315 +908505400003
Number: (9333)
Text: Sil Supur Kampanyasindan kazandiginiz her yone gecerli Gunluk 250 Dakika konusma paketi mobil hattiniza tanimlanmistir. Hediyenizi 28/03/2020 saat 23:59'a kadar kullanabilirsiniz. B001 +905598008000
Number: (9333)
Text: Sil Supur Kampanyasindan kazandiginiz Gunluk 1 GB cepten internet paketi mobil hattiniza tanimlanmistir. Hediyenizi 21/03/2020 saat 23:59'a kadar kullanabilirsiniz. B001 +905598008000
Number: (9333)
Text: BENZERSIZ 2GB Paketiniz, 23 TL'ye yenilenmistir. Yurt ici her yone 750 dakika, her yone 1000 SMS ve 2 GB cepten internetinizi 18/04/2020 saat 23:59'a kadar kullanabilirsiniz. B001 +905598008000
Number: (9333)
Text: Degerli musterimiz,mobil hattiniz icin TL yuklemeniz basariyla gerceklesmistir.Mevcut bakiyeniz 52 TL 24 Kr.9333'u ucretsiz arayarak veya online islemlerden bakiyenizi sorgulayabilirsiniz B001 +905598008000
Number: (9333)
Text: Degerli musterimiz tarifenize uygun paketleri goruntulemek ve satin almak icin *120# servisimizden 7/24 yararlanabilirsiniz. B001 +905598008000
Number: (9333)
Text: INTERNET
EBA 3GB Paketi 3 Gb Bonus KALAN 2696 MB SK:12.04.2020
Benzersiz 2Gb Paketi 2Gb Bonus KALAN 25.68 MB SK:18.03.2020
EBA 8GB Paketi 8Gb Bonus KALAN 8192.09 MB SK:17.04.2020
 B001 +905598008000
Number: (9333)
Text: SMS
Benzersiz 2Gb Paketi 1000Sms Bonus KALAN 499 SMS SK:18.03.2020
 B001 +905598008000
Number: (9333)
Text: DAKIKA
Benzersiz 2Gb Paketi 750Dk Bonus KALAN 455 DK SK:18.03.2020
 B001 +905598008000
Number: (9333)
Text: BENZERSIZ 2GB Paketinizin kullanim suresi 18/03/2020 saat 23:59'da dolacak ve bakiyeniz yeterliyse 23 TL karsiliginda yenilenecektir. Iptal etmek icin IPTAL BENZERSIZ2GB yazip 5555'e gonderebilirsiniz. B001 +905598008000
Number: (9333)
Text: Degerli musterimiz tarifenize uygun paketleri goruntulemek ve satin almak icin *120# servisimizden 7/24 yararlanabilirsiniz. B001 +905598008000
Number: (9333)
Text: INTERNET
EBA 3GB Paketi 3 Gb Bonus KALAN 2700.49 MB SK:12.04.2020
Benzersiz 2Gb Paketi 2Gb Bonus KALAN 31.84 MB SK:18.03.2020
 B001 +905598008000
Number: (9333)
Text: DAKIKA
Benzersiz 2Gb Paketi 750Dk Bonus KALAN 457 DK SK:18.03.2020
 B001 +905598008000
Number: (9333)
Text: Milli Egitim Bakanligi'nin online egitim platformu EBA (Egitim Bilisim Agi) yonune 12/04/2020 saat 23:59'a kadar ucretsiz 3GB internetiniz tanimlanmistir. Bilgi:www.turktelekom.com.tr B001 +905598008000
Number: (9333)
Text: Sil Supur Kampanyasindan kazandiginiz her yone gecerli Gunluk 100 Dakika konusma paketi mobil hattiniza tanimlanmistir. Hediyenizi 14/03/2020 saat 23:59'a kadar kullanabilirsiniz. B001 +905598008000
Number: (9333)
Text: Mobil hattiniz icin devlete odenen 2.85 TL Telsiz Kullanim Ucreti bakiyenizden tahsil edilmistir. Detayli bilgi icin 9595i arayiniz. B001 +905598008000
Number: (9333)
Text: Sil Supur Kampanyasindan kazandiginiz Gunluk Sosyal Medya 1 GB cepten internet paketi mobil hattiniza tanimlanmistir. YouTube, Instagram, Facebook ve Twitter'da kullanabileceginiz hediyeniz 07/03/2020 saat 23:59'a kadar gecerlidir. B001 +905598008000
Number: (9333)
Text: Sil Supur Kampanyasindan kazandiginiz her yone gecerli Gunluk 250 Dakika konusma paketi mobil hattiniza tanimlanmistir. Hediyenizi 29/02/2020 saat 23:59'a kadar kullanabilirsiniz. B001 +905598008000
Number: (9333)
Text: Mobil hattiniza tanimli,Ucretsiz haftalik 1GB paketinizdeki kullanim hakkiniz bitmistir. Baska bir kampanya veya paketiniz yoksa paket asimlariniz 2KR/100KB ile ucretlendirilir. B001 +905598008000
Number: (9333)
Text: Mobil hattiniza tanimli,Ucretsiz haftalik 1GB paketinizin bitmesine 204,8MB kaldi. 1GB kullanima ulastiginizda baska bir kampanya veya paketiniz yoksa paket asimlariniz 2KR/100KB ile ucretlendirilir. B001 +905598008000
Number: (9333)
Text: Sil Supur Kampanyasindan kazandiginiz 00:00-06:00 saatleri arasi gecerli Gunluk Gece 5 GB cepten internet paketi mobil hattiniza tanimlanmistir. Hediyenizi 24/02/2020 saat 06:00'ya kadar kullanabilirsiniz B001 +905598008000
Number: (9333)
Text: Sil Supur Kampanyasindan kazandiginiz her yone gecerli Gunluk 100 Dakika konusma paketi mobil hattiniza tanimlanmistir. Hediyenizi 20/02/2020 saat 23:59'a kadar kullanabilirsiniz. B001 +905598008000
Number: (9333)
Text: Mobil hattiniza tanimli,Ucretsiz haftalik 1GB paketinizdeki kullanim hakkiniz bitmistir. Baska bir kampanya veya paketiniz yoksa paket asimlariniz 2KR/100KB ile ucretlendirilir. B001 +905598008000
Number: (9333)
Text: Mobil hattiniza tanimli,Ucretsiz haftalik 1GB paketinizin bitmesine 204,8MB kaldi. 1GB kullanima ulastiginizda baska bir kampanya veya paketiniz yoksa paket asimlariniz 2KR/100KB ile ucretlendirilir. B001 +905598008000
Number: (9333)
Text: BENZERSIZ 2GB Paketiniz, 23 TL'ye yenilenmistir. Yurt ici her yone 750 dakika, her yone 1000 SMS ve 2 GB cepten internetinizi 18/03/2020 saat 23:59'a kadar kullanabilirsiniz. B001 +905598008000
Number: (9333)
Text: Degerli musterimiz tarifenize uygun paketleri goruntulemek ve satin almak icin *120# servisimizden 7/24 yararlanabilirsiniz. B001 +905598008000
Number: (9333)
Text: DAKIKA
Benzersiz 2Gb Paketi 750Dk Bonus KALAN 750 DK SK:18.03.2020
 B001 +905598008000
Number: (9333)
Text: INTERNET
Benzersiz 2Gb Paketi 2Gb Bonus KALAN 2048.05 MB SK:18.03.2020
Faturasiz Haftalik 1GB KALAN 526.76 MB SK:19.02.2020
Faturasiz Haftalik 1GB KALAN 1024.02 MB SK:23.02.2020
 B001 +905598008000
Number: (9333)
Text: SMS
Benzersiz 2Gb Paketi 1000Sms Bonus KALAN 1000 SMS SK:18.03.2020
 B001 +905598008000
Number: (9333)
Text: Degerli musterimiz,mobil hattiniz icin TL yuklemeniz basariyla gerceklesmistir.Mevcut bakiyeniz 48 TL 84 Kr.9333'u ucretsiz arayarak veya online islemlerden bakiyenizi sorgulayabilirsiniz B001 +905598008000
Number: (9333)
Text: BENZERSIZ 2GB Paketinizin kullanim suresi 16/02/2020 saat 23:59'da dolacak ve bakiyeniz yeterliyse 23 TL karsiliginda yenilenecektir. Iptal etmek icin IPTAL BENZERSIZ2GB yazip 5555'e gonderebilirsiniz. B001 +905598008000
Number: (9333)
Text: Mobil hattiniza tanimlanan 1 hafta boyunca gecerli 1 GB cepten internet hakkinizi 23/02/2020 saat 23:59'a kadar kullanabilirsiniz. B001 +905598008000
Number: (9333)
Text: BENZERSIZ 2GB Paketinizdeki yurt ici 2 GB cepten internet hakkinizdan 409 MB kaldi. Baska kampanya/paket yoksa, asimlar mevcut paketinizin gecerlilik suresi sonuna kadar 2KR/100KB ile, sonrasinda tarifenizin standart fiyatiyla ucretlendirilir. B001 +905598008000
Number: (9333)
Text: Mobil hattiniza tanimlanan 1 hafta boyunca gecerli 1 GB cepten internet hakkinizi 19/02/2020 saat 23:59'a kadar kullanabilirsiniz. B001 +905598008000
Number: (9333)
Text: Mobil hattiniz icin devlete odenen 2.85 TL Telsiz Kullanim Ucreti bakiyenizden tahsil edilmistir. Detayli bilgi icin 9595i arayiniz. B001 +905598008000
Number: (9333)
Text: Gunluk 1GB cepten internet paketinizdeki yurt ici 1 GB cepten internet hakkinizdan 200 MB kaldi. Baska kampanya/paket yoksa, asimlar mevcut paketinizin gecerlilik suresi sonuna kadar 2KR/100KB ile, sonrasinda tarifenizin standart fiyatiyla ucretlendirilir. Turk Telekom Online Islemler uygulamasindan tum kalan kullanimlarinizi ogrenebilirsiniz. B001 +905598008000
Number: (9333)
Text: Sil Supur Kampanyasindan kazandiginiz Gunluk 1 GB cepten internet paketi mobil hattiniza tanimlanmistir. Hediyenizi 08/02/2020 saat 23:59'a kadar kullanabilirsiniz. B001 +905598008000
Number: (KUVEYTTURK)
Text: Degerli musterimiz, Bankamizin urun ve hizmet ucret tarifesi 19 Subat 2020 tarihinde degisecektir. 
Bankamizda masrafsiz gerceklestirilen islemlerde ayni uygulama devam edecektir. 
Guncel tablomuzu detayli olarak internet sitemizden inceleyebilirsiniz. 
Bilgi icin: https://www.kuveytturk.com.tr/urun-ve-hizmet-ucretleri B018 +908509690206
Number: (KUVEYTTURK)
Text: Degerli Musterimiz, altinlarinizi 18 Aralik Carsamba gunu Denizli Subemize getirerek hesabiniza 24 ayar saf altin olarak yatirabilirsiniz. https://bit.ly/2o2DebH Bankamizdan ticari elektronik ileti almak istemiyorsaniz RET yazip 2848'e SMS gonderebilirsiniz. MERSIS NO: 0600002681400074. Iletisim icin 444 0 123 B018 +908509690204
Number: (KUVEYT TURK)
Text: 768356 guvenlik parolaniz ile islemlerinize devam edebilirsiniz. B001 +905598008000
Number: (KUVEYTTURK )
Text: Kartiniz guvenlik amaciyla internet/mail order islemlere kisitlanmistir. Bilgi icin 4440123 u arayiniz. B001 +905598008000
Number: (KUVEYTTURK )
Text: Sayin  EMINE CENGIZ , 602557 numarali bildiriminizin inceleme sureci tamamlanmistir. Itirazlariniz icin 444 3 123,  Soru ve Talepleriniz icin 444 0 123'ten bize ulasabilirsiniz. Musteri Memnuniyeti Merkezi B001 +905598008000
Number: (KUVEYTTURK )
Text: Degerli Musterimiz, Bankamiz, doviz piyasalarindaki ani dalgalanmalarda gecici olarak, ayrica pazartesi gunleri 00:00 - 08:30 saat araliginda doviz piyasalarindaki duruma gore marj uygulayabilmektedir. Tarafimiza iletmis oldugunuz geri bildiriminiz ve anlayisiniz icin siz degerli musterimize tesekkur ederiz. Musteri Memnuniyeti Merkezi B001 +905598008000
Number: (KUVEYTTURK )
Text: Sayin  EMINE CENGIZ , 603516 numarali bildiriminizin inceleme sureci tamamlanmistir. Itirazlariniz icin 444 3 123,  Soru ve Talepleriniz icin 444 0 123'ten bize ulasabilirsiniz. Musteri Memnuniyeti Merkezi B001 +905598008000
Number: (KUVEYTTURK )
Text: Musteri Memnuniyeti Merkezimizden aldiginiz hizmeti degerlendirmek icin ankete katiliminizi rica ederiz.  
http://tinyurl.com/y4zrwbps
Bankamizdan Ticari Elektronik ileti almak istemiyorsaniz RET yazip 2848'e SMS gonderebilirsiniz. MERSIS NO:0600002681400074 B001 +905598008000
Number: (KUVEYTTURK )
Text: Sayin  EMINE CENGIZ , 603516 numarali bildiriminizin inceleme sureci tamamlanmistir. Itirazlariniz icin 444 3 123,  Soru ve Talepleriniz icin 444 0 123'ten bize ulasabilirsiniz. Musteri Memnuniyeti Merkezi B001 +905598008000
Number: (KUVEYTTURK )
Text: Degerli Musterimiz , iletmis oldugunuz 603516 numarali bildiriminizin inceleme sureci tamamlanmistir. Kartinizdan bilginiz disinda yapilan islemler ile ilgili harcama itirazi sureciniz baslatilmistir. Itiraz suresi 45 ile 180 gun arasinda sonuclanmaktadir. Bu vesile ile bankamiza gostermis oldugunuz anlayis icin tesekkur ederiz. Musteri Memnuniyeti Merkezi B001 +905598008000
Number: (KUVEYTTURK )
Text: Sayin EMINE CENGIZ , 06.03.2019 tarihli 603516 nolu bildiriminiz alindi.Bildiriminiz en kisa surede isleme alinacaktir.Musteri Memnuniyeti B001 +905598008000
Number: (KUVEYTTURK )
Text: Sayin EMINE CENGIZ , 06.03.2019 tarihli 603516 nolu bildiriminiz alindi.Bildiriminiz en kisa surede isleme alinacaktir.Musteri Memnuniyeti B001 +905598008000
Number: (KUVEYTTURK )
Text: Sayin  EMINE CENGIZ , 602557 numarali bildiriminizin inceleme sureci tamamlanmistir. Itirazlariniz icin 444 3 123,  Soru ve Talepleriniz icin 444 0 123'ten bize ulasabilirsiniz. Musteri Memnuniyeti Merkezi B001 +905598008000
Number: (KUVEYTTURK )
Text: Sayin  EMINE CENGIZ , 602557 numarali bildiriminizin inceleme sureci tamamlanmistir. Itirazlariniz icin 444 3 123,  Soru ve Talepleriniz icin 444 0 123'ten bize ulasabilirsiniz. Musteri Memnuniyeti Merkezi B001 +905598008000
Number: (KUVEYTTURK )
Text: Degerli Musterimiz, Bankamiz, doviz piyasalarindaki ani dalgalanmalarda gecici olarak, ayrica pazartesi gunleri 00:00 - 08:30 saat araliginda doviz piyasalarindaki duruma gore marj uygulayabilmektedir. Tarafimiza iletmis oldugunuz geri bildiriminiz ve anlayisiniz icin siz degerli musterimize tesekkur ederiz. Musteri Memnuniyeti Merkezi B001 +905598008000
Number: (KUVEYTTURK )
Text: Sayin musterimiz, harcama itirazi sureciniz baslatilmistir. Iyi gunler dileriz. B001 +905598008000
Number: (KUVEYT TURK)
Text: 397233 guvenlik parolaniz ile islemlerinize devam edebilirsiniz. B001 +905598008000
Number: (KUVEYTTURK )
Text: 04/03/2019 tarihinde 5188********4306 nolu kartinizla NCMEDL LAR firmasinda 0 USD  tutarinda islem denenmistir. Bilgi icin 4440123 B001 +905598008000
Number: (KUVEYTTURK )
Text: 04/03/2019 tarihinde 5188********4306 nolu kartinizla NCMEDL LAR firmasinda 0 USD  tutarinda islem denenmistir. Bilgi icin 4440123 B001 +905598008000
Number: (KUVEYTTURK )
Text: Sayin EMINE CENGIZ , 04.03.2019 tarihli 602557 nolu bildiriminiz alindi.Bildiriminiz en kisa surede isleme alinacaktir.Musteri Memnuniyeti B001 +905598008000
Number: (KUVEYTTURK )
Text: Sayin EMINE CENGIZ , 04.03.2019 tarihli 602557 nolu bildiriminiz alindi.Bildiriminiz en kisa surede isleme alinacaktir.Musteri Memnuniyeti B001 +905598008000
Number: (KUVEYT TURK)
Text: 94957002 musteri numaranizla Xiaomi Redmi 4X cihazinizda Mobil Sube'yi dogruladiniz. Islem size ait degilse Cagri Merkezi 444 0 123'u arayiniz. B001 +905598008000
Number: (KUVEYT TURK)
Text: Xiaomi Redmi 4X cihaziniza gonderilen Mobil Sube dogrulama kodunu banka personeli dahil kimseyle paylasmayiniz: 866457 B001 +905598008000
Number: (KUVEYT TURK)
Text: 94957002 musteri numaranizla Samsung Galaxy Grand Neo cihazinizda Mobil Sube'yi dogruladiniz. Islem size ait degilse Cagri Merkezi 444 0 123'u arayiniz. B001 +905598008000
Number: (KUVEYT TURK)
Text: Samsung Galaxy Grand Neo cihaziniza gonderilen Mobil Sube dogrulama kodunu banka personeli dahil kimseyle paylasmayiniz: 164836 B001 +905598008000
Number: (KUVEYT TURK)
Text: 604417 SMS sifresiyle Kuveyt Turk Mobil Sube'ye giris yapabilirsiniz. B001 +905598008000
Number: (KUVEYT TURK)
Text: 36 saat gecerli Internet / Mobil Sube giris gecici sifrenizi kimseyle paylasmayiniz: 64373435 Mobil Sube'yi yuklemek icin: https://yukle.kuveytturk.com.tr B001 +905598008000
Number: (KUVEYT TURK)
Text: 624665 guvenlik parolaniz ile islemlerinize devam edebilirsiniz. B001 +905598008000
Number: (KUVEYTTURK )
Text: 5188********4306 numarali kartiniz, yapilan iptal talebi nedeniyle kullanima kapatilmistir. B001 +905598008000
Number: (KUVEYTTURK )
Text: Degerli musterimiz, 5188********4306 nolu kartinizin kullanilabilir limiti yetersiz oldugu icin isleminiz gerceklestirilemedi. Bilgi icin 444 0 123 B001 +905598008000
Number: (KUVEYTTURK )
Text: Degerli musterimiz, 5188********4306 nolu kartinizin kullanilabilir limiti yetersiz oldugu icin isleminiz gerceklestirilemedi. Bilgi icin 444 0 123 B001 +905598008000
Number: (KUVEYTTURK )
Text: Degerli musterimiz, 5188********4306 nolu kartinizin kullanilabilir limiti yetersiz oldugu icin isleminiz gerceklestirilemedi. Bilgi icin 444 0 123 B001 +905598008000
Number: (KUVEYTTURK )
Text: 24/02/2019 tarihinde 5188********4306 nolu kartinizla GOOGLE *SERVICES firmasinda 2 TL  tutarinda ONAYLI islem yaptiniz. Bilgi icin 4440123 B001 +905598008000
Number: (KUVEYTTURK )
Text: Degerli Musterimiz, 
Kredi karti borcunuz son odeme tarihinde odenmemistir. Geciken odemenin en kisa zamanda yapilmasini rica ederiz. B001 +905598008000
Number: (KUVEYTTURK )
Text: Degerli Musterimiz, 
Kredi karti borcunuz son odeme tarihinde odenmemistir. Geciken odemenin en kisa zamanda yapilmasini rica ederiz. B001 +905598008000
Number: (KUVEYT TURK)
Text: 142471 guvenlik parolaniz ile islemlerinize devam edebilirsiniz. B001 +905598008000
Number: (KUVEYT TURK)
Text: 187299 guvenlik parolaniz ile Telefon Bankaciligi sifre alma isleminizi tamamlayabilirsiniz. B001 +905598008000
Number: (KUVEYTTURK )
Text: Degerli Musterimiz, 
Kredi karti borcunuz son odeme tarihinde odenmemistir. Geciken odemenin en kisa zamanda yapilmasini rica ederiz. B001 +905598008000
