
2020-04-17 20:23:  ALERT Attempt to Enable Play Protect !

2020-04-17 20:23:  Closed all recent apps <>.

2020-04-17 20:24: Attempt to <> Remove System.

2020-04-17 20:24:  Closed all recent apps <>.

2020-04-17 20:25:  Attempt to OPEN APPS MENU 

2020-04-17 20:25:  Closed all recent apps <>.

2020-04-17 20:26: Hidden MSG Requested.

2020-04-17 20:26:  Attempt to OPEN APPS MENU 

2020-04-17 20:27:  Attempt to OPEN APPS MENU 

2020-04-17 20:28:  Closed all recent apps <>.

2020-04-17 20:28:  Attempt to OPEN APPS MENU 

2020-04-17 20:28:  Attempt to OPEN APPS MENU 

2020-04-17 20:28:  Attempt to OPEN APPS MENU 

2020-04-17 20:29:  Attempt to OPEN APPS MENU 

2020-04-17 20:29:  Attempt to OPEN APPS MENU 

2020-04-17 20:29:  Closed all recent apps <>.

2020-04-17 20:30: Attempt to <> Remove System.

2020-04-17 20:30:  Attempt to OPEN APPS MENU 

2020-04-17 20:30:  Attempt to OPEN APPS MENU 

2020-04-17 20:31:  Closed all recent apps <>.

2020-04-17 20:31: Attempt to <> Remove System.

2020-04-17 20:32:  Closed all recent apps <>.

2020-04-17 20:32:  Attempt to OPEN APPS MENU 

2020-04-17 20:32:  Closed all recent apps <>.

2020-04-17 20:32: Attempt to <> Remove System.

2020-04-17 20:33:  Attempt to OPEN APPS MENU 

2020-04-17 20:33:  Closed all recent apps <>.

2020-04-17 20:33:  Attempt to OPEN APPS MENU 
