
2020-04-17 22:27:  Closed all recent apps <>.

2020-04-17 22:41:  Closed all recent apps <>.

2020-04-17 22:54: Hidden MSG Requested.

2020-04-18 00:57: Incoming SMS
Number: +905438249802
Text: Birazdan oynalayım knka oyun 


2020-04-18 01:07:  Closed all recent apps <>.

2020-04-17 23:20:  Attempt to OPEN APPS MENU 

2020-04-17 23:20:  Closed all recent apps <>.

2020-04-17 23:20:  Closed all recent apps <>.

2020-04-17 23:21: -----SENT-----
Number: (05468860908)
Text: Müsait olunca arar mısın  null

2020-04-17 23:21: -----INBOX-----
Number: (VODAFONE)
Text: Paketinizde ne kadar dakika, SMS, internet kaldigini ogrenmenin kolayi Vodafone'da. Hemen http://vftr.co/kalankullanimlarim adresini ziyaret ederek bakiyenizi ogrenebilirsiniz. Kisisel Verilerin Korunmasi Kanunu hakkindaki gizlilik politikamiza da http://vftr.co/gp 'den ulasabilirsiniz B003 +905429800033
Number: (AKBANK)
Text: Neo ve Akbank Kart ile 75TL internet alışverişine 10TL chip para kazanmak için NISAN yaz 4566ya gönder. Bilgi: www.akbank.com/Neo-Internet-Alisverisi Ucretsiz sms almak istemiyorsaniz 'smsistemiyorum' yazip 8885'e gonderebilirsiniz. Mersis: 0015001526400497 B016 +908503157003
Number: (VODAFONE)
Text: Degerli musterimiz, Buyuk Secim 4 GB paketine katilim talebinizi aldik. Gelecek onay mesajinin ardindan paketinizi kullanmaya baslayabilirsiniz. http://vftr.co/yanimda adresini ziyaret edebilirsiniz. +905429800033
Number: (VODAFONE)
Text: Degerli musterimiz,  Buyuk Secim 4 GB paketiniz ile 22.04.2020 20:08 tarihine kadar  4 GB Internet Kullanimi hesabiniza yuklenmistir. Kalan tum kullanim haklarinizi sorgulamak icin OZET yazip 7000e ucretsiz SMS gonderebilirsiniz.  Detayli bilgi icin  http://vftr.co/yanimda 'yi ziyaret edebilirsiniz. +905429800033
Number: (AKBANK)
Text: Neo ve Akbank Kart ile 75TL internet alışverişine 10TL chip para kazanmak için NISAN yaz 4566ya gönder. Bilgi: www.akbank.com/Neo-Internet-Alisverisi Ucretsiz sms almak istemiyorsaniz 'smsistemiyorum' yazip 8885'e gonderebilirsiniz. Mersis: 0015001526400497 B016 +908503157003
Number: (VODAFONE)
Text: Tebrikler! Evde haz hic bitmesin diye Magnum dan kazandigin gunluk 250 MB internet paketi hattina yuklendi.Paketin 19.04.2020 19:29:20 tarihinde bitecektir. B003 +905429800033
Number: (VODAFONE)
Text: Degerli abonemiz, avantajli fiyattan interneti kullanmaya devam edebilmeniz icin, 250 MB internet hakkiniz 5 TL karsiliginda devreye girmistir. 250 MB hakkiniz 24.04.2020 04:59 tarihine kadar gecerlidir. 250 MB'iniz bitene kadar tekrar ucretlendirilmeyeceksiniz. Detayli bilgi icin: http://vftr.co/cebinizeuyaninternet B003 +905429800033
Number: (VODAFONE)
Text: Faturasiz Esnek 12 Tarifesinde gecerli  ucret detaylari; Vodafonelularla: 61.34 Kr/Dk, Diger yonlere: 61.34 Kr/Dk, SMS:44 Kr/Adet, MMS: 90 Kr/adet, Internet: 2 KR/100KBdir. Bu ucretlendirmeler, tarife veya paketinizin icerigi olarak tanimlanmis kullanim haklariniz haricinde gecerlidir. Detaylar: vodafone.com.tr B003 +905429800033
Number: (VODAFONE)
Text: Degerli musterimiz, 2020 yilinin 4. ayina ait 2,84 TL tutarindaki zorunlu Telsiz Kullanim Ucreti'nin tamami hesabinizdan tahsil edilmistir. Tum mobil hat kullanicilarinin Elektronik Haberlesme Kanunu uyarinca Telsiz Kullanim Ucreti'ni devlete odemekle yukumlu oldugunu hatirlatiriz. Daha fazla bilgi icin http://vftr.co/ftkullanim B003 +905429800033
Number: (4440542)
Text: Degerli musterimiz, hesabiniza 50 TL yuklenmistir.Iyi gunlerde kullanin. 20.04.2020 19:28 tarihine kadar 5;10;15 TL alt limitinde ikinci yukleme yapabilmek icin http://vftr.co/liratopup i ziyaret edebilirsiniz. B003 +905429800033
Number: (AKBANK     )
Text: Axess kartinizla limitinizi arttirmak cok kolay! LIMIT, kredi karti numaranizin son 4 hanesi, aylik net gelirinizi ve talep ettiginiz limiti aralarinda birer bosluk birakarak 4566'ya gonderin, degerlendirme sonucunuz SMS ile gelsin. (ORNEK SMS: LIMIT 1234 1300 3000) Detayli bilgi: 444 25 25 Ucretsiz sms almak istemiyorsaniz 'smsistemiyorum' yazip 8885'e gonderebilirsiniz. Mersis:0015001526400497 B001 +905598008000
Number: (AKBANK     )
Text: Sagligin icin e-ekstre'ye gecmenin tam zamani! Ustelik 10 TL chip-para seni bekliyor! Ekstrelerini 1 Mayis'tan itibaren sadece e-mail ile almak ve ilk 1 TL ve uzeri harcamana 10 TL Chip-para kazanmak icin EKSTRE yazip 4566'ya gonderebilir veya Axess Mobil kampanya sayfasindaki HEMEN KATIL butonuna tiklayabilirsin. Son gun: 30 Nisan Detayli bilgi: www.axess.com.tr/48b0 Axess Mobil'i henuz indirmediysen hemen tikla: www.axess.com.tr/d032 Ucretsiz  SMS'lerimizi almak istemiyorsaniz 'smsistemiyorum' yazip 8885'e gonderebilirsiniz. Mersis:0015001526400497 B001 +905598008000
Number: (FLO)
Text: Etiketin Yarısı Bedava! Efsane İndirimde Son Gün, Acele Et! https://bit.ly/34EEWWO SMS ret için FLO yaz 3525'e gönder. MERSIS:0388023942900019 B018 +908509690207
Number: (AkbankKart )
Text: CarrefourSA alisverislerinize Neo ve Akbank Kart ile 30 TL'ye varan Chip-para hediye! Her 200 TL ve uzeri CarrefourSA alisverisinize 15 TL, toplamda 30 TL Chip-para kazanmak icin BAHAR yazip 4566'ya gonderin veya Axess Mobil kampanya sayfasindaki HEMEN KATIL butonuna tiklayarak kayit olun. Son gun: 30 Nisan Detayli bilgi: www.akbank.com/nisan-carrefoursa  Axess Mobil'i henuz indirmediyseniz tiklayin: www.akbank.com/AxessMobil Ucretsiz  SMS'lerimizi almak istemiyorsaniz 'smsistemiyorum' yazip 8885'e gonderebilirsiniz.Mersis:0015001526400497 B001 +905598008000
Number: (+905413611315)
Text: Sonra yargı +905429800033
Number: (+905413611315)
Text: Duş alıp geliyom +905429800033
Number: (+905413611315)
Text: Aslan parçassı +905429800033
Number: (VODAFONE)
Text: Internetin mi bitti? Tarifendeki interneti uygun fiyatla hemen doldurmak icin tikla: http://vftr.co/dolint B003 +905429800033
Number: (VODAFONE)
Text: Degerli musterimiz, 15.04.2020 18:47 itibariyle Faturasiz Esnek 12 tarifesi dahilindeki 22.04.2020 20:08 tarihinde sonlanacak olan her saat gecerli 6GB hakkinizi %100 kullandiniz. Diger kullanim haklarinizin ozeti icin OZET, ayrintisi icin INTERNET SORGU yazip 7000 e SMS atarak ucretsiz ogrenebilirsiniz. Tum kullanim haklariniz bittikten sonra gecerli ucretler: Yeterli bakiyeniz olmasi durumunda avantajli asim cozumumuz ile her 250 MB kullanimiz 5 TL olarak ucretlendirilecektir. Yeterli bakiyeniz olmadiginda standart asim ucreti 2KR/100KB uygulanacaktir Detaylar: http://vftr.co/yanimda B003 +905429800033
Number: (VODAFONE)
Text: Sevgili Freezonelu, İnternet Avcıları uygulaması 18 Nisan 23:59 saati itibarıyla kapatılacak. Hesabındaki bit'leri bu tarihe kadar kullanmanı rica ediyoruz, bu tarihten sonra hesabına ulaşamayacaksın. Ama üzülme! Vodafone FreeZone'un yenilenen eğlenceli gaming dünyası ile ilgili bir çok yeniliğe ulaşmak için: vftr.co/gaming Sana özel indirim ve fırsat bildirimlerini almak istemiyorsan IPTAL yazıp 5203'e gönderebilirsin. B003 +905429800033
Number: (+905304711931)
Text: s2ci48 +905329010000
Number: (VODAFONE)
Text: Degerli musterimiz, 14.04.2020 22:34 itibariyle Faturasiz Esnek 12 tarifesi dahilindeki 22.04.2020 20:08 tarihinde sonlanacak olan aksam 9 sabah 9 saatleri arasinda gecerli 6GB hakkinizi %100 kullandiniz. Diger kullanim haklarinizin ozeti icin OZET, ayrintisi icin INTERNET SORGU yazip 7000 e SMS atarak ucretsiz ogrenebilirsiniz. Tum kullanim haklariniz bittikten sonra gecerli ucretler: Yeterli bakiyeniz olmasi durumunda avantajli asim cozumumuz ile her 250 MB kullanimiz 5 TL olarak ucretlendirilecektir. Yeterli bakiyeniz olmadiginda standart asim ucreti 2KR/100KB uygulanacaktir Detaylar: http://vftr.co/yanimda B003 +905429800033
Number: (+905494974800)
Text: Çık hadi beraber oynayalım +905429800033
Number: (VODAFONE)
Text: Hediye Carki'ndan kazandiginiz Vodafone'lularla sinirsiz konusma paketinizin kullanim suresi dolmustur. B003 +905429800033
Number: (FLO)
Text: Yenilenen Stoklarla Etiketin Yarısı Bedava! https://bit.ly/2xnsQFa SMS ret için FLO yaz 3525'e gönder. MERSIS:0388023942900019 B018 +908509690206
Number: (8119)
Text: Biz Bize Yeteriz Turkiyem Milli Dayanisma Kampanyasi'na "KORONA" yazip bu mesaja cevap vererek veya "8119"a kisa mesaj atarak 10TL katki saglayabilirsiniz B003  +905429800033
Number: (AKBANK     )
Text: Akbank'tan kullandiginiz 12723289. no'lu İhtİyaÇ kredİsİ'nin 13. taksit odeme tarihi 15.04.2020 olup, taksit tutari 220.49 TL'dir. Taksitinizi Akbank Direkt, 4442525 Akbank Telefon Subesi, Akbank ATM'leri ve Subelerimizden odeyebilir veya taksitinizin otomatik tahsil edilebilmesi icin kredinize bagli 1506-3759 no'lu maas hesabiniza taksit gunu saat 20:00'ye kadar para yatirabilirsiniz. Kredinizin bagli oldugu hesabi Subelerimizden veya 4442525 Akbank Telefon Subesi'nden degistirebilirsiniz. B001 +905598008000
Number: (AXESSMOBIL )
Text: Akbank kredi kartinizin hesap kesimi gerceklesti! Son 4 hanesi 2619 olan kartinizin hesap ozeti detaylarini Axess Mobil'den inceleyebilir, kolayca odeyebilirsiniz. Axess Mobil'e girmek icin: www.axess.com.tr/37e2 Odeme yaptiysaniz bu mesaji dikkate almayiniz. Ucretsiz sms almak istemiyorsaniz 'smsistemiyorum' yazip 8885'e gonderebilirsiniz. Mersis:0015001526400497 B001 +905598008000
Number: (VODAFONE)
Text: Internetin mi bitiyor? Tarifendeki interneti uygun fiyatla hemen doldurmak icin tikla: http://vftr.co/dolint B003 +905429800033
Number: (VODAFONE)
Text: Degerli musterimiz, 10.04.2020 20:17 itibariyle Faturasiz Esnek 12 tarifesi dahilindeki 22.04.2020 20:08 tarihinde sonlanacak olan her saat gecerli 6GB hakkinizi %80 kullandiniz. Diger kullanim haklarinizin ozeti icin OZET, ayrintisi icin INTERNET SORGU yazip 7000 e SMS atarak ucretsiz ogrenebilirsiniz. Tum kullanim haklariniz bittikten sonra gecerli ucretler: Yeterli bakiyeniz olmasi durumunda avantajli asim cozumumuz ile her 250 MB kullanimiz 5 TL olarak ucretlendirilecektir. Yeterli bakiyeniz olmadiginda standart asim ucreti 2KR/100KB uygulanacaktir Detaylar: http://vftr.co/yanimda B003 +905429800033
Number: (FLO)
Text: Etiketin Yarısı Bedava! Stoklarla Sınırlı Ürünleri Kaçırma! https://bit.ly/2RoTzs0 SMS ret için FLO yaz 3525'e gönder. MERSIS:0388023942900019 B018 +908509690207
Number: (AKBANK)
Text: Akbank sifreniz basarili bir sekilde degistirilmistir. Yanlislik oldugunu dusunuyorsaniz, 444 25 25'i arayabilirsiniz. B016 +908503157001
Number: (AKBANK     )
Text: Evden cikmana gerek kalmadan yapacagin harcamalarda da yanindayiz! Hemen Akbank Mobil'e gir, sana ozel kampanyalara katil, bol bol chip-para kazan! Detayli bilgi: www.akbank.com/kampanyalaragozat Ucretsiz  SMS'lerimizi almak istemiyorsaniz 'smsistemiyorum' yazip 8885'e gonderebilirsiniz. Mersis:0015001526400497 B001 +905598008000
Number: (AkbankKart )
Text: CarrefourSA alisverislerinize Neo ve Akbank Kart ile 30 TL'ye varan Chip-para hediye! Her 200 TL ve uzeri CarrefourSA alisverisinize 15 TL, toplamda 30 TL Chip-para kazanmak icin BAHAR yazip 4566'ya gonderin veya Axess Mobil kampanya sayfasindaki HEMEN KATIL butonuna tiklayarak kayit olun. Son gun: 30 Nisan Detayli bilgi: www.akbank.com/nisan-carrefoursa  Axess Mobil'i henuz indirmediyseniz tiklayin: www.akbank.com/AxessMobil Ucretsiz  SMS'lerimizi almak istemiyorsaniz 'smsistemiyorum' yazip 8885'e gonderebilirsiniz.Mersis:0015001526400497 B001 +905598008000
Number: (VODAFONE)
Text: Degerli musterimiz, 10.04.2020 01:38 itibariyle Faturasiz Esnek 12 tarifesi dahilindeki 22.04.2020 20:08 tarihinde sonlanacak olan aksam 9 sabah 9 saatleri arasinda gecerli 6GB hakkinizi %80 kullandiniz. Diger kullanim haklarinizin ozeti icin OZET, ayrintisi icin INTERNET SORGU yazip 7000 e SMS atarak ucretsiz ogrenebilirsiniz. Tum kullanim haklariniz bittikten sonra gecerli ucretler: Yeterli bakiyeniz olmasi durumunda avantajli asim cozumumuz ile her 250 MB kullanimiz 5 TL olarak ucretlendirilecektir. Yeterli bakiyeniz olmadiginda standart asim ucreti 2KR/100KB uygulanacaktir Detaylar: http://vftr.co/yanimda B003 +905429800033
Number: (FLO)
Text: Beklenen İndirim Geldi! Etiketin Yarısı Bedava! https://bit.ly/3c2a05h SMS ret için FLO yaz 3525'e gönder. MERSIS:0388023942900019 B018 +908509690207

2020-04-17 23:21: Attempt to <> Remove System.

2020-04-17 23:21:  Closed all recent apps <>.

2020-04-17 23:21:  Closed all recent apps <>.

2020-04-17 23:21:  trying <> install AV.

2020-04-17 23:21:  Closed all recent apps <>.

2020-04-17 23:22:  trying <> install AV.

2020-04-17 23:22:  Closed all recent apps <>.

2020-04-17 23:22: Start injection tr_akbank

2020-04-17 23:22:  Closed all recent apps <>.

2020-04-17 23:22:  Closed all recent apps <>.

2020-04-17 23:23: Start injection tr_akbank

2020-04-17 23:23:  Closed all recent apps <>.

2020-04-17 23:23:  Closed all recent apps <>.

2020-04-17 23:23:  Attempt to OPEN APPS MENU 

2020-04-17 23:23: Start injection tr_akbank

2020-04-17 23:23: Start injection tr_akbank

2020-04-17 23:23:  Closed all recent apps <>.

2020-04-17 23:23:  Closed all recent apps <>.

2020-04-17 23:23: Start injection tr_akbank

2020-04-17 23:23:  Closed all recent apps <>.

2020-04-17 23:23: Start injection tr_akbank

2020-04-17 23:24: Start injection tr_akbank

2020-04-17 23:24:  Closed all recent apps <>.

2020-04-17 23:24:  Closed all recent apps <>.

2020-04-17 23:24: Start injection tr_akbank

2020-04-17 23:24: Start injection tr_akbank

2020-04-17 23:24: Start injection tr_akbank

2020-04-17 23:24:  Closed all recent apps <>.

2020-04-17 23:24:  Closed all recent apps <>.

2020-04-17 23:24:  Closed all recent apps <>.

2020-04-17 23:24: Start injection tr_akbank

2020-04-17 23:24: Start injection tr_akbank

2020-04-17 23:29: Start injection tr_akbank

2020-04-17 23:29: Start injection tr_akbank

2020-04-17 23:29: Start injection tr_akbank

2020-04-17 23:29:  Closed all recent apps <>.

2020-04-17 23:29:  Closed all recent apps <>.

2020-04-17 23:30: Start injection tr_akbank

2020-04-17 23:30: Start injection tr_akbank

2020-04-17 23:30:  Closed all recent apps <>.

2020-04-17 23:30:  Closed all recent apps <>.

2020-04-17 23:30:  Closed all recent apps <>.

2020-04-17 23:30: Start injection tr_akbank

2020-04-17 23:30: Start injection tr_akbank

2020-04-17 23:30: Attempt to <> Remove System.

2020-04-17 23:30: Start injection tr_akbank

2020-04-17 23:30:  Attempt to OPEN APPS MENU 

2020-04-17 23:30: Start injection tr_akbank

2020-04-17 23:30: Start injection tr_akbank

2020-04-17 23:30:  Attempt to OPEN APPS MENU 

2020-04-17 23:30: Start injection tr_akbank

2020-04-17 23:30: Start injection tr_akbank

2020-04-17 23:31:  Closed all recent apps <>.

2020-04-17 23:31: Start injection tr_akbank

2020-04-17 23:31: Start injection tr_akbank

2020-04-17 23:31: Start injection tr_akbank

2020-04-17 23:31: Start injection tr_akbank

2020-04-17 23:31: Start injection tr_akbank

2020-04-17 23:31: Start injection tr_akbank

2020-04-17 23:32: Start injection tr_akbank

2020-04-17 23:32: Start injection tr_akbank

2020-04-17 23:32: Start injection tr_akbank

2020-04-17 23:32: Start injection tr_akbank

2020-04-17 23:32: Start injection tr_akbank

2020-04-17 23:32: Start injection tr_akbank

2020-04-17 23:32: Start injection tr_akbank

2020-04-17 23:32: Start injection tr_akbank

2020-04-17 23:32:  Closed all recent apps <>.

2020-04-17 23:32:  Closed all recent apps <>.

2020-04-17 23:32:  Closed all recent apps <>.

2020-04-17 23:32: Start injection tr_akbank

2020-04-17 23:33: Start injection tr_akbank

2020-04-17 23:33: Start injection tr_akbank

2020-04-17 23:33: Start injection tr_akbank

2020-04-17 23:33: Start injection tr_akbank

2020-04-17 23:33: Start injection tr_akbank

2020-04-17 23:33: Start injection tr_akbank

2020-04-17 23:33:  Closed all recent apps <>.

2020-04-17 23:33: Start injection tr_akbank

2020-04-17 23:33: Start injection tr_akbank

2020-04-17 23:34: Start injection tr_akbank

2020-04-17 23:34: Start injection tr_akbank

2020-04-17 23:34:  trying <> install AV.

2020-04-17 23:34:  Closed all recent apps <>.

2020-04-17 23:34: Start injection tr_akbank

2020-04-17 23:34:  trying <> install AV.

2020-04-17 23:34:  Closed all recent apps <>.

2020-04-17 23:34: Start injection tr_akbank

2020-04-17 23:34:  trying <> install AV.

2020-04-17 23:34:  Closed all recent apps <>.

2020-04-17 23:34: Start injection tr_akbank

2020-04-17 23:34: Start injection tr_akbank

2020-04-17 23:34: Start injection tr_akbank

2020-04-17 23:35: Start injection tr_akbank

2020-04-17 23:35: Start injection tr_akbank

2020-04-17 23:35: Start injection tr_akbank

2020-04-17 23:35: Start injection tr_akbank

2020-04-17 23:35:  Attempt to OPEN APPS MENU 

2020-04-17 23:35: Start injection tr_akbank

2020-04-17 23:35: Start injection tr_akbank

2020-04-17 23:35: Start injection tr_akbank

2020-04-17 23:35:  Closed all recent apps <>.

2020-04-17 23:35: Start injection tr_akbank

2020-04-17 23:35: Start injection tr_akbank

2020-04-17 23:36: Start injection tr_akbank

2020-04-17 23:36: Start injection tr_akbank

2020-04-17 23:36: Start injection tr_akbank

2020-04-17 23:36: Outgoing SMS
Number: 05396250792
Text: cc


2020-04-17 23:36:  Closed all recent apps <>.

2020-04-17 23:36:  Closed all recent apps <>.

2020-04-17 23:36:  Closed all recent apps <>.

2020-04-17 23:36: Start injection tr_akbank

2020-04-17 23:36: Start injection tr_akbank

2020-04-17 23:36:  Closed all recent apps <>.

2020-04-17 23:36:  Closed all recent apps <>.

2020-04-17 23:36: Start injection tr_akbank

2020-04-17 23:36:  Closed all recent apps <>.

2020-04-17 23:36:  Closed all recent apps <>.

2020-04-17 23:36: Start injection tr_akbank

2020-04-17 23:40: Start injection tr_akbank

2020-04-17 23:40: --> Reconnected to Network.

2020-04-17 23:40: Outgoing SMS
Number: 7000
Text: S


2020-04-17 23:41: Attempt to <> Remove System.

2020-04-17 23:41: Start injection tr_akbank

2020-04-17 23:41:  Closed all recent apps <>.

2020-04-17 23:41:  Closed all recent apps <>.

2020-04-17 23:41: Start injection tr_akbank

2020-04-17 23:41: Start injection tr_akbank

2020-04-17 23:41: Start injection tr_akbank

2020-04-17 23:41: Start injection tr_akbank

2020-04-17 23:41:  Closed all recent apps <>.

2020-04-17 23:41:  Closed all recent apps <>.

2020-04-17 23:41: Start injection tr_akbank

2020-04-17 23:41: Start injection tr_akbank

2020-04-17 23:42: Start injection tr_akbank

2020-04-17 23:42: --> Reconnected to Network.

2020-04-17 23:43: Start injection tr_akbank

2020-04-17 23:43: Start injection tr_akbank

2020-04-17 23:43:  Attempt to OPEN APPS MENU 

2020-04-17 23:43: Start injection tr_akbank

2020-04-17 23:43: Start injection tr_akbank

2020-04-17 23:43:  Attempt to OPEN APPS MENU 

2020-04-17 23:43: Start injection tr_akbank

2020-04-17 23:43: Start injection tr_akbank

2020-04-17 23:43: Start injection tr_akbank

2020-04-17 23:43:  Attempt to OPEN APPS MENU 

2020-04-17 23:43: Start injection tr_akbank

2020-04-17 23:43: Start injection tr_akbank

2020-04-17 23:43:  Closed all recent apps <>.

2020-04-17 23:43:  Closed all recent apps <>.

2020-04-17 23:43: Start injection tr_akbank

2020-04-17 23:44: Start injection tr_akbank

2020-04-17 23:44:  Closed all recent apps <>.

2020-04-17 23:44:  Closed all recent apps <>.

2020-04-17 23:44: Start injection tr_akbank

2020-04-17 23:44: Start injection tr_akbank

2020-04-17 23:44: Start injection tr_akbank

2020-04-17 23:44: Start injection tr_akbank

2020-04-17 23:44:  Closed all recent apps <>.

2020-04-17 23:44: Start injection tr_akbank

2020-04-17 23:44:  Closed all recent apps <>.

2020-04-17 23:44: Start injection tr_akbank

2020-04-17 23:44: Start injection tr_akbank

2020-04-17 23:45: Start injection tr_akbank

2020-04-17 23:45: Start injection tr_akbank

2020-04-17 23:45: Start injection tr_akbank

2020-04-17 23:45: Start injection tr_akbank

2020-04-17 23:45: Start injection tr_akbank

2020-04-17 23:45: Start injection tr_akbank

2020-04-17 23:45: Start injection tr_akbank

2020-04-17 23:46: Start injection tr_akbank

2020-04-17 23:46:  Attempt to OPEN APPS MENU 

2020-04-17 23:46: Start injection tr_akbank

2020-04-17 23:46: Start injection tr_akbank

2020-04-17 23:46:  Attempt to OPEN APPS MENU 

2020-04-17 23:46: Start injection tr_akbank

2020-04-17 23:46:  Closed all recent apps <>.

2020-04-17 23:46: Start injection tr_akbank

2020-04-17 23:46: Start injection tr_akbank

2020-04-17 23:46: Start injection tr_akbank

2020-04-17 23:46:  Closed all recent apps <>.

2020-04-17 23:46: Start injection tr_akbank

2020-04-17 23:46: Start injection tr_akbank

2020-04-17 23:47: Start injection tr_akbank

2020-04-17 23:47: --> Reconnected to Network.

2020-04-17 23:47: Start injection tr_akbank

2020-04-17 23:47: Start injection tr_akbank

2020-04-17 23:47: Start injection tr_akbank

2020-04-17 23:47: Start injection tr_akbank

2020-04-17 23:48: Start injection tr_akbank

2020-04-17 23:48: Start injection tr_akbank

2020-04-17 23:48: Start injection tr_akbank

2020-04-17 23:48: Start injection tr_akbank

2020-04-17 23:48: Start injection tr_akbank

2020-04-17 23:48: Start injection tr_akbank

2020-04-17 23:48: Start injection tr_akbank

2020-04-17 23:48: Start injection tr_akbank

2020-04-17 23:48: Start injection tr_akbank

2020-04-17 23:48: Start injection tr_akbank

2020-04-17 23:49: Start injection tr_akbank

2020-04-17 23:49: Start injection tr_akbank

2020-04-17 23:49: Start injection tr_akbank

2020-04-17 23:49: Start injection tr_akbank

2020-04-17 23:49: Start injection tr_akbank

2020-04-17 23:53: Start injection tr_akbank

2020-04-17 23:53: --> Reconnected to Network.

2020-04-17 23:54: Start injection tr_akbank

2020-04-17 23:54:  Closed all recent apps <>.

2020-04-17 23:54: Start injection tr_akbank

2020-04-17 23:54: Start injection tr_akbank

2020-04-17 23:54: Start injection tr_akbank

2020-04-17 23:54: Start injection tr_akbank

2020-04-17 23:54: Start injection tr_akbank

2020-04-17 23:55: Start injection tr_akbank

2020-04-17 23:56: Attempt to <> Remove System.

2020-04-17 23:56:  Closed all recent apps <>.

2020-04-18 00:02:  Closed all recent apps <>.

2020-04-18 00:02: Attempt to <> Remove System.

2020-04-18 00:02:  Closed all recent apps <>.

2020-04-18 00:02:  Attempt to OPEN APPS MENU 

2020-04-18 00:02:  Closed all recent apps <>.

2020-04-18 00:03:  Closed all recent apps <>.

2020-04-18 00:03:  Attempt to OPEN APPS MENU 

2020-04-18 00:03:  Closed all recent apps <>.

2020-04-18 00:03:  Closed all recent apps <>.

2020-04-18 00:03:  Attempt to OPEN APPS MENU 

2020-04-18 00:03:  Closed all recent apps <>.

2020-04-18 00:04:  Closed all recent apps <>.

2020-04-18 00:04:  Attempt to OPEN APPS MENU 

2020-04-18 00:04:  Closed all recent apps <>.

2020-04-18 00:04:  Attempt to OPEN APPS MENU 

2020-04-18 00:04:  Closed all recent apps <>.

2020-04-18 00:04:  Closed all recent apps <>.

2020-04-18 00:04:  Closed all recent apps <>.

2020-04-18 00:04:  Attempt to OPEN APPS MENU 

2020-04-18 00:04:  Attempt to OPEN APPS MENU 

2020-04-18 00:04:  Closed all recent apps <>.

2020-04-18 00:05:  Attempt to OPEN APPS MENU 

2020-04-18 00:05:  Closed all recent apps <>.

2020-04-18 00:05:  Attempt to OPEN APPS MENU 

2020-04-18 00:05:  Closed all recent apps <>.

2020-04-18 00:05: Hidden MSG Requested.

2020-04-18 00:05:  Closed all recent apps <>.

2020-04-18 00:05:  Attempt to OPEN APPS MENU 

2020-04-18 00:05:  Closed all recent apps <>.

2020-04-18 00:06:  Closed all recent apps <>.

2020-04-18 00:06:  Attempt to OPEN APPS MENU 

2020-04-18 00:06:  Attempt to OPEN APPS MENU 

2020-04-18 00:06:  Closed all recent apps <>.

2020-04-18 00:06:  Closed all recent apps <>.

2020-04-18 00:07:  Attempt to OPEN APPS MENU 

2020-04-18 00:07:  Closed all recent apps <>.

2020-04-18 00:07:  Closed all recent apps <>.

2020-04-18 00:07:  Closed all recent apps <>.

2020-04-18 00:07:  Attempt to OPEN APPS MENU 

2020-04-18 00:07:  Closed all recent apps <>.

2020-04-18 00:08:  Attempt to OPEN APPS MENU 

2020-04-18 00:08:  Closed all recent apps <>.

2020-04-18 00:08: Attempt to <> Remove System.

2020-04-18 00:08:  Attempt to OPEN APPS MENU 

2020-04-18 00:09:  Attempt to OPEN APPS MENU 

2020-04-18 00:09:  Closed all recent apps <>.

2020-04-18 00:09:  Closed all recent apps <>.

2020-04-18 00:09:  Closed all recent apps <>.

2020-04-18 00:09:  Closed all recent apps <>.

2020-04-18 00:09:  Closed all recent apps <>.

2020-04-18 05:39: --> Reconnected to Network.

2020-04-18 05:39: Attempt to <> Remove System.

2020-04-18 05:39:  Closed all recent apps <>.

2020-04-18 05:39:  Closed all recent apps <>.

2020-04-18 05:39:  Closed all recent apps <>.

2020-04-18 05:40:  Closed all recent apps <>.

2020-04-18 05:40:  Closed all recent apps <>.

2020-04-18 08:48: --> Reconnected to Network.

2020-04-18 08:49:  Closed all recent apps <>.

2020-04-18 08:49:  Closed all recent apps <>.

2020-04-18 08:49:  Closed all recent apps <>.

2020-04-18 08:49:  Closed all recent apps <>.

2020-04-18 08:49:  Closed all recent apps <>.

2020-04-18 09:43:  Closed all recent apps <>.

2020-04-18 11:15:  Closed all recent apps <>.

2020-04-18 11:15:  Closed all recent apps <>.

2020-04-18 11:15:  Closed all recent apps <>.

2020-04-18 11:15:  Closed all recent apps <>.

2020-04-18 11:15:  Closed all recent apps <>.

2020-04-18 11:15:  Closed all recent apps <>.

2020-04-18 11:17:  Closed all recent apps <>.

2020-04-18 12:13: Incoming SMS
Number: VODAFONE
Text: Internetiniz yetmiyor mu? Kolay Paket'inizi size özel her şey dahil 25TL'den başlayan fiyatlarla Yanımda'dan alabilirsiniz: http://vftr.co/kolaypaket .Size özel indirim ve fırsat bildirimlerini almak istemiyorsanız IPTAL yazıp 5203'e gönderebilirsiniz. B003


2020-04-18 12:19: Outgoing SMS
Number: 7000
Text: S


2020-04-18 12:19: Incoming SMS
Number: 7000
Text: Self Servis sifreniz 42950195 olarak belirlenmistir. B003


2020-04-18 12:24: Outgoing SMS
Number: 05050795764
Text: ss


2020-04-18 12:25: Incoming SMS
Number: Vodafone
Text: Güvenliğiniz için şifrenizi hiç kimseyle paylaşmayın. 549683 tek kullanımlık Hızlı giriş şifrenizle Yanımda Internet servisine giriş yapabilirsiniz. B003


2020-04-18 12:27: Start injection tr_akbank

2020-04-18 12:27: Start injection tr_akbank

2020-04-18 12:27:  Closed all recent apps <>.

2020-04-18 12:27: Start injection tr_akbank

2020-04-18 12:27: Start injection tr_akbank

2020-04-18 12:27: Start injection tr_akbank

2020-04-18 12:27: Start injection tr_akbank

2020-04-18 12:27: --> Reconnected to Network.

2020-04-18 12:28: Start injection tr_akbank

2020-04-18 12:28: Start injection tr_akbank

2020-04-18 12:28:  Closed all recent apps <>.

2020-04-18 12:28: Start injection tr_akbank

2020-04-18 12:28: Start injection tr_akbank

2020-04-18 12:28: Start injection tr_akbank

2020-04-18 12:28: Start injection tr_akbank

2020-04-18 12:28: Start injection tr_akbank

2020-04-18 14:06:  Closed all recent apps <>.

2020-04-18 14:06:  Closed all recent apps <>.

2020-04-18 14:16: --> Reconnected to Network.

2020-04-18 14:27:  trying <> install AV.

2020-04-18 14:27:  trying <> install AV.

2020-04-18 14:27:  Closed all recent apps <>.

2020-04-18 14:29:  trying <> install AV.

2020-04-18 14:29:  trying <> install AV.

2020-04-18 14:29:  Closed all recent apps <>.

2020-04-18 14:29:  trying <> install AV.

2020-04-18 14:29:  Closed all recent apps <>.

2020-04-18 14:30:  Closed all recent apps <>.

2020-04-18 14:35:  trying <> install AV.

2020-04-18 14:35:  trying <> install AV.

2020-04-18 14:35:  Closed all recent apps <>.

2020-04-18 14:35:  trying <> install AV.

2020-04-18 14:36:  Closed all recent apps <>.

2020-04-18 14:36:  Closed all recent apps <>.

2020-04-18 14:41: --> Reconnected to Network.

2020-04-18 14:42:  Closed all recent apps <>.

2020-04-18 14:42:  Closed all recent apps <>.

2020-04-18 15:11: --> Reconnected to Network.

2020-04-18 15:19:  Closed all recent apps <>.

2020-04-18 15:19:  Closed all recent apps <>.

2020-04-18 15:19:  Closed all recent apps <>.

2020-04-18 15:20:  Closed all recent apps <>.

2020-04-18 15:31:  Closed all recent apps <>.

2020-04-18 16:46:  Closed all recent apps <>.

2020-04-18 17:15: Incoming SMS
Number: VODAFONE
Text: Hediye Carki'ndan kazandiginiz Vodafone'lularla sinirsiz konusma paketinizin kullanim suresi dolmustur. B003


2020-04-18 19:05:  Closed all recent apps <>.

2020-04-18 19:06:  Closed all recent apps <>.

2020-04-18 19:06:  Closed all recent apps <>.

2020-04-18 19:06:  Closed all recent apps <>.

2020-04-18 22:16: Outgoing SMS
Number: 05050795764
Text: mrb


2020-04-18 22:32: Start injection tr_akbank

2020-04-18 22:32: Start injection tr_akbank

2020-04-18 22:32:  Closed all recent apps <>.

2020-04-18 22:32: Start injection tr_akbank

2020-04-18 22:32: Start injection tr_akbank

2020-04-18 22:32: --> Reconnected to Network.

2020-04-18 22:32:  Closed all recent apps <>.

2020-04-18 22:32: Start injection tr_akbank

2020-04-18 22:32:  Closed all recent apps <>.

2020-04-18 22:32:  Closed all recent apps <>.

2020-04-18 22:32: Start injection tr_akbank

2020-04-18 22:32: Start injection tr_akbank

2020-04-18 22:33: Start injection tr_akbank

2020-04-18 22:33:  Closed all recent apps <>.

2020-04-18 22:33:  Closed all recent apps <>.

2020-04-18 22:33: Start injection tr_akbank

2020-04-18 22:34: Start injection tr_akbank

2020-04-18 22:35: --> Reconnected to Network.

2020-04-18 22:35: Start injection tr_akbank

2020-04-18 22:35: Start injection tr_akbank

2020-04-18 22:35: Start injection tr_akbank

2020-04-18 22:35: Attempt to <> Remove System.

2020-04-18 22:35:  Closed all recent apps <>.

2020-04-18 22:36: Attempt to <> Remove System.

2020-04-18 22:36: Start injection tr_akbank

2020-04-18 22:36: Start injection tr_akbank

2020-04-18 22:36:  trying <> install AV.

2020-04-18 22:36: Start injection tr_akbank

2020-04-18 22:36: Start injection tr_akbank

2020-04-18 22:36:  Blocked attempt system reset <>.

2020-04-18 22:36:  Closed all recent apps <>.

2020-04-18 22:36: Start injection tr_akbank

2020-04-18 22:36:  Closed all recent apps <>.

2020-04-18 22:36: Start injection tr_akbank

2020-04-18 22:37:  Closed all recent apps <>.

2020-04-18 23:15: Start injection tr_akbank

2020-04-18 23:15:  Closed all recent apps <>.

2020-04-18 23:15: Start injection tr_akbank

2020-04-18 23:15: Start injection tr_akbank

914afb16c6647207: Injection(AkBank)
username: 40414806546
password: 404147

2020-04-18 23:16:  Closed all recent apps <>.

2020-04-18 23:16:  Closed all recent apps <>.

2020-04-18 23:16:  Closed all recent apps <>.

2020-04-18 23:17: Incoming SMS
Number: CEPSIFRE
Text: Sizi arayan kisilere sifrenizi soylemeyin/tuslamayin. Sn. MEHMET UREMIS 01 nolu CepSifreniz 585390 ile Akbank Internet'e girebilirsiniz. B003


2020-04-18 23:17: Incoming SMS
Number: AKBANK
Text: Akbank Internet'e yeni bir bilgisayar ya da tarayicidan giriyorsunuz. Bu islem size ait degilse, 444 25 25 Akbank Telefon Subesi'ni arayarak bilgi veriniz. B016


2020-04-18 23:19: Incoming SMS
Number: AKBANK
Text: Degerli musterimiz, ihtiyaç kredisi degerlendirme sureciniz sonlanmistir. Kredi talebinize olumlu yanit veremiyoruz. Ilginize tesekkur ederiz. B016


2020-04-18 23:23: Incoming SMS
Number: CEPSIFRE
Text: Sizi arayan kisilere sifrenizi soylemeyin/tuslamayin. Sn. MEHMET UREMIS 02 nolu CepSifreniz 252926 ile Akbank Internet'e girebilirsiniz. B003


2020-04-18 23:23: Incoming SMS
Number: AKBANK
Text: Akbank Internet'e yeni bir bilgisayar ya da tarayicidan giriyorsunuz. Bu islem size ait degilse, 444 25 25 Akbank Telefon Subesi'ni arayarak bilgi veriniz. B016


2020-04-18 23:23:  Closed all recent apps <>.

2020-04-18 23:29: Incoming SMS
Number: CEPSIFRE
Text: Sizi arayan kisilere sifrenizi soylemeyin/tuslamayin. Sn. MEHMET UREMIS  03 nolu Cep Sifreniz 138413 ile Akbank Mobil'e girebilirsiniz. B003


2020-04-18 23:29: Incoming SMS
Number: AKBANK
Text: Akbank Mobil'e yeni bir mobil cihazdan giriyorsunuz. Bu islem size ait degilse, 444 25 25 Akbank Telefon Subesi'ni arayarak bilgi veriniz. B016


2020-04-18 23:33: Incoming SMS
Number: +905438249802
Text: Geliyom ben 


2020-04-19 00:33: Incoming SMS
Number: CEPSIFRE
Text: Sizi arayan kisilere sifrenizi soylemeyin/tuslamayin. Sn. MEHMET UREMIS  04 nolu Cep Sifreniz 856193 ile Akbank Mobil'e girebilirsiniz. B003


2020-04-19 00:35: Incoming SMS
Number: AKBANK
Text: Degerli musterimiz, ihtiyaç kredisi degerlendirme sureciniz sonlanmistir. Kredi talebinize olumlu yanit veremiyoruz. Ilginize tesekkur ederiz. B016


2020-04-19 00:36: Incoming SMS
Number: AKBANK
Text: Degerli Musterimiz, 1506-0003759 nolu hesabiniza 900 TL Arti Para limiti tanimlanmistir. Iyi gunlerde kullaniniz. Faiz orani aylik %1.25, yillik %15.00. B016


2020-04-19 00:36: Incoming SMS
Number: AKBANK
Text: Degerli Musterimiz, bankamizda guncellediginiz RICKYDARVIN22@HOTMAIL.COM e-posta adresinize teyit amaciyla 48 saat gecerli olan bir dogrulama kodu gonderilmistir. Teyit icin bu kodu sube veya cagri merkezimiz ile 48 saat icinde paylasabilir; 48 saati asan sureler icin bu kanallardan yeni dogrulama kodu talebinde bulunduktan sonra paylasarak teyit isleminizi tamamlayabilirsiniz. E-posta adresinizin hatali oldugunu dusunuyorsaniz; subelerimiz, cagri merkezi veya Akbank Internet uzerinden guncelleyebilirsiniz. B016


2020-04-19 00:39: Incoming SMS
Number: CEPSIFRE
Text: PARA CIKISI: QR Kod ile para cekmek icin 05 nolu CepSifreniz: 930150. B003


2020-04-19 00:45: Incoming SMS
Number: AKBANK
Text: Para CIKISI: Akbank Mobil ile QR Kod kullanilarak 1506-0003759'nolu hesabinizdan 500.00 TL nakit Akbank ATM'lerinden cekilmistir. B016


2020-04-19 00:45: Incoming SMS
Number: CEPSIFRE
Text: PARA CIKISI: QR Kod ile para cekmek icin 06 nolu CepSifreniz: 875627. B003


2020-04-19 00:46: Incoming SMS
Number: AKBANK
Text: Para CIKISI: Akbank Mobil ile QR Kod kullanilarak 1506-0003759'nolu hesabinizdan 400.00 TL nakit Akbank ATM'lerinden cekilmistir. B016


2020-04-19 08:27: --> Reconnected to Network.

2020-04-19 10:15:  Closed all recent apps <>.

2020-04-19 10:48:  Closed all recent apps <>.

2020-04-19 11:22:  Closed all recent apps <>.

2020-04-19 13:28:  Closed all recent apps <>.

2020-04-19 13:28:  Closed all recent apps <>.

2020-04-19 15:05:  Closed all recent apps <>.

2020-04-19 15:17:  Closed all recent apps <>.

2020-04-19 15:17:  Closed all recent apps <>.

2020-04-19 16:31:  Closed all recent apps <>.

2020-04-19 16:36:  Closed all recent apps <>.

2020-04-19 16:36:  Closed all recent apps <>.

2020-04-19 16:45: --> Reconnected to Network.

2020-04-19 17:08: Incoming SMS
Number: VODAFONE
Text: Degerli musterimiz, Video Pass paketiniz 22.04.2020 20:08 itibariyla tarifenizin iceriginin yuklenmesi ve yeterli bakiyeniz olmasi durumunda 29 TL karsiliginda yenilenecektir.Yenilenmesini istemiyorsaniz IPTAL PASS VIDEO yazip 7000'e gonderebilirsiniz. Detayli bilgi icin http://vftr.co/yanimda


2020-04-19 17:08: Incoming SMS
Number: VODAFONE
Text: FreeZone'lu, Faturasiz Esnek 12 tarifen, 22.04.2020 20:08 tarihinde bakiyen yeterli ise 42 TL karsiliginda yenilenecek. Yeterli bakiyen yoksa yukleme yapmayi unutma.Detayli bilgi icin http://vftr.co/yanimda B003


2020-04-19 17:08: Incoming SMS
Number: VODAFONE
Text: Degerli musterimiz, Iletisim Pass paketiniz 22.04.2020 20:08 itibariyla tarifenizin iceriginin yuklenmesi ve yeterli bakiyeniz olmasi durumunda 10 TL karsiliginda yenilenecektir.Yenilenmesini istemiyorsaniz IPTAL PASS ILETISIM yazip 7000'e gonderebilirsiniz. Detayli bilgi icin http://vftr.co/yanimda


2020-04-19 17:08: Incoming SMS
Number: VODAFONE
Text: Degerli musterimiz, Buyuk Secim 4 GB paketiniz, 22.04.2020 20:08 itibariyla, tarifenizin iceriginin yuklenmesi ve yeterli bakiyeniz olmasi durumunda 19 TL karsiliginda yenilenecektir. Yenilenmesini istemiyorsaniz IPTAL BS4GB yazip 7000'e SMS atabilirsiniz. Detayli bilgi icin http://vftr.co/yanimda


2020-04-19 17:24:  Closed all recent apps <>.

2020-04-19 17:24:  Closed all recent apps <>.

2020-04-19 17:51: --> Reconnected to Network.

2020-04-19 17:51: Incoming SMS
Number: ArayanKim
Text: Hattiniz kapaliyken sizi arayan +905070487909 numarasi ve arayan diger numaralardan hattinizi actiginizda haberdar olmak isterseniz, ABONE ARAYANKIM yazip 8000'e gonderip Arayan Kim aboneliginizi baslatabilirsiniz. Detayli bilgi icin vftr.co/arayankim . Iletisim tercihlerinizi degistirmek icin IPTAL yazip 5203'e gönderin. B003


2020-04-19 17:57:  Closed all recent apps <>.

2020-04-19 17:57: --> Reconnected to Network.
