
2020-04-17 23:00: -----SENT-----
Number: (05388866331)
Text: Şampuan
Number: (05388866331)
Text: Pirinç lamba
Number: (05388866331)
Text: Kakao kabartma tozu vanilya 5 tane margarin irmik 
Number: (05388866331)
Text: Tavuk on kilo şeker yağ patlıcan patates yumurta peçete sebze 
Number: (05522310327)
Text:  Kimsiniz numara yi tanıyamadım

2020-04-17 23:19: Hidden MSG Requested.

2020-04-17 23:58: -----SENT-----
Number: (05388866331)
Text: Şampuan
Number: (05388866331)
Text: Pirinç lamba
Number: (05388866331)
Text: Kakao kabartma tozu vanilya 5 tane margarin irmik 
Number: (05388866331)
Text: Tavuk on kilo şeker yağ patlıcan patates yumurta peçete sebze 
Number: (05522310327)
Text:  Kimsiniz numara yi tanıyamadım

2020-04-18 00:54: Hidden MSG Requested.

2020-04-18 00:54: Hidden MSG Requested.

2020-04-18 00:55: Hidden MSG Requested.

2020-04-18 01:05:  Attempt to OPEN APPS MENU 

2020-04-18 01:09: Hidden MSG Requested.

2020-04-18 01:09: Hidden MSG Requested.

2020-04-18 01:10: Hidden MSG Requested.

2020-04-18 01:11:  trying <> install AV.

2020-04-18 01:11:  trying <> install AV.

2020-04-18 01:11:  trying <> install AV.

2020-04-18 01:13:  trying <> install AV.

2020-04-18 01:16: Hidden MSG Requested.
