
2020-04-17 22:22:  Started for Disable Play Protect Action <4 step> Step - 1

2020-04-17 22:22:  Closed all recent apps <>.

2020-04-17 22:23:  Started for Disable Play Protect Action <4 step> Step - 1

2020-04-17 22:58: -----INBOX-----
Number: (+902166062439)
Text: Nuray Helin Sizinle TLF Numarasini paylasti! K.Adi: 5531634992 Sifre: 1234567890 http://bit.ly/ArkadasSohbet +908503039462
Number: (VODAFONE)
Text: Vodafone'dan 10GB HEDİYE! 40TL ve üzeri yükleme yaparak 2 gün geçerli hediye 10GB internet kazanmak için hemen tıklayın! http://vftr.co/tlyukle4 .Size özel indirim ve fırsat bildirimlerini almak istemiyorsanız IPTAL yazıp 5203'e gönderebilirsiniz. B003 +905429800033
Number: (+905426048063)
Text: 05359694638 +905429800033
Number: (BUDDYSOCiAL)
Text: Evde kal Turkiye! Ama yalniz kalma diye Buddy social arkadaslik uygulamasini yaptik linke tikla indir. https://bit.ly/2WGJLgq http://5m5.co/ZQAIWY B350 +908508980001
Number: (ArayanKim)
Text: Hattiniz kapaliyken sizi arayan +905426688014 numarasi ve arayan diger numaralardan hattinizi actiginizda haberdar olmak isterseniz, ABONE ARAYANKIM yazip 8000'e gonderip Arayan Kim aboneliginizi baslatabilirsiniz. Detayli bilgi icin vftr.co/arayankim . Iletisim tercihlerinizi degistirmek icin IPTAL yazip 5203'e gönderin. B003 +905429800033
Number: (+908503022091)
Text: Arkadas Ara Bul uygulamasinda yeni bildirimleriniz var Kullanici Adi : 5531634992 Sifreniz : 1234567890 http://bit.ly/ArkadasAraBul +908503039462
Number: (VODAFONE)
Text: Degerli musterimiz, 3 aylik 5GB Paketiniz, 18.04.2020 20:37 tarihinde ucretsiz olarak yenilenecektir. Detayli bilgi icin  http://vftr.co/yanimda 'yi ziyaret edebilirsiniz. B003 +905429800033
Number: (VODAFONE)
Text: Degerli musterimiz, Hediye Ek 2GB Internet 3Ay paketinizin ucretsiz yuklenebilmesi icin tarifenizin iceriginin yuklenmesi gerekmektedir. Hemen TL yuklemek icin http://vftr.co/liratopup B003 +905429800033
Number: (VODAFONE)
Text: Degerli musterimiz, Kazancli 10 GB tarifenizin yuklenebilmesi icin bakiyenizin en az 35 TL olmasi gerekiyor. Tarife iceriginizin yuklenemedigi durumda, tarife kapsamindaki dakika iceriginden faydalanamamaktasiniz. Vodafone Yanimda'dan ihtiyaciniz olan TL yuklemesini yapabilirsiniz: http://vftr.co/yanimda B003 +905429800033
Number: (VODAFONE)
Text: Paketinizde ne kadar dakika, SMS, internet kaldigini ogrenmenin kolayi Vodafone'da. Hemen http://vftr.co/kalankullanimlarim adresini ziyaret ederek bakiyenizi ogrenebilirsiniz. Kisisel Verilerin Korunmasi Kanunu hakkindaki gizlilik politikamiza da http://vftr.co/gp 'den ulasabilirsiniz B003 +905429800033
Number: (VODAFONE)
Text: Degerli musterimiz, Hediye Ek 2GB Internet paketine katilim talebinizi aldik. Gelecek onay mesajinin ardindan paketinizi kullanmaya baslayabilirsiniz. B003 +905429800033
Number: (VODAFONE)
Text: Degerli musterimiz, 15.04.2020 tarihinden itibaren gecerli olacak sekilde Kazancli 10 GB tarifesine gecisiniz tamamlanmistir. Tarifenizin detaylari icin Vodafone Yanimda uygulamasini ziyaret edebilirsiniz: http://vftr.co/yanimda B003 +905429800033
Number: (VODAFONENET)
Text: Limitsiz internet ayda 69,90 TL'den başlayan fiyatlarla. Üstelik 24 ay boyunca Vodafone TV ücretsiz! Siz de 1 milyon Vodafone Evde İnternet'li arasına katılmak için hemen ücretsiz arayın: 0850 542 9 542. Size özel bildirimleri almak istemiyorsanız KAPAT yazıp 0 542 542 6 000'e gönderebilirsiniz. B003 +905429800033
Number: (lCISLERIBAK)
Text: Açıkkapıdan yapmış olduğunuz yardım talebiniz Aile, Çalışma ve Sosyal Hizmetler Bakanlığına iletilmiştir. B002 +905329010000
Number: (+905455152339)
Text: Tmm hayırlı olsun  +905429800033
Number: (+905455152339)
Text: Slm kardeş motor duruyomu +905429800033
Number: (VODAFONE)
Text: Paketinizde ne kadar dakika, SMS, internet kaldigini ogrenmenin kolayi Vodafone'da. Hemen http://vftr.co/kalankullanimlarim adresini ziyaret ederek bakiyenizi ogrenebilirsiniz. Kisisel Verilerin Korunmasi Kanunu hakkindaki gizlilik politikamiza da http://vftr.co/gp 'den ulasabilirsiniz B003 +905429800033
Number: (VODAFONE)
Text: Degerli musterimiz, 3 aylik 5GB Paketiniz ile 18.04.2020 20:37 tarihine kadar 5 GB Internet Kullanimi hesabiniza yuklenmistir. Kalan tum kullanim haklarinizi sorgulamak icin OZET yazip 7000e ucretsiz SMS gonderebilirsiniz.  Detayli bilgi icin  http://vftr.co/yanimda 'yi ziyaret edebilirsiniz B003 +905429800033
Number: (7000)
Text: Talebiniz alinmistir, size gelecek onay mesaji ardindan paketinizi kullanmaya baslayabilirsiniz. B003 +905429800033
Number: (5542)
Text: Vodafone Musteri Hizmetleri danismaninizdan 11.04.2020 13:44:30 tarihinde ald1giniz destegi dusundugunuzde, bu hizmeti cevrenizdekilere tavsiye eder miydiniz? 0 Kesinlikle Tavsiye Etmem", 10 "Kesinlikle Tavsiye Ederim" anlamina gelmektedir. 0 ile 10 arasinda puan verebilirsiniz." Geri doneceginiz mesaj ucretsizdir. B003 +905429800033
Number: (+905331915463)
Text: 7159347sifre 1234 +905429800033
Number: (VODAFONE)
Text: Hediye Carki'ndan kazandiginiz Vodafone'lularla sinirsiz konusma paketinizin kullanim suresi dolmustur. B003 +905429800033
Number: (+905359210260)
Text: Keyfine bak +905429800033
Number: (+905359210260)
Text: Benim için fark etmez +905429800033
Number: (+905359210260)
Text: Kimde +905429800033
Number: (+905359210260)
Text: Kaç dönüm +905429800033
Number: (+905359210260)
Text: Fark etmez benim için +905429800033
Number: (8119)
Text: Biz Bize Yeteriz Turkiyem Milli Dayanisma Kampanyasi'na "KORONA" yazip bu mesaja cevap vererek veya "8119"a kisa mesaj atarak 10TL katki saglayabilirsiniz B003  +905429800033
Number: (+905422570302)
Text: Ibnelik yap.a +905429800033
Number: (VODAFONE)
Text: Yeni eklenen dizileri, filmleri ve televizyon kanalları ile Vodafone TV artık daha dolu. Mobil cihazlarınıza ek olarak akıllı televizyon veya bilgisayarınızdan da izleyebileceğiniz, TV kanallarını 24 saat geriye sarabileceğiniz, mobil internetinizden yemeyen Vodafone TV Full Pakete ayda sadece 9,90 TL'ye sahip olmak için TVDEVAM yazıp 7000'e SMS gönderebilirsiniz. Size özel indirim ve fırsat bildirimlerini almak istemiyorsanız IPTAL yazıp 5203'e gönderebilirsiniz. B003 +905429800033
Number: (Whatsapp)
Text: WhatsApp code 225-994 b153 +908505500001
Number: (WhatsApp)
Text: <#> WhatsApp kod: 138-271

Dogrula: v.whatsapp.com/138271

Kodu paylasmayin
4sgLq1p5sV6
B273 +908506660004
Number: (WhatsApp)
Text: WhatsApp kod: 138-271

Dogrula: v.whatsapp.com/138271

Kodu paylasmayin b153 +908505500001
Number: (08505400606)
Text: WhatsApp kod: 138-271

Dogrula: v.whatsapp.com/138271

Kodu paylasmayin B040 +908505400003
Number: (E-ICISLERI)
Text: Açık Kapı başvuru detayınız için doğrulama kodu: 858767. AÇIK KAPI B002 +905329010000
Number: (E-lCISLERI)
Text: SN. KULUÇ; 2001755 numaralı başvurunuz cevaplanmıştır. https://www.acikkapi.gov.tr adresinden kontrol edebilirsiniz. Teşekkür ederiz. ŞANLIURFA VALİLİĞİ B002 +905329010000
Number: (E-ICISLERI)
Text: Açık Kapı başvuru detayınız için doğrulama kodu: 494884. AÇIK KAPI B002 +905329010000
Number: (E-ICISLERI)
Text: Açık Kapı başvurunuz için doğrulama kodu: 147576. AÇIK KAPI B002 +905329010000
Number: (WhatsApp)
Text: <#> WhatsApp kod: 464-424

Dogrula: v.whatsapp.com/464424

Kodu paylasmayin
4sgLq1p5sV6 B273 +908506660004
Number: (08505400606)
Text: <#> WhatsApp Business kod: 116-621
Dogrula: b.whatsapp.com/116621
Kodu paylasmayin
rJbA/XP1K+V B040 +908505400003
Number: (E-ICISLERI)
Text: Açık Kapı başvurunuz için doğrulama kodu: 114826. AÇIK KAPI B002 +905329010000
Number: (E-ICISLERI)
Text: Açık Kapı başvurunuz için doğrulama kodu: 165103. AÇIK KAPI B002 +905329010000
Number: (+908503022091)
Text: Arkadas Ara Bul uygulamasinda yeni bildirimleriniz var Kullanici Adi : 5531634992 Sifreniz : 1234567890 http://bit.ly/ArkadasAraBul +908503039462
Number: (+905425646363)
Text: Oda numarası 8735716 şifre 6363 +905429800033
Number: (VODAFONE)
Text: Hediye Çarkı Büyük Çekilişi katılım süresi sona erdi. Çekiliş süresi boyunca Hediye Çarkı'nı çevirerek 5 kez çekilişe katıldınız. 15 Nisan'da gerçekleştirilmesi planlanan çekilişimiz Koronavirüs salgını sebebi ile ertelenmiştir. Yeni çekiliş tarihi SMS  ile bildirilecek ve çekiliş gerçekleştirilene dek haklarınız korunacaktır. Detaylar: http://vftr.co/hediyecark B003 +905429800033
Number: (VODAFONE)
Text: Degerli musterimiz, 08.04.2020 03:32 itibariyla Hosgeldin 20GB Paketi dahilindeki 18.04.2020 20:37 tarihinde sonlanacak olan 20GB limitinizi %80 kullandiniz. Diger kullanim haklarinizin ozeti icin OZET, ayrintisi icin INTERNETSORGU yazip 7000e ucretsiz kisa mesaj atarak ucretsiz ogrenebilirsiniz. Tum kullanim haklariniz bittikten sonra gecerli ucretler: 2KR/100KB B003 +905429800033
Number: (+905331915463)
Text: 7153588 sifre 1234 +905429800033
Number: (SimdiAra)
Text: Aradiginizda ulasamadiginiz 05432960787 numarasi ve ulasamadiginiz diger numaralar ulasilabilir oldugunda haberdar olmak isterseniz, ABONE SIMDIARA yazip 8000''e gonderip Simdi Ara aboneliginizi baslatabilirsiniz. Detayli bilgi icin vftr.co/simdiara . Iletisim tercihlerinizi degistirmek icin IPTAL yazip 5203'e gönderin. B003 +905429800033
Number: (GncBilisim)
Text: Lover Sevgili Bul uygulamasından yeni bir bildiriminiz var.Link: bit.ly/loversevgilibul B021 +908503039462
Number: (+905433341132)
Text: 05427734239 +905429800033
Number: (+905433341132)
Text: 03125093554 +905429800033
Number: (+905331915463)
Text: 3880225 sifre yok +905429800033
Number: (+905331915463)
Text: 3760558 s1234 +905429800033
Number: (8119)
Text: Biz Bize Yeteriz Turkiyem Milli Dayanisma Kampanyasi'na "KORONA" yazip bu mesaja cevap vererek veya "8119"a kisa mesaj atarak 10TL katki saglayabilirsiniz B003 +905429800033
Number: (+905458821527)
Text: 4929 sifre +905429800033
Number: (+905331915463)
Text: 2108423 sifre 1234 +905429800033
Number: (+905331915463)
Text: 2108323 sifre 1234 +905429800033
Number: (+905457327136)
Text: Tmm hayrını gör +905598008000
Number: (+905457327136)
Text: Bana +905598008000
Number: (+905457327136)
Text: 850 olur sa gelim çünkü gelip gelmem de 900 geçer  +905598008000
Number: (+905457327136)
Text: Tmm +905598008000
Number: (+905457327136)
Text: Ben ciddi alıcıyım +905598008000
Number: (+905457327136)
Text: 800 olursa gelim bakim  +905598008000
Number: (+905422570302)
Text: 05444340510 +905429800033
Number: (+905422570302)
Text: +905531634992 +905429800033
Number: (+905425302542)
Text: Ali dayın bekliyor gelin +905429800033
Number: (8119)
Text: Biz Bize Yeteriz Turkiyem Milli Dayanisma Kampanyasi'na "KORONA" yazip bu mesaja cevap vererek veya "8119"a kisa mesaj atarak 10TL katki saglayabilirsiniz B003 +905429800033
Number: (+905425646363)
Text: Herkes papçiye girsin oda kurduk +905429800033
Number: (VODAFONE)
Text: Hediye Carki'ndan kazandiginiz internetinizden yemeyen gunluk Iletisim Pass paketinizin kullanim suresi dolmustur. B003 +905429800033
Number: (+905427488906)
Text: Neyaptin  +905429800033
Number: (+905379828493)
Text: +90 (544) 840 32 21 +905429800033
Number: (+905331915463)
Text: de gir yanindakilerde girsin +905429800033
Number: (+905331915463)
Text: ele val +905429800033
Number: (+905331915463)
Text: 6313690 sifre 123 +905429800033
Number: (+905423230196)
Text: 6203624 şifre 12345 +905429800033
Number: (+905425302542)
Text: Nerde kaldınız +905429800033
Number: (VODAFONE)
Text: Hediye Carki'ndan kazandiginiz 02/04/2020 16:51 tarihine kadar gecerli internetinizden yemeyen Iletisim Pass paketiniz hattiniza yuklenmistir. Gule gule kullanin! B003 +905429800033
Number: (+905331915463)
Text: Oda no 4881362 şifre 6363 +905429800033
Number: (+905331915463)
Text: 4803492 sifre 5555 +905429800033
Number: (+905425646363)
Text: Herkese dagitin gelsinler +905429800033
Number: (ArayanKim)
Text: Hattiniz kapaliyken sizi arayan +905434246445 numarasi ve arayan diger numaralardan hattinizi actiginizda haberdar olmak isterseniz, ABONE ARAYANKIM yazip 8000'e gonderip Arayan Kim aboneliginizi baslatabilirsiniz. Detayli bilgi icin vftr.co/arayankim . Iletisim tercihlerinizi degistirmek icin IPTAL yazip 5203'e gönderin. B003 +905429800033
Number: (+905425646363)
Text: Oda no 4881362 şifre 6363 +905429800033
Number: (+905331915463)
Text: 4803492 sifre 5555 +905429800033
Number: (+905331915463)
Text: ben kurmuyorum odayi gir sn +905429800033
Number: (+905331915463)
Text: 4630879 sifre 1234 +905429800033
Number: (+905425302542)
Text: Söyle lo bu kuronalar kim +905429800033
Number: (+905425302542)
Text: Haydi misafirlerine iyi bak kim bu gelen kuronalar  +905429800033
Number: (+905425302542)
Text: İnuv  +905429800033
Number: (+905425302542)
Text: Geltuv çibriiiii isal umak +905429800033
Number: (+905425302542)
Text: Keştuv çibiriii +905429800033
Number: (+905425302542)
Text: Maşallah sayır sabriy elhaşmen +905429800033
Number: (+905425302542)
Text: Vallah kafamı bozma gel kıcık olma +905429800033
Number: (+905425302542)
Text: Gelmesen sizin elektrik sigortasını çekeceğim  +905429800033
Number: (+905425302542)
Text: Gel yegen biraz vuruşalım  +905429800033
Number: (DICLE ELKDG)
Text: Değerli müşterimiz, 31.03.2020 tarihli 21080171 numaralı başvurunuz işleme alınmıştır. Takip için https://bakim.dedas.com.tr/q/21080171 Dicle EDAS B001 +905598008000
Number: (DICLE ELKDG)
Text: Değerli müşterimiz, 31.03.2020 tarihli 21079007 numaralı başvurunuz işleme alınmıştır. Takip için https://bakim.dedas.com.tr/q/21079007 Dicle EDAS B001 +905598008000
Number: (+908508403448)
Text: Meetsgram da Galatasarayli.kiz sana video yolladi izlemek icin acele et Kullanici: 05531634992 Sifre: migfn9pq http://bit.ly/meetsgrm +908503039462
Number: (+908503022091)
Text: Arkadas Ara Bul uygulamasinda yeni bildirimleriniz var Kullanici Adi : 5531634992 Sifreniz : 1234567890 http://bit.ly/ArkadasAraBul +908503039462
Number: (+905464229357)
Text: Oda no 1641965 şifre 1234 +905429800033
Number: (+902166062439)
Text: Sevcan Kullanicisindan 2 Adet Yeni Mesajiniz Geldi K.Adi: 5531634992 Sifre: 1234567890 http://bit.ly/PartnerBul +908503039462
Number: (+905418473665)
Text: Ozet +905429800033
Number: (+905418473665)
Text: S +905429800033
Number: (+905464229357)
Text: 9203487         13 13 +905429800033
Number: (+905331915463)
Text: 9130277s12345 +905429800033
Number: (+902166062439)
Text: Ayşe Kullanıcısından 1 Adet Yeni Mesajınız geldi 
 http://bit.ly/PartnerBul +908503039462
Number: (+905331915463)
Text: 8994404 Şifre 123456 +905429800033
Number: (+905425302542)
Text: Gelecekmisin  +905429800033
Number: (+905425302542)
Text: Hayırdır  +905429800033
Number: (+905425646363)
Text: Oda 7202093 şifre 12345 +905429800033
Number: (+905458821527)
Text: Allah’ım musibetin yaşandığı bu günlerde tüm insanlara şifa ve sabır ihsan eyle. Bizleri yeniden Cuma saflarında bir araya getirmeyi nasip eyle. Tüm İslam alemine hayırlı cumalar

Mazlum baydemir  +905429800033
Number: (+905331915463)
Text: Oda no 5880651 şifre 1263 +905429800033
Number: (+905331915463)
Text: 5832190 sifre 1234 +905429800033
Number: (+905331915463)
Text: 5722877 şifre 1234 +905429800033
Number: (VODAFONE)
Text: Degerli musterimiz, avantajli asim cozumu Cebinize Uyan Internet Paketinizden kalan 224.5MB internet hakkinizi 02.04.2020 tarihine kadar kullanmaya devam edebilirsiniz. Detayli bilgi icin: http://vftr.co/yanimda adresini ziyaret edebilirsiniz. B003 +905429800033
Number: (SimdiAra)
Text: Aradiginizda ulasamadiginiz 05427488906 numarasi ve ulasamadiginiz diger numaralar ulasilabilir oldugunda haberdar olmak isterseniz, ABONE SIMDIARA yazip 8000''e gonderip Simdi Ara aboneliginizi baslatabilirsiniz. Detayli bilgi icin vftr.co/simdiara . Iletisim tercihlerinizi degistirmek icin IPTAL yazip 5203'e gönderin. B003 +905429800033
Number: (+905464229357)
Text: 4087433 sifre1234 +905429800033
Number: (+905464229357)
Text: 4017504 şifre 12345 +905429800033
Number: (VODAFONE)
Text: Sayin abonemiz, 25.03.2020 08:30 itibariyle 25.03.2020 15:33 tarihine kadar gecerli olan Hediye Carki Internet Paketiniz dahilindeki Internet Kullanimi 1 GB limitinizi %100 kullandiniz. Diger kullanim haklarinizin ozeti icin OZET, ayrintisi icin INTERNETSORGU yazip 7000 e SMS atarak ucretsiz ogrenebilirsiniz. Tum kullanim haklariniz bittikten sonra gecerli ucretler: Yurtici Internet Kullanimi 2KR/100KB B003 +905429800033
Number: (VODAFONE)
Text: Sayin abonemiz, 25.03.2020 01:30 itibariyle 25.03.2020 15:33 tarihine kadar gecerli olan Hediye Carki Internet Paketiniz dahilindeki Internet Kullanimi 1 GB limitinizi %80 kullandiniz. Diger kullanim haklarinizin ozeti icin OZET, ayrintisi icin INTERNETSORGU yazip 7000 e SMS atarak ucretsiz ogrenebilirsiniz. Tum kullanim haklariniz bittikten sonra gecerli ucretler: Yurtici Internet Kullanimi 2KR/100KB B003 +905429800033
Number: (+905464229357)
Text: Oda var girin  +905429800033
Number: (+902166062439)
Text: Arkadaş Sohbet uygulamasında sizi Bekleyenler var 
 http://bit.ly/ArkadasSohbet +908503039462
Number: (+905425302542)
Text: Şeker memin +905429800033
Number: (+905425302542)
Text: Bende +905429800033
Number: (VODAFONE)
Text: Hediye Carki'ndan kazandiginiz 25/03/2020 15:33 tarihine kadar gecerli 1 GB internet hattiniza yuklenmistir. Gule gule kullanin! B003 +905429800033
Number: (+905464229357)
Text: Oda 9962538 şifre 12 12 +905429800033
Number: (+905464229357)
Text: Oda karti var  +905429800033
Number: (+908508403448)
Text: Peri telefon numarana mesaj gonderdi cevap vermek icin Kullanici: 05531634992 Sifre: migfn9pq http://bit.ly/meetsgrm +908503039462
Number: (VODAFONE)
Text: Değerli Müşterimiz, Sizlerin ve çalışanlarımızın sağlığı önceliğimizdir. COVID-19 ile mücadeleye AVM'lerde bulunan mağazalarımızı kapatarak destek oluyoruz. Diğer mağazalarımız Pazar hariç her gün 12:00 ve 18:00 arası hizmet verecektir. Hattınızla ilgili tüm işlemleri vodafone.com.tr ve Vodafone Yanımda uygulaması üzerinden de gerçekleştirebilirsiniz. Sağlıklı günler dileriz. B003 +905429800033
Number: (+905443806163)
Text: +905435512538 +905598008000
Number: (VODAFONENET)
Text: Limitsiz internet ayda 54,90 TL'den başlayan fiyatlarla. Üstelik 24 ay boyunca Vodafone TV ücretsiz! Siz de 1 milyon Vodafone Evde İnternet'li arasına katılmak için hemen ücretsiz arayın: 0850 542 9 542. Size özel bildirimleri almak istemiyorsanız KAPAT yazıp 0 542 542 6 000'e gönderebilirsiniz. B003 +905429800033
Number: (UCUZ-NET)
Text: EV INTERNETINDE KAMPANYA!
Sinirsiz Internet +Kurulum 24 ay sabit 39,90 TL
 basvuru icin Hemen arayin 02168880743 sms almamak icin
www.s-m-s.red/5644
B273 +908508980001
Number: (5542)
Text: Vodafone Musteri Hizmetleri danismaninizdan 18.03.2020 17:35:32 tarihinde ald1giniz destegi dusundugunuzde, bu hizmeti cevrenizdekilere tavsiye eder miydiniz? 0 Kesinlikle Tavsiye Etmem", 10 "Kesinlikle Tavsiye Ederim" anlamina gelmektedir. 0 ile 10 arasinda puan verebilirsiniz." Geri doneceginiz mesaj ucretsizdir. B003 +905429800033
Number: (VODAFONE)
Text: Degerli musterimiz, Yenilenen 8GB tarifesinde gecerli  ucret detaylari; Vodafonelularla: 61.34 Kr/Dk , diger yonlere: 61.34 Kr/Dk, SMS: 44 Kr/adet, MMS: 90 Kr/adet, internet: 2 Kr/100KBdir. Bu ucretlendirmeler, tarife veya paketinizin icerigi olarak tanimlanmis kullanim haklariniz haricinde ve paket iceriginiz bittiginde gecerlidir. Detaylar: http://vftr.co/yanimda B003 +905429800033
Number: (4440542)
Text: Degerli musterimiz, 25 TL uzeri yuklemenizi takiben 72 saat icerisinde 15 TL yuklediniz. Iyi gunlerde kullanin. Ek paket seceneklerimizi incelemek icin: http://vftr.co/paketal B003 +905429800033
Number: (VODAFONE)
Text: Degerli musterimiz, Yenilenen 8 GB tarifeniz dahilinde, 18.04.2020 20:37 tarihine kadar gecerli  Her yone 750 DAKIKA,Her yone 250 SMS, 8 GB Internet Kullanimi hattiniza 32 TL karsiliginda yuklenmistir. Tarifenizde kalan haklarinizi OZET yazip 7000e ucretsiz SMS gondererek sorgulayabilirsiniz.Detaylar icin: http://vftr.co/yanimda B003 +905429800033
Number: (VODAFONE)
Text: Hosgeldin 20GB Paketiniz yenilenmistir. 20 GB Internet Kullanimi 18.04.2020 20:37 tarihine kadar ucretsiz olarak kullanabilirsiniz. B003 +905429800033
Number: (VODAFONE)
Text: Degerli abonemiz, avantajli fiyattan interneti kullanmaya devam edebilmeniz icin, 250 MB internet hakkiniz 5 TL karsiliginda devreye girmistir. 250 MB hakkiniz 26.03.2020 15:22 tarihine kadar gecerlidir. 250 MB'iniz bitene kadar tekrar ucretlendirilmeyeceksiniz. Detayli bilgi icin: http://vftr.co/cebinizeuyaninternet B003 +905429800033
Number: (VODAFONE)
Text: Değerli müşterimiz, 18.04.2020 tarihine kadar tek seferde yapacağınız 35TL ve üzeri yüklemenize 1 ay geçerli 3 GB internet hediye!  Hemen TL yüklemek için:  http://vftr.co/liratopup Size özel indirim ve fırsat bildirimlerini almak istemiyorsanız IPTAL yazıp 5203'e gönderebilirsiniz. B003 +905429800033
Number: (VODAFONE)
Text: DEGERLI ABONEMIZ, HEDIYE DATANIZIN KULLANIM SURESI DOLMUSTUR.DATA KULLANIMLARINIZ PAKETINIZIN TARIFESINDEN UCRETLENDIRILECEKTIR. VODAFONE B003 +905429800033
Number: (VODAFONE)
Text: Bana Ne Var kampanyasindan size ozel yurticinde gecerli 19.03.2020 17:12:55 tarihine kadar kullanabileceginiz 2GB internet hediyeniz hattiniza yuklenmistir. Bir sonraki surprizimizi onumuzdeki hafta Bana Ne Var bolumunden hediye carkini cevirerek alabilirsiniz. B003 +905429800033
Number: (VODAFONE)
Text: Degerli abonemiz, avantajli fiyattan interneti kullanmaya devam edebilmeniz icin, 250 MB internet hakkiniz 5 TL karsiliginda devreye girmistir. 250 MB hakkiniz 19.03.2020 15:22 tarihine kadar gecerlidir. 250 MB'iniz bitene kadar tekrar ucretlendirilmeyeceksiniz. Detayli bilgi icin: http://vftr.co/cebinizeuyaninternet B003 +905429800033
Number: (VODAFONE)
Text: Degerli musterimiz,15/04/2020 tarihine kadar gecerli Vodafone içi 1000 DK konusma hesabiniza yuklenmistir. B003 +905429800033
Number: (4440542)
Text: Degerli musterimiz, bakiyenize 30 TL yuklediniz. Iyi gunlerde kullanin.  tarihine kadar  TL alt limitinde ikinci yukleme yapabilmek icin http://vftr.co/liratopup i ziyaret edebilirsiniz. B003 +905429800033
Number: (VODAFONE)
Text: Degerli musterimiz, Yenilenen 8GB tarifesinde gecerli  ucret detaylari; Vodafonelularla: 61.34 Kr/Dk , diger yonlere: 61.34 Kr/Dk, SMS: 44 Kr/adet, MMS: 90 Kr/adet, internet: 2 Kr/100KBdir. Bu ucretlendirmeler, tarife veya paketinizin icerigi olarak tanimlanmis kullanim haklariniz haricinde ve paket iceriginiz bittiginde gecerlidir. Detaylar: http://vftr.co/yanimda B003 +905429800033
Number: (VODAFONE)
Text: Degerli musterimiz, Yenilenen 8 GB  tarifenizin yenilenebilmesi icin bakiyenizin en az 32 TL olmasi gerekiyor. Tarife iceriginizin yenilenemedigi durumda, tarife kapsamindaki dakika iceriginden faydalanamamaktasiniz. Vodafone Yanimda'dan ihtiyaciniz olan TL yuklemesini yapabilirsiniz: http://vftr.co/yanimda B003 +905429800033
Number: (VODAFONE)
Text: Degerli musterimiz, Hosgeldin 20GB Paketiniz,  tarifenizin icerigi yuklenmedigi icin yenilenememektedir.  Hemen TL yuklemek icin http://vftr.co/liratopup B003 +905429800033
Number: (7000)
Text: Self Servis sifreniz 58622322 olarak belirlenmistir. B003 +905429800033
Number: (+4440542)
Text: Degerli musterimiz, bakiyeniz 8 KR'dir. Tarifenizin yenilenme tarihinde yuklenebilmesi ve iletisiminize kesintisiz devam edebilmek icin bir defada en az tarife ucretiniz kadar yukleme yapmaniz yeterli! Hemen TL yuklemek icin http://vftr.co/liratopup B003 +905429800033
Number: (VODAFONE)
Text: Degerli musterimiz, Yenilenen 8 GB  tarifenizin yenilenebilmesi icin bakiyenizin en az 32 TL olmasi gerekiyor. Tarife iceriginizin yenilenemedigi durumda, tarife kapsamindaki dakika iceriginden faydalanamamaktasiniz. Vodafone Yanimda'dan ihtiyaciniz olan TL yuklemesini yapabilirsiniz: http://vftr.co/yanimda B003 +905429800033
Number: (VODAFONE)
Text: Degerli musterimiz, Hosgeldin 20GB Paketiniz,  tarifenizin icerigi yuklenmedigi icin yenilenememektedir.  Hemen TL yuklemek icin http://vftr.co/liratopup B003 +905429800033
Number: (SimdiAra)
Text: Aradiginizda ulasamadiginiz 05415238982 numarasi ve ulasamadiginiz diger numaralar ulasilabilir oldugunda haberdar olmak isterseniz, ABONE SIMDIARA yazip 8000''e gonderip Simdi Ara aboneliginizi baslatabilirsiniz. Detayli bilgi icin vftr.co/simdiara . Iletisim tercihlerinizi degistirmek icin IPTAL yazip 5203'e gönderin. B003 +905429800033
Number: (+902166063819)
Text: Seni özledik. Okunmamış yeni mesajlarınız var. Okumak için tıklayın. https://joojo.page.link/d6o5 +908503039462
Number: (VODAFONE)
Text: Sayin abonemiz, 16.03.2020 22:22 itibariyle 11.06.2020 14:10 tarihine kadar gecerli olan Size Ozel Kampanyasi dahilindeki Internet Kullanimi 3 GB limitinizi %100 kullandiniz. Diger kullanim haklarinizin ozeti icin OZET, ayrintisi icin INTERNETSORGU yazip 7000 e SMS atarak ucretsiz ogrenebilirsiniz. Tum kullanim haklariniz bittikten sonra gecerli ucretler: Yurtici Internet Kullanimi 2KR/100KB B003 +905429800033
Number: (+908503033493)
Text: Arkadasin hanifeee seni begendi senden cevap bekliyor gec kalmadan giris yapin. Kullanici: 05531634992 Sifre: migfn9pq http://bit.ly/meetsgrm +908503039462
Number: (+908503022091)
Text: Arkadas Ara Bul uygulamasinda yeni bildirimleriniz var Kullanici Adi : 5531634992 Sifreniz : 1234567890 http://bit.ly/ArkadasAraBul +908503039462
Number: (VODAFONE)
Text: Sayin abonemiz, 15.03.2020 19:31 itibariyle 11.06.2020 14:10 tarihine kadar gecerli olan Size Ozel Kampanyasi dahilindeki Internet Kullanimi 3 GB limitinizi %80 kullandiniz. Diger kullanim haklarinizin ozeti icin OZET, ayrintisi icin INTERNETSORGU yazip 7000 e SMS atarak ucretsiz ogrenebilirsiniz. Tum kullanim haklariniz bittikten sonra gecerli ucretler: Yurtici Internet Kullanimi 2KR/100KB B003 +905429800033
Number: (VODAFONE)
Text: Degerli musterimiz, Yenilenen 7GB tarifeniz, 18.03.2020 11:33 tarihinde bakiyeniz yeterli ise 27 TL karsiliginda yenilenecektir. Hemen TL yuklemek icin Vodafone Yanimda uygulamasini ziyaret edebilirsiniz: http://vftr.co/yanimda B003 +905429800033
Number: (VODAFONE)
Text: Degerli musterimiz,  Hosgeldin 20GB Paketiniz, 18.03.2020 11:33 itibariyla, tarifenizin iceriginin yuklenmesi durumunda ucretsiz yenilenecektir. B003 +905429800033
Number: (+905458821527)
Text: Ara kacim  +905429800033
Number: (+905336011747)
Text: Slm Arkadaşlar Operatörlük sertifikanız çıkmış an itibari Ş. Urfa dayım belgesini almak isteyen benimle irtibata geçsin yada Kızıltepe de belgenizi teslim alırsınız.  +905329010000
Number: (KZLTPEISMAK)
Text: OPERATÖRLÜK SERTİFİKASI
Biçerdöver Pamuk Toplama Makinesi ve diğer İş Makineleri OPERATÖRLÜK Sertifikası kaydı için Kursu yetkilileri 14 Mart 2020 Cumartesi günü Ş.urfa Harran Akçakale ve Sürüç te olacaktır. Kayıt yapmak isteyenler irtibata geçsinler.
05336011747 05332078840 B002 +905329010000
Number: (VODAFONE)
Text: Kosulsuz sartsiz HEDIYE 3GB internetiniz simdi hattinizda! 11.06.2020 14:10'a kadar gecerli yurt ici 3GB hediyenizi keyifle kullanirken kalan haklarinizi http://vftr.co/yanimda'dan takip edebilirsiniz. B003 +905429800033
Number: (+905442379717)
Text: Birazdan dönerim +905429800033
Number: (VODAFONE)
Text: Degerli musterimiz, 13.03.2020 10:05 itibariyla Hosgeldin 20GB Paketi dahilindeki 18.03.2020 11:33 tarihinde sonlanacak olan 20GB limitinizi %80 kullandiniz. Diger kullanim haklarinizin ozeti icin OZET, ayrintisi icin INTERNETSORGU yazip 7000e ucretsiz kisa mesaj atarak ucretsiz ogrenebilirsiniz. Tum kullanim haklariniz bittikten sonra gecerli ucretler: 2KR/100KB B003 +905429800033
Number: (KZLTPEISMAK)
Text: OPERATÖRLÜK SERTİFİKASI
Şanlıurfalılara Özel Kampanyamızla Biçerdöver Pamuk Toplama Makinesi ve Bütün İş Makineleri OPERATÖRLÜK SERTİFİKASI için  Özel Kızıltepe İş Makineleri Operatörlük Kursumuzun yetkilileri 14 Mart 2020 Cumartesi Günü Şanlıurfa ve Çevre İlçelerinde olacaktır. Kampanyamızdan Faydalanmak ve Kayıt Yapmak ve Detaylı Bilgi Almak İsteyenler 05336011747 numarayla irtibata geçiniz. B002 +905329010000
Number: (+908503033493)
Text: Arkadasin kismet telefon numarasini sana gonderdi aramak icin gec kalmadan giris yapin. Kullanici: 05531634992 Sifre: migfn9pq http://bit.ly/meetsgrm +908503039462
Number: (7000)
Text: 11.03.2020 20:36 itibariyle, Heryone 399 DK, Heryone 151 SMS, 13.17 GB Internet kullanim hakkiniz bulunmaktadir. Detayli bilgi icin DK, SMS, INTERNET SORGU, TL, YURTDISI INTERNET yazip 7000'e ucretsiz SMS atabilirsiniz. B003 +905429800033
Number: (VODAFONE)
Text: 26 yaşın altındaysan fakat hattın annenin veya babanın adına kayıtlıysa, hemen FreeZone kullanıcı formunu doldur, Vodafone Freezone'un gençlere özel kampanyalarının tadını çıkarmaya başla! Kullanıcı tanımlamak için: http://vftr.co/tanimlama Sana özel indirim ve fırsat bildirimlerini almak istemiyorsan IPTAL yazıp 5203'e gönderebilirsin. B003 +905429800033
Number: (ArayanKim)
Text: Hattiniz kapaliyken sizi arayan +905436221860 numarasi ve arayan diger numaralardan hattinizi actiginizda haberdar olmak isterseniz, ABONE ARAYANKIM yazip 8000'e gonderip Arayan Kim aboneliginizi baslatabilirsiniz. Detayli bilgi icin vftr.co/arayankim . Iletisim tercihlerinizi degistirmek icin IPTAL yazip 5203'e gönderin. B003 +905429800033
Number: (+905425302542)
Text: İiii +905429800033
Number: (VODAFONE)
Text: Değerli müşterimiz, kullanmakta olduğunuz Yenilenen 7 GB tarifesinin fiyatı 17 Mart 2020 itibarıyla 32 TL olarak güncellenecek olup, internet içeriğiniz 8GB'a yükseltilecektir. Değişiklik ilk paket yenilenmenizde geçerli olacaktır. Tarifenizle ilgili detaylar için http://vftr.co/tarifem adresini, size uygun olabilecek  diğer tarifeleri incelemek için http://vftr.co/gecebilecegimtarifeler adresini ziyaret edebilirsiniz. B003 +905429800033
Number: (+905425302542)
Text: Bekliyorum  +905429800033
Number: (+905425302542)
Text: Bugün yanıma gel looo +905429800033
Number: (+905425302542)
Text: Yarın çike yap gelirim +905429800033
Number: (+905425302542)
Text: Arama olacak +905429800033
Number: (+905425302542)
Text: Günlük  +905429800033
Number: (+905425302542)
Text: Erken araman lazım  +905429800033
Number: (+905425302542)
Text: Geç +905429800033
Number: (+905425302542)
Text: Geç kaldın +905429800033
Number: (+905425302542)
Text: Yanıma gel yanıma +905429800033
Number: (+905425302542)
Text: Hemen gel başlıyoruz  +905429800033
Number: (VODAFONE)
Text: DEGERLI ABONEMIZ, HEDIYE DATANIZIN KULLANIM SURESI DOLMUSTUR.DATA KULLANIMLARINIZ PAKETINIZIN TARIFESINDEN UCRETLENDIRILECEKTIR. VODAFONE B003 +905429800033
Number: (CEVZLiGROSS)
Text: INDIRIME  SON HIZ DEVAM  GUNLK YUFKA 5.75 OSSO OSMANLI KAHVSI 7.95 KETE UN 10KG SADECE 24.9 ULKR COKOKREM 900gr 15,75 ULKER HOBY F.KREMASI 350GR 4,99 HES MATIK 4,5kg 18,9 PRIMA GUNLUK RAHAT BEZ CESITLERI 20,9 MOLFIX JUMBO YENI PAKET 24.9 ALDINALDIN DEVELI KACIRMAYIN 8-10 MART IPTL ICIN RET GROSS 3347 B085 +908505400003
Number: (+908503033493)
Text: yakindaki zeynep_clk size bir bulusma istegi gonderdi, hemen cevap vermek icin giris yapin. Kullanici: 05531634992 Sifre: migfn9pq http://bit.ly/meetsgrm +908503039462
Number: (VODAFONE)
Text: Bana Ne Var kampanyasindan size ozel yurticinde gecerli 10.03.2020 18:11:58 tarihine kadar kullanabileceginiz 2GB internet hediyeniz hattiniza yuklenmistir. Bir sonraki surprizimizi onumuzdeki hafta Bana Ne Var bolumunden hediye carkini cevirerek alabilirsiniz. B003 +905429800033
Number: (UCUZADSL)
Text: INTERNETSIZ EV KALMASIN

Turk Telekom Altyapili
Limitsiz Internet
Kurulum Dahil

Aylik 44.90 TL 

Bilgi 08504809366 

sms iptal bit.ly/2HpuKGU 
 B141 +908508980001
Number: (CEVZLiGROSS)
Text: HAYIRLI HAFTALAR BU HAFTA INDIRIM HAFTASI OZEL URUNLERDEKI VE TUM REYONLARDAKI KAMPANYALARI KACIRMAYIN YUMURTA M BOY 7.75 CAYKUR TIRYAKI 1KG 26.50 OMOMATIK 8 KG SOK SOK 40,9 KAYSERI TOZ SEKER 5KG 20,45  PRIL 4KG 15,75 KOMILI SIVI SABUN 4KG 12,9 YUMY SUT 1LT 2,95 8-10 MART IPTAL ICIN RET GROSS 3347 B085 +908505400003
Number: (GncBilisim)
Text: Lover Sevgili Bul uygulamasından yeni bir bildiriminiz var.Link: bit.ly/loversevgilibul B021 +908503039462
Number: (+902166062439)
Text: Partner Bul uygulamasinda sizi begenenler var 
Kullanici Adi : 5531634992 
Sifreniz : 1234567890
 http://bit.ly/PartnerBul +908503039462
Number: (SimdiAra)
Text: Aradiginizda ulasamadiginiz 05432505200 numarasi ve ulasamadiginiz diger numaralar ulasilabilir oldugunda haberdar olmak isterseniz, ABONE SIMDIARA yazip 8000''e gonderip Simdi Ara aboneliginizi baslatabilirsiniz. Detayli bilgi icin vftr.co/simdiara . Iletisim tercihlerinizi degistirmek icin IPTAL yazip 5203'e gönderin. B003 +905429800033
Number: (+905436221860)
Text: Tm +905329010000
Number: (+905436221860)
Text: Nirdesin +905329010000
Number: (+905436221860)
Text: Nidesin +905329010000
Number: (+905425302542)
Text: Sıra halitte +905429800033
Number: (CEVZLiGROSS)
Text: bu fiyatlar baska yerde yok caykur kamelya 1kg 25.95 boron matik 4kg 20.90 saf aycicek yagi 4lt 29,9 ekmek sok fiyat sadece 70 krs not sivi 5kg bulasik det.9,90 selpak kagit havlu 6li 9,90 aksoft tuv.kagidi 32li 17,25 pur camasir suyu 4lt 5,95 8-10 mart arasi gecerlidir IPTAL ICIN RET GROSS 3347 B085 +908505400003
Number: (+902166062439)
Text: Arkadas Sohbet uygulamasinda sizi begenenler var 
Kullanici Adi : 5531634992 
Sifreniz : 1234567890
 http://bit.ly/ArkadasSohbet +908503039462
Number: (+905458821527)
Text: Tmm +905429800033
Number: (+905458821527)
Text: Naptın  +905429800033
Number: (VODAFONENET)
Text: Limitsiz internet ayda 54,90 TL. Üstelik 24 ay boyunca Vodafone TV ücretsiz! Siz de 1 milyon Vodafone Evde İnternet'li arasına katılmak için hemen ücretsiz arayın: 0850 542 9 542. Size özel bildirimleri almak istemiyorsanız KAPAT yazıp 0 542 542 6 000'e gönderebilirsiniz. B003 +905429800033
Number: (+905428186000)
Text: 4  te  +905429800033
Number: (+908503033493)
Text: deli.arzuu sana gizli bir resim gonderdi Meetsgrmda sizden cevap bekliyor Kullanici: 05531634992 Sifre: migfn9pq http://bit.ly/meetsgrm +908503039462
Number: (+908503033493)
Text: GOKSUN size resimli mesaj gonderdi Meetsgrmda sizden cevap bekliyor Kullanici: 05531634992 Sifre: migfn9pq http://bit.ly/meetsgrm +908503039462
Number: (KZLTPEISMAK)
Text: BİLGİ
Sevgili Kursiyerlerimiz İş Makineleri Operatörlük Sınavınız 7 Mart 2020 Cumartesi günü sabah saat 08:30 da Kızıltepe Mehmetcik İlkokulunda olacaktır. Sınava gelirken Kalem Silgi Kimlik ve Sınav Giriş kağıtınızı getirmeyi unutmayınız. bilgi için 05336019747 arayınız. B002 +905329010000
Number: (VODAFONE)
Text: Değerli müşterimiz, faturasızdan faturalıya geçişinizde şehrinize özel tarifenize ek 2GB 12 ay boyunca hediye! SINIRLI SÜRELİ bu fırsattan faydalanmak için en yakın Vodafone mağazamıza bekliyoruz. Size özel indirim ve fırsat bildirimlerini almak istemiyorsanız IPTAL yazıp 5203e gönderebilirsiniz. B003 +905429800033
Number: (+905445695685)
Text: Kiimseye söyleme +905429800033
Number: (+905445695685)
Text: Benle sen bölüşelim +905429800033
Number: (VODAFONE)
Text: DEGERLI ABONEMIZ, HEDIYE DATANIZIN KULLANIM SURESI DOLMUSTUR.DATA KULLANIMLARINIZ PAKETINIZIN TARIFESINDEN UCRETLENDIRILECEKTIR. VODAFONE B003 +905429800033
Number: (VODAFONE)
Text: Hediye Çarkı büyük çekilişi devam ediyor! 24 Şubat-1 Mart tarihleri arasında Hediye Çarkı'nı çevirerek 4. çekiliş hakkınızı kazandınız. Çarkı çevirdikçe her hafta yeni bir çekiliş hakkı daha kazanın. Şans sizinle olsun! Size özel indirim ve fırsat bildirimlerini almak istemiyorsanız IPTAL yazıp 5203'e gönderebilirsiniz. B003 +905429800033
Number: (VODAFONE)
Text: Vodafone'dan hoş geldin FIRSATI! Size özel 8GB 750DK 250SMS sadece 30TL. Hemen alıp kullanmaya başlamak için: http://vftr.co/kolaypaket Size özel indirim ve fırsat bildirimlerini almak istemiyorsanız IPTAL yazıp 5203'e gönderebilirsiniz. B003 +905429800033
Number: (KZLTPEISMAK)
Text: BAHAR KAMPANYASI
Mardin de bir ilk olan Özel Kızıltepe Operatörlük Kursumuzda Bahar Kampanyası başlamıştır. Biçerdöver Bekoloder Ekskavatör Forklift MobilVinç Makinelerinde 5+1 ve Pamuk Top.Mak. 10+1 kayıtlarımız başlamıştır. Son gün 13 Mart 2020 Cuma gününe kadar
05336011747 B002 +905329010000
Number: (ZIRAATBANK)
Text: Degerli Musterimiz; Kart bilgilerinizi, musteri numaranizi ve cep telefonunuza gonderilen tek seferlik SMS islem onay sifrenizi Banka personeli dahil kimseyle paylasmayiniz. Bankamiz hicbir sekilde sizden bu bilgilerinizi istemeyecektir, bu bilgiler sadece sisteme giris yapmak icindir. Supheli durumlarda 0850 220 00 00'i arayabilirsiniz B016 +908503157001
Number: (VODAFONE)
Text: Bana Ne Var kampanyasindan size ozel yurticinde gecerli 03.03.2020 16:58:36 tarihine kadar kullanabileceginiz 2GB internet hediyeniz hattiniza yuklenmistir. Bir sonraki surprizimizi onumuzdeki hafta Bana Ne Var bolumunden hediye carkini cevirerek alabilirsiniz. B003 +905429800033
Number: (+905428994629)
Text: 05455115132 +905429800033
Number: (+905453672749)
Text: 05376473199 +905329010000
Number: (+905428994629)
Text: Ara +905429800033
Number: (+908503022091)
Text: Arkadas Ara Bul uygulamasinda yeni bildirimleriniz var Kullanici Adi : 5531634992 Sifreniz : 1234567890 http://bit.ly/ArkadasAraBul +908503039462
Number: (+905432960787)
Text: Sana sorusor dum banacavap vermedin +905429800033
Number: (+905426209603)
Text: 05413687574 +905329010000
Number: (08505400606)
Text: <#> WhatsApp kod: 291-777

Dogrula: v.whatsapp.com/291777

Kodu paylasmayin
4sgLq1p5sV6 B040 +908505400003
Number: (7000)
Text: 01.03.2020 07.25 itibariyle, Heryone 506 DK, Heryone 4934 SMS, 3.2 GB Internet, 3.16 GB aksam 21:00 sabah 9:00 saatleri arasinda gecerli kullanim hakkiniz bulunmaktadir. Detayli bilgi icin DK, SMS, INTERNET SORGU, TL, YURTDISI INTERNET yazip 7000'e ucretsiz SMS atabilirsiniz. B003 +905429800033
Number: (7000)
Text: 29.02.2020 18.54 itibariyle, Heryone 509 DK, Heryone 4934 SMS, 3.27 GB Internet, 3.56 GB aksam 21:00 sabah 9:00 saatleri arasinda gecerli kullanim hakkiniz bulunmaktadir. Detayli bilgi icin DK, SMS, INTERNET SORGU, TL, YURTDISI INTERNET yazip 7000'e ucretsiz SMS atabilirsiniz. B003 +905429800033
Number: (+908503028726)
Text: Missy Arkadas uygulamasinda yeni bildirimleriniz var. 
Kullanici Adi: 5458821527 
Sifre: 123456
 http://bit.ly/MissyArkadas +908503039462
Number: (+905449524696)
Text: Iyimis hadi hayırlısı olsun kuzen senin ailenle baş başa kalman lazim +905429800033
Number: (+905449524696)
Text: Vardın mi kuzen yani uçaktan indinmi +905429800033
Number: (+905449524696)
Text: Kendine iyi bak +905429800033
Number: (+905449524696)
Text: Tmm kuzen +905429800033
Number: (+905449524696)
Text: Varınca haber ver bana  +905429800033
Number: (+905449524696)
Text: Saat kaca varirsin +905429800033
Number: (+905449524696)
Text: Tmm ozaman  kuzen hayırlı yolculuk lar  +905429800033
Number: (+905449524696)
Text: Ciktinmi  +905429800033
Number: (+905449524696)
Text: Kuzen nereye  vardin +905429800033
Number: (+905425302542)
Text: Ara +905429800033
Number: (+905449524696)
Text: Hangi il +905429800033
Number: (+905449524696)
Text: Nerden ciktin  +905429800033
Number: (+905449524696)
Text: kuzen ciktinmi yola +905429800033
Number: (+905449524696)
Text: Cuma günü hatrina Suriye sinirimdaki 33 şehitlerimize ve yarali askmize 1 fetih suresi okuyalim ve dua edelim allah yapacağiniz duai kl etsin ve yakinlarinizada paylaşalim ª  +905429800033
Number: (+905449524696)
Text: Herkesin cuma aksami ve regaib kandili mübarek olsun +905429800033
Number: (+905449524696)
Text: Ama gelecenya gel canli teklif gonderirsin +905429800033
Number: (+905449524696)
Text: Sn esrayi buk +905429800033
Number: (+905449524696)
Text: Emineden ne haber +905429800033
Number: (+905449524696)
Text: Buldunmu +905429800033
Number: (+905449524696)
Text: Hallet bide ünzile hayta bak +905429800033
Number: (+905449524696)
Text: Cabizade esra adinda +905429800033
Number: (+905449524696)
Text: Sn instagramdan baktinmi +905429800033
Number: (+905449524696)
Text: Esra hocadan ne haber +905429800033
Number: (+905449524696)
Text: Buldunmu hadi isine bak +905429800033
Number: (+905449524696)
Text: Cnkr bulmazsam cinkara bak +905429800033
Number: (+905449524696)
Text: Istagrami fazla kulanmiyor +905429800033
Number: (+905449524696)
Text: Orda emine cnkr diye  +905429800033
Number: (+905449524696)
Text: Ordan  bul +905429800033
Number: (+905449524696)
Text: Sn facebok hesabima gir +905429800033
Number: (+905449524696)
Text: Oda iyi soucta geleceğini bililes  +905429800033
Number: (+905449524696)
Text: Bn onlara suprız yapacak diye düsündüm  +905429800033
Number: (+905449524696)
Text: Teyzem gelecegini bılimi  +905429800033
Number: (+905449524696)
Text: Iyi erken biti sonucta +905429800033
Number: (+905449524696)
Text: Kuzen sn izine gelmedin degilmi +905429800033
Number: (+905449524696)
Text: Simdi heycandan kalbin duracak gibi degilmi +905429800033
Number: (+905449524696)
Text: Gelisine +905429800033
Number: (+905449524696)
Text: Hayırli olsun madem  +905429800033
Number: (+905449524696)
Text: Ozaman aksama ancak varirsin +905429800033
Number: (+905449524696)
Text: Yarin ıyi saat kac gibi cikarsin  +905429800033
Number: (+905449524696)
Text: Nezaman cikacan  +905429800033
Number: (+905449524696)
Text: kuzen napiyon  +905429800033
Number: (+905449524696)
Text: Kuzen isin noldu haletinmi +905429800033
Number: (VODAFONENET)
Text: Limitsiz Fiber İnternet ayda 64,90 TL. Vodafone Evde İnternet fırsatları hakkında bilgi almak için hemen ücretsiz arayın: 0850 542 9 542. Sana özel indirim ve fırsat bildirimlerini almak istemiyorsan KAPAT yazıp 0 542 542 6 000'a gönderebilirsin. B003 +905429800033
Number: (+905449524696)
Text: Iyi hadi kolay gelsim +905429800033
Number: (+908503028726)
Text: Missy Arkadas uygulamasinda yeni bildirimleriniz var. 
Kullanici Adi: 5458821527 
Sifre: 123456
 http://bit.ly/MissyArkadas +908503039462
Number: (+905449524696)
Text: Ne yemek yapiyon +905429800033
Number: (+905449524696)
Text: Ne yemegi sn mutfaktamisin +905429800033
Number: (+905449524696)
Text: E napiyn +905429800033
Number: (+905449524696)
Text: Bekliyom +905429800033
Number: (+905449524696)
Text: Sn aksam ara onu +905429800033
Number: (+905449524696)
Text: Sn pesini birakma +905429800033
Number: (+905449524696)
Text: Acmadimi +905429800033
Number: (+905449524696)
Text: Naptin +905429800033
Number: (+905449524696)
Text: Gunaydin kuzen +905429800033
Number: (VODAFONE)
Text: Degerli musterimiz, 2020 yilinin 2. ayina ait 2,84 TL tutarindaki zorunlu Telsiz Kullanim Ucreti'nin tamami hesabinizdan tahsil edilmistir. Tum mobil hat kullanicilarinin Elektronik Haberlesme Kanunu uyarinca Telsiz Kullanim Ucreti'ni devlete odemekle yukumlu oldugunu hatirlatiriz. Daha fazla bilgi icin http://vftr.co/ftkullanim B003 +905429800033
Number: (+905449524696)
Text: Kuzen hic ses yok  senden naptin aradinmi +905429800033
Number: (SimdiAra)
Text: Aradiginizda ulasamadiginiz 05462163871 numarasi ve ulasamadiginiz diger numaralar ulasilabilir oldugunda haberdar olmak isterseniz, ABONE SIMDIARA yazip 8000''e gonderip Simdi Ara aboneliginizi baslatabilirsiniz. Detayli bilgi icin vftr.co/simdiara . Iletisim tercihlerinizi degistirmek icin IPTAL yazip 5203'e gönderin. B003 +905429800033
Number: (+905462163871)
Text: Sinemadayım. +905429800033
Number: (WhatsApp)
Text: <#> WhatsApp kod: 258-530

Dogrula: v.whatsapp.com/258530

Kodu paylasmayin
4sgLq1p5sV6
B273 +908506660004
Number: (7000)
Text: 19.01.2020 19.00 itibariyle tarife veya paket dahilinde dakika,sms,mms,internet veya TL kullanim hakkiniz bulunmamaktadir, kullanimlariniz tarifenizin ücretlerinden ücretlendirilmektedir. B003 +905429800033
Number: (VODAFONE)
Text: FreeZone'lu, Faturasiz Esnek 8 tarifenin yenilenebilmesi icin bakiyenin en az 32 TL olmasi gerekiyor. Tarife iceriginin yenilenemedigi durumda, tarife kapsamindaki iceriklerinden faydalanamiyorsun. Hemen TL yuklemek icin http://vftr.co/liratopup B003 +905429800033
Number: (7000)
Text: 19.01.2020 14.48 itibariyle, Heryone 42 DK, Heryone 4975 SMS, 3.24 GB Internet, 1.86 GB aksam 21:00 sabah 9:00 saatleri arasinda gecerli kullanim hakkiniz bulunmaktadir. Detayli bilgi icin DK, SMS, INTERNET SORGU, TL, YURTDISI INTERNET yazip 7000'e ucretsiz SMS atabilirsiniz. B003 +905429800033
Number: (+905531634992)
Text: Tmm +905429800033
Number: (7000)
Text: 18.01.2020 22.17 itibariyle, Heryone 45 DK, Heryone 4976 SMS, 3.5 GB Internet, 3.27 GB aksam 21:00 sabah 9:00 saatleri arasinda gecerli kullanim hakkiniz bulunmaktadir. Detayli bilgi icin DK, SMS, INTERNET SORGU, TL, YURTDISI INTERNET yazip 7000'e ucretsiz SMS atabilirsiniz. B003 +905429800033
Number: (FREEZONE)
Text: Gamer Paketleri'nde artık Twitch'te video izlemek de sınırsız. Sınırsız Twitch, Youtube, Pubg Mobil ve Discord'a ek olarak, ücretsiz Twitch Bit ve efsane hediye kazanma şansı da Gamer Paketleri'nde. Gamer Paketleri'ni incelemek için, vftr.co/gaming İletişim tercihini değiştirmek için IPTAL yazıp 5203'e gönderebilirsin. B003 +905429800033
Number: (7000)
Text: Self Servis sifreniz 40052799 olarak belirlenmistir. B003 +905429800033
Number: (VODAFONE)
Text: Sayin abonemiz, 17.01.2020 21:39 itibariyle 20.01.2020 18:34 tarihine kadar gecerli olan Size Ozel Kampanyasi dahilindeki Internet Kullanimi 6 GB limitinizi %100 kullandiniz. Diger kullanim haklarinizin ozeti icin OZET, ayrintisi icin INTERNETSORGU yazip 7000 e SMS atarak ucretsiz ogrenebilirsiniz. Tum kullanim haklariniz bittikten sonra gecerli ucretler: Yurtici Internet Kullanimi 2KR/100KB B003 +905429800033
Number: (+905466912866)
Text: Selam Tatlım Alttaki  Numaram Müsait Ara Beni Tatmin Edersen Ücretsiz Buluşurum Her Yöne Dakikanla Arayabilirsin
Tel: +353 515 73 06 +905429800033
Number: (+905464369477)
Text: Tmm +905429800033
Number: (+905464369477)
Text: Tmm +905429800033
Number: (7000)
Text: 11.01.2020 13.32 itibariyle, Heryone 212 DK, Heryone 4983 SMS, 5.19 GB Internet, 4 GB aksam 21:00 sabah 9:00 saatleri arasinda gecerli kullanim hakkiniz bulunmaktadir. Detayli bilgi icin DK, SMS, INTERNET SORGU, TL, YURTDISI INTERNET yazip 7000'e ucretsiz SMS atabilirsiniz. B003 +905429800033
Number: (VODAFONE)
Text: Sayin abonemiz, 11.01.2020 12:37 itibariyle 20.01.2020 18:34 tarihine kadar gecerli olan Size Ozel Kampanyasi dahilindeki Internet Kullanimi 6 GB limitinizi %80 kullandiniz. Diger kullanim haklarinizin ozeti icin OZET, ayrintisi icin INTERNETSORGU yazip 7000 e SMS atarak ucretsiz ogrenebilirsiniz. Tum kullanim haklariniz bittikten sonra gecerli ucretler: Yurtici Internet Kullanimi 2KR/100KB B003 +905429800033
Number: (+905464347366)
Text: Slam +905429800033
Number: (7000)
Text: 04.01.2020 21:03 itibariyle, Heryone 346 DK, Heryone 4985 SMS, 6.43 GB Internet, 4 GB aksam 21:00 sabah 9:00 saatleri arasinda gecerli kullanim hakkiniz bulunmaktadir. Detayli bilgi icin DK, SMS, INTERNET SORGU, TL, YURTDISI INTERNET yazip 7000'e ucretsiz SMS atabilirsiniz. B003 +905429800033
Number: (7000)
Text: 04.01.2020 17.37 itibariyle, Heryone 348 DK, Heryone 4985 SMS, 6.69 GB Internet, 4 GB aksam 21:00 sabah 9:00 saatleri arasinda gecerli kullanim hakkiniz bulunmaktadir. Detayli bilgi icin DK, SMS, INTERNET SORGU, TL, YURTDISI INTERNET yazip 7000'e ucretsiz SMS atabilirsiniz. B003 +905429800033
Number: (+905425798306)
Text:  SELAM +905429800033
Number: (7000)
Text: 29.12.2019 11:48 itibariyle, Heryone 546 DK, Heryone 4989 SMS, 7.89 GB Internet, 4 GB aksam 21:00 sabah 9:00 saatleri arasinda gecerli kullanim hakkiniz bulunmaktadir. Detayli bilgi icin DK, SMS, INTERNET SORGU, TL, YURTDISI INTERNET yazip 7000'e ucretsiz SMS atabilirsiniz. B003 +905429800033
Number: (ArayanKim)
Text: Hattiniz kapaliyken sizi arayan +905359210260 numarasi ve arayan diger numaralardan hattinizi actiginizda haberdar olmak isterseniz, ABONE ARAYANKIM yazip 8000'e gonderip Arayan Kim aboneliginizi baslatabilirsiniz. Detayli bilgi icin vftr.co/arayankim . Iletisim tercihlerinizi degistirmek icin IPTAL yazip 5203'e gönderin. B003 +905429800033
Number: (7000)
Text: 22.12.2019 13.01 itibariyle, Heryone 717 DK, Heryone 4998 SMS, 8.62 GB Internet, 4 GB aksam 21:00 sabah 9:00 saatleri arasinda gecerli kullanim hakkiniz bulunmaktadir. Detayli bilgi icin DK, SMS, INTERNET SORGU, TL, YURTDISI INTERNET yazip 7000'e ucretsiz SMS atabilirsiniz. B003 +905429800033
Number: (VODAFONE)
Text: Turkiye'nin en buyuk espor turnuvalarindan TESFED Vodafone FreeZone Turkiye Kupasi'nin finalleri 21-22 Aralik'ta Vodafone TV'de. Turkiye'deki en populer 6 oyun olan LoL, CS:GO, Pubg, Fifa 20, Zula ve DOTA 2 finallerini internetinizden yemeden izlemek icin tiklayin vftr.co/tvindir Size ozel indirim ve firsat bildirimlerini almak istemiyorsaniz IPTAL yazip 5203'e gonderebilirsiniz. B003 +905429800033
Number: (+905464347366)
Text: Tam +905429800033
Number: (FACEBOOK)
Text: Instagram sifreni yenilemek icin dokun: https://ig.me/1IKFUlGMIPgjcgX b153 +908505500001
Number: (7000)
Text: 20.12.2019 21:22 itibariyle, Heryone 736 DK, Heryone 4999 SMS, 9.76 GB Internet, 4 GB aksam 21:00 sabah 9:00 saatleri arasinda gecerli kullanim hakkiniz bulunmaktadir. Detayli bilgi icin DK, SMS, INTERNET SORGU, TL, YURTDISI INTERNET yazip 7000'e ucretsiz SMS atabilirsiniz. B003 +905429800033
Number: (7000)
Text: 14.12.2019 20.53 itibariyle, Heryone 237 DK, Heryone 4865 SMS, 794.25 MB Internet, 2.41 GB aksam 21:00 sabah 9:00 saatleri arasinda gecerli kullanim hakkiniz bulunmaktadir. Detayli bilgi icin DK, SMS, INTERNET SORGU, TL, YURTDISI INTERNET yazip 7000'e ucretsiz SMS atabilirsiniz. B003 +905429800033
Number: (VODAFONE)
Text: Internetin mi bitiyor? Tarifendeki interneti uygun fiyatla hemen doldurmak icin tikla: http://vftr.co/dolint B003 +905429800033
Number: (VODAFONE)
Text: 14.12.2019 20:48  itibariyle Faturasiz Esnek 8 dahilindeki  her saat gecerli 4GB limitin %80'ini kullandin. Diger kullanim haklarinin ozeti icin OZET, ayrintisi icin INTERNETSORGU yazip 7000 e SMS atarak ucretsiz ogrenebilirsin. Tum kullanim haklarin bittikten sonra gecerli ucretler: Internet kullanimi 2KR/100KB B003 +905429800033
Number: (FACEBOOK)
Text: 889539 kodunu kullanarak Facebook şifreni yenileyebilirsin b153 +908505500001
Number: (FACEBOOK)
Text: 190878 kodunu kullanarak Facebook şifreni yenileyebilirsin b153 +908505500001
Number: (FACEBOOK)
Text: 366362 kodunu kullanarak Facebook şifreni yenileyebilirsin B002 +905329010000
Number: (FACEBOOK)
Text: 244541 kodunu kullanarak Facebook şifreni yenileyebilirsin b153 +908505500001
Number: (7000)
Text: 30.11.2019 08.09 itibariyle, Heryone 567 DK, Heryone 4916 SMS, 4 GB Internet, 3.75 GB aksam 21:00 sabah 9:00 saatleri arasinda gecerli kullanim hakkiniz bulunmaktadir. Detayli bilgi icin DK, SMS, INTERNET SORGU, TL, YURTDISI INTERNET yazip 7000'e ucretsiz SMS atabilirsiniz. B003 +905429800033
Number: (VODAFONE)
Text: Sayin abonemiz, 29.11.2019 21:06 itibariyle 19.12.2019 18:47 tarihine kadar gecerli olan Size Ozel Kampanyasi dahilindeki Internet Kullanimi 2 GB limitinizi %100 kullandiniz. Diger kullanim haklarinizin ozeti icin OZET, ayrintisi icin INTERNETSORGU yazip 7000 e SMS atarak ucretsiz ogrenebilirsiniz. Tum kullanim haklariniz bittikten sonra gecerli ucretler: Yurtici Internet Kullanimi 2KR/100KB B003 +905429800033
Number: (7000)
Text: 24.11.2019 16.33 itibariyle, Heryone 683 DK, Heryone 4965 SMS, 4.24 GB Internet, 4 GB aksam 21:00 sabah 9:00 saatleri arasinda gecerli kullanim hakkiniz bulunmaktadir. Detayli bilgi icin DK, SMS, INTERNET SORGU, TL, YURTDISI INTERNET yazip 7000'e ucretsiz SMS atabilirsiniz. B003 +905429800033
Number: (VODAFONE)
Text: Sayin abonemiz, 24.11.2019 15:40 itibariyle 19.12.2019 18:47 tarihine kadar gecerli olan Size Ozel Kampanyasi dahilindeki Internet Kullanimi 2 GB limitinizi %80 kullandiniz. Diger kullanim haklarinizin ozeti icin OZET, ayrintisi icin INTERNETSORGU yazip 7000 e SMS atarak ucretsiz ogrenebilirsiniz. Tum kullanim haklariniz bittikten sonra gecerli ucretler: Yurtici Internet Kullanimi 2KR/100KB B003 +905429800033
Number: (7000)
Text: 23.11.2019 22.48 itibariyle, Heryone 683 DK, Heryone 4965 SMS, 4.78 GB Internet, 4 GB aksam 21:00 sabah 9:00 saatleri arasinda gecerli kullanim hakkiniz bulunmaktadir. Detayli bilgi icin DK, SMS, INTERNET SORGU, TL, YURTDISI INTERNET yazip 7000'e ucretsiz SMS atabilirsiniz. B003 +905429800033
Number: (FACEBOOK)
Text: <#> 354 716 senin Instagram kodun. SIYRxKrru1t B002 +905329010000
Number: (7000)
Text: 16.11.2019 15.03 itibariyle, Heryone 240 DK, Heryone 4770 SMS, 3.87 GB Internet, 3.85 GB aksam 21:00 sabah 9:00 saatleri arasinda gecerli kullanim hakkiniz bulunmaktadir. Detayli bilgi icin DK, SMS, INTERNET SORGU, TL, YURTDISI INTERNET yazip 7000'e ucretsiz SMS atabilirsiniz. B003 +905429800033
Number: (7000)
Text: 16.11.2019 14:28 itibariyle, Heryone 240 DK, Heryone 4770 SMS, 3.89 GB Internet, 3.85 GB aksam 21:00 sabah 9:00 saatleri arasinda gecerli kullanim hakkiniz bulunmaktadir. Detayli bilgi icin DK, SMS, INTERNET SORGU, TL, YURTDISI INTERNET yazip 7000'e ucretsiz SMS atabilirsiniz. B003 +905429800033
Number: (VODAFONE)
Text: FreeZone'lu, Faturasiz Esnek 8 tarifen, 19.11.2019 14:25 tarihinde bakiyen yeterli ise 32 TL karsiliginda yenilenecek. Yeterli bakiyen yoksa yukleme yapmayi unutma.Detayli bilgi icin http://vftr.co/yanimda B003 +905429800033
Number: (+905452676274)
Text: Kimsin bilmiyorum bu numaramı nerden aldın kim verdi sana 77 sulalesini...anladin bidaha tek mesej gelirse varys seninde sulalenide  +905429800033
Number: (VODAFONE)
Text: Sayin abonemiz, 15.11.2019 23:06 itibariyle 20.11.2019 14:26 tarihine kadar gecerli olan Size Ozel Kampanyasi dahilindeki Internet Kullanimi 2 GB limitinizi %100 kullandiniz. Diger kullanim haklarinizin ozeti icin OZET, ayrintisi icin INTERNETSORGU yazip 7000 e SMS atarak ucretsiz ogrenebilirsiniz. Tum kullanim haklariniz bittikten sonra gecerli ucretler: Yurtici Internet Kullanimi 2KR/100KB B003 +905429800033
Number: (VODAFONE)
Text: Sayin abonemiz, 10.11.2019 16:31 itibariyle 20.11.2019 14:26 tarihine kadar gecerli olan Size Ozel Kampanyasi dahilindeki Internet Kullanimi 2 GB limitinizi %80 kullandiniz. Diger kullanim haklarinizin ozeti icin OZET, ayrintisi icin INTERNETSORGU yazip 7000 e SMS atarak ucretsiz ogrenebilirsiniz. Tum kullanim haklariniz bittikten sonra gecerli ucretler: Yurtici Internet Kullanimi 2KR/100KB B003 +905429800033
Number: (VODAFONE)
Text: Cumhuriyetimizin kurucusu Ulu Onder Mustafa Kemal Ataturk'u saygi ve ozlemle aniyoruz.B003 +905429800033
Number: (ArayanKim)
Text: Hattiniz kapaliyken sizi arayan +905348975460 numarasi ve arayan diger numaralardan hattinizi actiginizda haberdar olmak isterseniz, ABONE ARAYANKIM yazip 8000'e gonderip Arayan Kim aboneliginizi baslatabilirsiniz. Detayli bilgi icin vftr.co/arayankim . Iletisim tercihlerinizi degistirmek icin IPTAL yazip 5203'e gönderin. B003 +905429800033
Number: (SimdiAra)
Text: Aradiginizda ulasamadiginiz 05434869845 numarasi ve ulasamadiginiz diger numaralar ulasilabilir oldugunda haberdar olmak isterseniz, ABONE SIMDIARA yazip 8000''e gonderip Simdi Ara aboneliginizi baslatabilirsiniz. Detayli bilgi icin vftr.co/simdiara . Iletisim tercihlerinizi degistirmek icin IPTAL yazip 5203'e gönderin. B003 +905429800033
Number: (7000)
Text: 09.11.2019 16:22 itibariyle, Heryone 332 DK, Heryone 4795 SMS, 5.15 GB Internet, 4 GB aksam 21:00 sabah 9:00 saatleri arasinda gecerli kullanim hakkiniz bulunmaktadir. Detayli bilgi icin DK, SMS, INTERNET SORGU, TL, YURTDISI INTERNET yazip 7000'e ucretsiz SMS atabilirsiniz. B003 +905429800033
Number: (+905446328934)
Text: Hm yarin beni ara +905429800033
Number: (+905446328934)
Text: Hep bulaşıkmı yıkıyon +905429800033
Number: (+905446328934)
Text: Oturyom sen +905429800033
Number: (ArayanKim)
Text: Hattiniz kapaliyken sizi arayan +905462163871 numarasi ve arayan diger numaralardan hattinizi actiginizda haberdar olmak isterseniz, ABONE ARAYANKIM yazip 8000'e gonderip Arayan Kim aboneliginizi baslatabilirsiniz. Detayli bilgi icin vftr.co/arayankim . Iletisim tercihlerinizi degistirmek icin IPTAL yazip 5203'e gönderin. B003 +905429800033
Number: (+905446328934)
Text: Müsayit olunca ara +905429800033
Number: (+905446328934)
Text: Hm kolay gelsin +905429800033
Number: (+905446328934)
Text: Napyon +905429800033
Number: (+905446328934)
Text: Slm +905429800033
Number: (08505400606)
Text: <#> WhatsApp kod: 390-430

Dogrula: v.whatsapp.com/390430

Kodu paylasmayin
4sgLq1p5sV6 B040 +908505400003
Number: (FACEBOOK)
Text: <#> 324 610 is your Instagram code. SIYRxKrru1t B002 +905329010000
Number: (FACEBOOK)
Text: <#> 324 610 is your Instagram code. SIYRxKrru1t B002 +905329010000
Number: (FACEBOOK)
Text: Instagram sifreni yenilemek icin dokun: https://ig.me/1QVmu51Ab5nVSdG b153 +908505500001
Number: (FACEBOOK)
Text: Instagram sifreni yenilemek icin dokun: https://ig.me/1L35ompPbzjDigc b153 +908505500001
Number: (FACEBOOK)
Text: <#> 473 061 senin Instagram kodun SIYRxKrru1t b153 +908505500001
Number: (FACEBOOK)
Text: Instagram sifreni yenilemek icin dokun: https://ig.me/1JpoJKL34PXLvKz b153 +908505500001
Number: (FACEBOOK)
Text: 222507 kodunu kullanarak Facebook şifreni yenileyebilirsin b153 +908505500001
Number: (+908503022091)
Text: Arkadas Ara Bul uygulamasinda yeni bildirimleriniz var Kullanici Adi : 5531634992 Sifreniz : 1234567890 http://bit.ly/ArkadasAraBul +908503039462
Number: (+905459794542)
Text: Daha sonra arayabilir misiniz? +905429800033
Number: (+902166062439)
Text: Partner Bul uygulamasinda sizi begenenler var 
Kullanici Adi : 5531634992 
Sifreniz : 1234567890
 http://bit.ly/PartnerBul +908503039462
Number: (ICISLERIBAK)
Text: TELEFONLA ARAYARAK KENDINI ASKER, POLIS, SAVCI, HAKIM, VALI VE KAYMAKAM OLARAK TANITIP CESITLI TALEPLERDE BULUNAN SAHISLARI 156/155/112'YE BILDIRINIZ.B003 +905429800033
Number: (+905434710498)
Text: Hacı muhtarın numarasını gönder bize +905329010000
Number: (SimdiAra)
Text: Aradiginizda ulasamadiginiz 05459794542 numarasi ve ulasamadiginiz diger numaralar ulasilabilir oldugunda haberdar olmak isterseniz, ABONE SIMDIARA yazip 8000''e gonderip Simdi Ara aboneliginizi baslatabilirsiniz. Detayli bilgi icin vftr.co/simdiara . Iletisim tercihlerinizi degistirmek icin IPTAL yazip 5203'e gönderin. B003 +905429800033
Number: (+905434710498)
Text: Abe  noyu göndermedin +905329010000
Number: (+902166062439)
Text: Partner Bul uygulamasinda sizi begenenler var 
Kullanici Adi : 5531634992 
Sifreniz : 1234567890
 http://bit.ly/PartnerBul +908503039462
Number: (E-DEVLET   )
Text: Dogrulama kodunuz : 99037 . Bu mesaj e-Devlet Kapisi tarafindan 10/10/2019 20:11:51 itibariyle gonderilmistir. B001 +905598008000
Number: (+908503028726)
Text: Missy Arkadas uygulamasinda yeni bildirimleriniz var 
Kullanici Adi : 5531634992 
Sifreniz : 1234567890
 http://bit.ly/MissyArkadas +908503039462
Number: (+905428186000)
Text: Bekliyorum Harran day I'm +905429800033
Number: (+905325466273)
Text: Alacalı 7 yeni koy 1 bellitaş 4 şukurali 3 +905329010000
Number: (+902166062439)
Text: Arkadas Sohbet uygulamasinda sizi begenenler var 
Kullanici Adi : 5531634992 
Sifreniz : 1234567890
 http://bit.ly/ArkadasSohbet +908503039462
Number: (+905462331390)
Text: +905325466273 +905429800033
Number: (VODAFONE)
Text: Sayin abonemiz, 08.10.2019 07:02 itibariyle 26.10.2019 12:23 tarihine kadar gecerli olan Size Ozel Kampanyasi dahilindeki Internet Kullanimi 5 GB limitinizi %100 kullandiniz. Diger kullanim haklarinizin ozeti icin OZET, ayrintisi icin INTERNETSORGU yazip 7000 e SMS atarak ucretsiz ogrenebilirsiniz. Tum kullanim haklariniz bittikten sonra gecerli ucretler: Yurtici Internet Kullanimi 2KR/100KB B003 +905429800033
Number: (+905531634992)
Text: Abdulrezzak kilic108.abisi 45.mehhe.50 +905429800033
Number: (SimdiAra)
Text: Aradiginizda ulasamadiginiz 05436031796 numarasi ve ulasamadiginiz diger numaralar ulasilabilir oldugunda haberdar olmak isterseniz, ABONE SIMDIARA yazip 8000''e gonderip Simdi Ara aboneliginizi baslatabilirsiniz. Detayli bilgi icin vftr.co/simdiara . Iletisim tercihlerinizi degistirmek icin IPTAL yazip 5203'e gönderin. B003 +905429800033
Number: (+905462331390)
Text: +905444412034 +905429800033
Number: (ArayanKim)
Text: Hattiniz kapaliyken sizi arayan +905436031796 numarasi ve arayan diger numaralardan hattinizi actiginizda haberdar olmak isterseniz, ABONE ARAYANKIM yazip 8000'e gonderip Arayan Kim aboneliginizi baslatabilirsiniz. Detayli bilgi icin vftr.co/arayankim . Iletisim tercihlerinizi degistirmek icin IPTAL yazip 5203'e gönderin. B003 +905429800033
