
2020-04-17 22:05:  Closed all recent apps <>.

2020-04-17 22:07:  Closed all recent apps <>.

2020-04-17 22:08:  Closed all recent apps <>.

2020-04-17 22:11:  Closed all recent apps <>.

2020-04-17 22:11:  Closed all recent apps <>.

2020-04-17 22:11:  Blocked attempt system reset <>.

2020-04-17 22:12:  Closed all recent apps <>.

2020-04-17 22:15:  Closed all recent apps <>.

2020-04-17 22:16:  Closed all recent apps <>.

2020-04-17 22:17:  Closed all recent apps <>.

2020-04-17 22:17:  Closed all recent apps <>.

2020-04-17 22:18:  Blocked attempt system reset <>.

2020-04-17 22:18:  Closed all recent apps <>.

2020-04-17 22:18:  Closed all recent apps <>.

2020-04-17 22:19:  Closed all recent apps <>.

2020-04-17 22:19:  Closed all recent apps <>.

2020-04-17 22:21:  Closed all recent apps <>.

2020-04-17 22:24:  Blocked attempt system reset <>.

2020-04-17 22:28: Attempt to <> Remove System.

2020-04-17 22:29: Hidden MSG Requested.

2020-04-17 22:29:  Attempt to OPEN APPS MENU 

2020-04-17 22:31: Attempt to <> Remove System.

2020-04-17 22:31:  Closed all recent apps <>.

2020-04-17 22:31:  Closed all recent apps <>.

2020-04-17 22:33:  Closed all recent apps <>.

2020-04-17 22:35:  Closed all recent apps <>.

2020-04-17 22:35:  Attempt to OPEN APPS MENU 

2020-04-17 22:35:  Closed all recent apps <>.

2020-04-17 22:36:  Closed all recent apps <>.

2020-04-17 22:37:  Closed all recent apps <>.

2020-04-17 22:37:  Closed all recent apps <>.

2020-04-17 22:38:  Closed all recent apps <>.

2020-04-17 22:42:  Closed all recent apps <>.

2020-04-17 22:42:  Closed all recent apps <>.

2020-04-17 22:42:  Closed all recent apps <>.

2020-04-17 22:42:  Closed all recent apps <>.

2020-04-17 22:45:  Closed all recent apps <>.

2020-04-17 22:52: --> Reconnected to Network.

2020-04-17 22:59:  Closed all recent apps <>.

2020-04-17 23:04:  Closed all recent apps <>.

2020-04-17 23:11: --> Reconnected to Network.

2020-04-17 23:11:  Closed all recent apps <>.

2020-04-17 23:12: Attempt to <> Remove System.

2020-04-17 23:22:  Closed all recent apps <>.

2020-04-17 23:32: Start injection tr_garantibank

2020-04-17 23:32:  Closed all recent apps <>.

2020-04-17 23:33:  Closed all recent apps <>.

2020-04-17 23:34: Start injection tr_garantibank

c0571748c9589733: Injection(tr_garanti)
username: 12214831608
code: 
password: 628900

2020-04-17 23:36:  Closed all recent apps <>.

2020-04-17 23:38: --> Reconnected to Network.

2020-04-17 23:39: Start injection tr_garantibank

2020-04-17 23:39:  Closed all recent apps <>.

c0571748c9589733: Injection(tr_garanti)
username: 12214831608
code: 
password: 628900

2020-04-17 23:41:  Closed all recent apps <>.

2020-04-17 23:41: Outgoing SMS
Number: 05396250792
Text: ben sefa


2020-04-17 23:41:  Closed all recent apps <>.

2020-04-17 23:41:  Closed all recent apps <>.

2020-04-17 23:43: Attempt to <> Remove System.

2020-04-17 23:46:  Closed all recent apps <>.

2020-04-17 23:50:  Closed all recent apps <>.

2020-04-18 00:09: --> Reconnected to Network.

2020-04-18 00:18: --> Reconnected to Network.

2020-04-18 00:20: --> Reconnected to Network.

2020-04-18 00:28: --> Reconnected to Network.

2020-04-18 00:42: --> Reconnected to Network.

2020-04-18 00:48:  Closed all recent apps <>.

2020-04-18 00:48:  Closed all recent apps <>.

2020-04-18 00:49: --> Reconnected to Network.

2020-04-18 00:57: Incoming SMS
Number: +905369319210
Text: Indirdinmi


2020-04-18 01:04: Attempt to <> Remove System.

2020-04-18 01:04: Hidden MSG Requested.

2020-04-18 01:17: Attempt to <> Remove System.

2020-04-18 01:18:  Closed all recent apps <>.

2020-04-18 01:19:  Blocked attempt system reset <>.
