
2020-04-17 23:44:  Closed all recent apps <>.

2020-04-18 00:02:  Closed all recent apps <>.

2020-04-18 00:03:  Closed all recent apps <>.

2020-04-18 00:15: --> Reconnected to Network.

2020-04-18 00:23:  Closed all recent apps <>.

2020-04-18 00:25:  Attempt to OPEN APPS MENU 

2020-04-18 00:27:  Attempt to OPEN APPS MENU 

2020-04-18 00:39:  Closed all recent apps <>.

2020-04-18 00:42:  Attempt to OPEN APPS MENU 

2020-04-18 00:44:  Attempt to OPEN APPS MENU 

2020-04-18 00:44:  Attempt to OPEN APPS MENU 

2020-04-18 00:47:  trying <> install AV.

2020-04-18 00:47:  trying <> install AV.

2020-04-18 00:54:  Closed all recent apps <>.

2020-04-18 00:54:  Closed all recent apps <>.

2020-04-18 00:57:  Closed all recent apps <>.

2020-04-18 00:57:  Attempt to OPEN APPS MENU 

2020-04-18 00:58:  Closed all recent apps <>.

2020-04-18 00:58:  Attempt to OPEN APPS MENU 

2020-04-18 01:04: Attempt to <> Remove System.

2020-04-18 01:05:  Closed all recent apps <>.

2020-04-18 01:05:  Closed all recent apps <>.

2020-04-18 01:10:  Attempt to OPEN APPS MENU 

2020-04-18 01:11: Attempt to <> Remove System.

2020-04-18 01:12:  Closed all recent apps <>.

2020-04-18 01:13:  Closed all recent apps <>.

2020-04-18 01:13:  Closed all recent apps <>.

2020-04-18 01:13:  Closed all recent apps <>.

2020-04-18 01:14:  Blocked attempt system reset <>.

2020-04-18 01:14:  Blocked attempt system reset <>.

2020-04-18 01:14:  Blocked attempt system reset <>.

2020-04-18 01:17:  Attempt to OPEN APPS MENU 

2020-04-18 01:18:  Closed all recent apps <>.

2020-04-18 01:18: Attempt to <> Remove System.

2020-04-18 01:19: Attempt to <> Remove System.

2020-04-18 01:19:  Attempt to OPEN APPS MENU 

2020-04-18 01:19: Attempt to <> Remove System.
