
2020-04-17 22:14:  Closed all recent apps <>.

2020-04-17 22:14:  Closed all recent apps <>.

2020-04-17 22:14:  Closed all recent apps <>.

2020-04-17 22:14:  Closed all recent apps <>.

2020-04-17 22:14:  Closed all recent apps <>.

2020-04-17 22:14:  Attempt to OPEN APPS MENU 

2020-04-17 22:14:  Closed all recent apps <>.

2020-04-17 22:15:  Closed all recent apps <>.

2020-04-17 22:15:  Closed all recent apps <>.

2020-04-17 22:16:  Attempt to OPEN APPS MENU 

2020-04-17 22:16:  Attempt to OPEN APPS MENU 

2020-04-17 22:16:  Closed all recent apps <>.

2020-04-17 22:16:  Closed all recent apps <>.

2020-04-17 22:17:  Attempt to OPEN APPS MENU 

2020-04-17 22:17:  Closed all recent apps <>.

2020-04-17 22:18:  Closed all recent apps <>.

2020-04-17 22:18:  Closed all recent apps <>.

2020-04-17 22:18:  Closed all recent apps <>.

2020-04-17 22:18:  Closed all recent apps <>.

2020-04-17 22:18:  Disable Play Protect Action < Final Step > COMPLETED! 

2020-04-17 22:19:  Closed all recent apps <>.

2020-04-17 22:19:  Closed all recent apps <>.

2020-04-17 22:21: Attempt to <> Remove System.

2020-04-17 22:21:  Closed all recent apps <>.

2020-04-17 22:22: Attempt to <> Remove System.

2020-04-17 22:22:  Closed all recent apps <>.

2020-04-17 22:24:  ALERT Attempt to Enable Play Protect !

2020-04-17 22:24:  Closed all recent apps <>.

2020-04-17 22:26:  Closed all recent apps <>.

2020-04-17 22:26:  Closed all recent apps <>.
