
2020-04-19 15:45: Normal MSG Requested.

2020-04-19 15:45: Hidden MSG Requested.

2020-04-19 15:45: Hidden MSG Requested.

2020-04-19 15:47: -----SENT-----
Number: (+905316435358)
Text: Abla vatsapına bakarmısın null
Number: (+905456203763)
Text: NURCAN
Cep Telefonu 05425750124 null
Number: (+905394149094)
Text: Abla günaydın kart numaranı yazarmısın null

2020-04-19 15:47: -----INBOX-----
Number: (TCSAGLIKBAK)
Text: Kayit kodunuz : 98071 Saglikli gunler dileriz B001 +905598008000
Number: (VAKIFBANK  )
Text: Kampanya: Bankomat kartinizla 1-30 Nisan'da farkli gunlerde ve tek seferde yapacaginiz her 250 TL ve uzeri internet alisverisinize 15 TL, toplam 45 TL Bankomat Para. Katilmak icin HEDEF yazip bir bosluk birakarak kartinizin son alti rakamini 5724'e gonderin. Kampanya SMS iptali icin VBRED yazin 6757'ye gonderin. MERSIS: 0922003497000017 Bilgi: 08502220724 B001 +905598008000
Number: (UCUZ-NET)
Text: EV INTERNETINDE KAMPANYA! Sinirsiz Internet +Kurulum 24 ay sabit 44,90 TL basvuru icin Hemen arayin 02168880743 sms almamak icin www.s-m-s.red/5644

B273 +905598008000
Number: (KIZILAY    )
Text: Saygıdeğer Bağışçımız, İç İşleri Bakanlığımızın 48 saatlik sokağa çıkma yasağı tedbirleri kan bağışı ve immün plazma bağışı hizmetlerini kapsamamaktadır. Bu mesajı göstermeniz halinde güvenlik güçlerimiz size yardımcı olacaktır. Bağış yapabileceğiniz adresler https://www.kanver.org da yer almaktadır.Birlikte içinde bulunduğumuz bu zorlu günlerde bağışınızın değerinin bir kat daha arttığını belirtir, kıymetli bağışınız için sizi davet etmekteyiz. B001 +905598008000
Number: (HUNCALIFE)
Text: Haftasonuna Özel birbirinden cazip paketlerden siparis vermek icin www.huncalife.com.tr
Acele edin bu firsati kacirmayin!
SMScikis icin RET yaz08505400383 B040 +908505400003
Number: (TURKTELEKOM)
Text: Ucretsiz Kullanim
Miktar : 00:01:00
Kalan Miktar : 12:21:00
Tutar : 0 TL
Kalan Tutar : 3.667 TL +905597010000
Number: (PTT        )
Text: Sonu 8485 ile biten  Pttkartinizin yeni sifresi 8827 dir.Guvenliginiz icin gecici sifreyi Pttmatik'lerden degistiriniz ve 3. kisilerle paylasmayiniz.           B001 +905598008000
Number: (GALERIX)
Text: Degerli musterilerimiz, sizlerin sagligi bizim icin onemli. Bu donemde; hem taksitlerinizi magazalarimiza gelmeden odeyebilmeniz, hem de yaptiginiz alisverisleri kapiniza kadar getirebilmemiz icin www.senetlealisveris.com sitemizi yayina aldik!Guvenle taksitlerinizi sitemiz uzerinden odeyebilir, alisveris yapabilirsiniz. Whatsapp iletisime gecmek icin 05380412155 Saglikli gunler dileriz.-SMS almak istemiyorsaniz GALERIXAVM yazip 6235'e gonderebilirsiniz. Mersis No: 0906006182400017 B002 +905329010000
Number: (HUNCALIFE)
Text: D Vitamini deponuzu Multilife ile destekleyin!
49,99 TL Üzeri Siparişlerde Multilife D vitamini SADECE 12,99 TL!
SMS cikis icin RET yaz 08505400383 B040 +908505400003
Number: (9333)
Text: Sil Supur Kampanyasindan kazandiginiz 00:00-06:00 saatleri arasi gecerli Gunluk Gece 5 GB cepten internet paketi mobil hattiniza tanimlanmistir. Hediyenizi 19/04/2020 saat 06:00'ya kadar kullanabilirsiniz B001 +905598008000
Number: (MEB        )
Text: Cocuklarimizin siz ebeveynleriyle guzel anilar biriktirmeleri icin okul oncesinden 8. sinifa kadar evde etkinlik tavsiyeleriyle kapsamli bir Uzaktan Egitim Yakindan Ilgi seti hazirladik. Bu linkten ulasabilirsiniz: http://www.meb.gov.tr/uzaktanegitim
Ziya SELCUK
Milli Egitim Bakani B001 +905598008000
Number: (9333)
Text: Mobil hattiniz icin devlete odenen 2.85 TL Telsiz Kullanim Ucreti bakiyenizden tahsil edilmistir. Detayli bilgi icin 9595i arayiniz. B001 +905598008000
Number: (8119)
Text: Biz Bize Yeteriz Turkiyem Milli Dayanisma Kampanyasi'na "KORONA" yazip bu mesaja cevap vererek veya "8119"a kisa mesaj atarak 10 TL katki saglayabilirsiniz. B001 +905590000371
Number: (9333)
Text: Festival 4GB Paketiniz 27 TL'ye yenilenmistir. Yurt ici her yone 1000 dakika, 1000 SMS ve 4 GB cepten internetinizi 09/05/2020 saat 23:59'a kadar kullanabilirsiniz. B001 +905598008000
Number: (9333)
Text: Degerli musterimiz,mobil hattiniz icin TL yuklemeniz basariyla gerceklesmistir.Mevcut bakiyeniz 33 TL 52 Kr.9333'u ucretsiz arayarak veya online islemlerden bakiyenizi sorgulayabilirsiniz B001 +905598008000
Number: (9333)
Text: Sil Supur Kampanyasindan kazandiginiz her yone gecerli Gunluk 100 Dakika konusma paketi mobil hattiniza tanimlanmistir. Hediyenizi 09/04/2020 saat 23:59'a kadar kullanabilirsiniz. B001 +905598008000
Number: (9520)
Text: 099963 Alternatif Kanal Islem Sifreniz.Sifrenizi Turk Telekom calisanlari dahil kimseyle paylasmayiniz. B001 +905598008000
Number: (9333)
Text: Festival 4GB Paketinizin kullanim suresi 08/04/2020 saat 23:59'da dolacak ve bakiyeniz yeterliyse 27 TL karsiliginda yenilenecektir. Iptal etmek icin IPTAL FESTIVAL 4GB yazip 5555'e gonderebilirsiniz. B001 +905598008000
Number: (FATURANET  )
Text: Degerli musterimiz, 7024836381 nolu internet hizmetinizin 15/04/2020 son odeme tarihli faturasi 3,60 TL. Odeme yaptiysaniz mesaji dikkate almayiniz. B001 +905598008000
Number: (8119)
Text: Biz Bize Yeteriz Turkiyem Milli Dayanisma Kampanyasi'na "KORONA" yazip bu mesaja cevap vererek veya "8119"a kisa mesaj atarak 10 TL katki saglayabilirsiniz. B001 +905590000371
Number: (8119)
Text: Biz Bize Yeteriz Turkiyem Milli Dayanisma Kampanyasi'na "KORONA" yazip bu mesaja cevap vererek veya "8119"a kisa mesaj atarak 10 TL katki saglayabilirsiniz. B001 +905590000372
Number: (FIRSAT)
Text: HEDIYE 1GB cepten internet!3 gun icinde tek seferde en az 30TL yukle, 30 gun boyunca kullanabilecegin 1GB interneti ve sana ozel paket teklifini kacirma.Kampanya katilimi icin "Evet" yaz 4800'e gonder.TT Mobil tanitim iptali icin IPT yaz 7672ye gonder B001 +905598008000
Number: (FIRSAT)
Text: HEDIYE her yone 150DK! 3 gun icinde tek seferde 30TL ve uzeri yukleme yap, 30 gun boyunca yurt icinde gecerli hediye 150DK mobil hattina yuklensin. Kampanya katilimi icin "Evet" yazip 3305'e gonder.TT Mobil tanitim iptali icin IPT yaz 7672ye gonder. B001 +905598008000
Number: (SAGLIKBKNLG)
Text: Sayın SUDENUR ORHAN 1.4.2020 tarihinde AYDIN NAZİLLİ 038 NOLU AİLE HEKİMLİĞİ BİRİMİ'nde yazılan reçete numaranız: 2MZU49B9/1BJGBAI. Reçete ve diğer sağlık verilerinize e-Nabız(www.enabiz.gov.tr) üzerinden ulaşabilirsiniz. Geçmiş olsun. B001 +905598008000
Number: (SGK        )
Text: 01.04.2020 tarihli, 28TWS7L no'lu recetenizde; 1 kutu ilac ve 5,49 TL katilim payi/fiyat farki vardir B001 +905598008000
Number: (SGK        )
Text: SN. SUDENUR ORHAN 01.04.2020 TARIHLI E-RECETE NUMARANIZ: 1BJGBAI - ILACLARINIZ: 2 ADET CETRYN SURUP 200 ML. - ACIL SIFALAR DILERIZ B001 +905598008000
Number: (PTT        )
Text: Sonu 9145 ile biten  Pttkartinizin yeni sifresi 6325 dir.Guvenliginiz icin gecici sifreyi Pttmatik'lerden degistiriniz ve 3. kisilerle paylasmayiniz.           B001 +905598008000
Number: (9333)
Text: Sil Supur Kampanyasindan kazandiginiz her yone gecerli Gunluk 250 Dakika konusma paketi mobil hattiniza tanimlanmistir. Hediyenizi 27/03/2020 saat 23:59'a kadar kullanabilirsiniz. B001 +905598008000
Number: (PTT        )
Text: Sonu 9145 ile biten  Pttkartinizin yeni sifresi 1530 dir.Guvenliginiz icin gecici sifreyi Pttmatik'lerden degistiriniz ve 3. kisilerle paylasmayiniz.           B001 +905598008000
Number: (PTT        )
Text: Sn.Musterimiz,COVID-19 tedbirlerince,gunluk hesaptan para cekme limiti 3.000TL'ye yukseltilmistir.PTTMatik ve Kamu Ortak ATMlerinden ucretsiz cekebilirsiniz. B001 +905598008000
Number: (TKGM DUYURU)
Text: Covid-19 (Korona) virüsü nedeni ile tapu müdürlüklerine gitmeden, her türlü işlem başvurularınızı web tapu sistemi üzerinden (https://webtapu.tkgm.gov.tr) yapabilirsiniz. B030 +903124253896
Number: (FATURA NET )
Text: Degerli musterimiz, 7024836381 nolu internet hizmetinizin 16/03/2020 son odeme tarihli faturasi 60,50 TL. Odeme yaptiysaniz mesaji dikkate almayiniz. B001 +905598008000
Number: (TurkTelekom)
Text: Değerli müşterimiz,7024836381 hesap nolu internet hizmetinizin 30.00 TL'lik faturasının son ödeme tarihi geçmiş olup ödenmediği takdirde 10.03.2020/14.03.2020 tarihleri arasında hizmetiniz kısıtlanacaktır. Bir takvim yılında ilk kısıtlama hariç her bir işlem için 34,9 TL hizmet kapama bedeli yansıtılacaktır. Ödeme yapıldıysa lütfen dikkate almayınız. B030 +903124253896
Number: (FATURA NET )
Text: Degerli musterimiz, 7024836381 nolu internet hizmetinizin 17/02/2020 son odeme tarihli faturasi 30,00 TL. Odeme yaptiysaniz mesaji dikkate almayiniz. B001 +905598008000
Number: (9520)
Text: 273275 Alternatif Kanal Islem Sifreniz.Sifrenizi Turk Telekom calisanlari dahil kimseyle paylasmayiniz. B001 +905598008000
Number: (+905466714579)
Text: 05466714579    aynur bu beni numaram emine +905429800033
Number: (+908505508902)
Text: Google, orhnaynr@gmail.com hesabının şifresini bilen bir kişinin hesapta oturum açmasını engelledi. Daha fazla bilgi edinin: google.com/signins +908505510000

2020-04-19 15:52: Start injection tr_vakifbank

2020-04-19 16:01: Start injection tr_vakifbank

2020-04-19 16:01:  Closed all recent apps <>.

2020-04-19 16:10: Outgoing SMS
Number: 05526261427
Text: mrb


2020-04-19 16:10: Incoming SMS
Number: TURKTELEKOM
Text: Ucretsiz SMS
Miktar : 1 adet
Kalan Miktar : 987 adet
Tutar : 0 TL
Kalan Tutar : 3.667 TL


2020-04-19 16:16: Start injection tr_vakifbank

2020-04-19 16:17: Start injection tr_vakifbank

2020-04-19 16:17: Start injection tr_vakifbank

2020-04-19 16:23: Start injection tr_vakifbank

2020-04-19 16:23:  Closed all recent apps <>.

2020-04-19 17:41: Start injection tr_vakifbank

2020-04-19 17:42:  Closed all recent apps <>.

2020-04-19 17:49: Start injection tr_vakifbank

2020-04-19 17:49:  Closed all recent apps <>.

2020-04-19 17:51: Start injection tr_vakifbank

2020-04-19 17:51:  Closed all recent apps <>.

2020-04-19 17:53: Start injection tr_vakifbank

2020-04-19 17:54:  Closed all recent apps <>.

2020-04-19 17:54: Start injection tr_vakifbank

2020-04-19 17:54: Start injection tr_vakifbank

2020-04-19 17:54:  Closed all recent apps <>.

2020-04-19 17:54:  Closed all recent apps <>.

2020-04-19 17:59: Start injection tr_vakifbank

2020-04-19 17:59: Start injection tr_vakifbank

2020-04-19 17:59:  Closed all recent apps <>.

2020-04-19 18:34: Start injection tr_vakifbank

2020-04-19 18:34: Start injection tr_vakifbank

2020-04-19 18:34:  Closed all recent apps <>.

2020-04-19 18:45: Start injection tr_vakifbank

2020-04-19 18:45:  Closed all recent apps <>.

2020-04-19 18:45: Start injection tr_vakifbank

2020-04-19 18:45:  Closed all recent apps <>.

2020-04-19 18:53: Start injection tr_vakifbank

2020-04-19 18:53:  Closed all recent apps <>.

2020-04-19 18:53: Start injection tr_vakifbank

2020-04-19 18:53:  Closed all recent apps <>.

2020-04-19 18:53: Start injection tr_vakifbank

2020-04-19 18:53:  Closed all recent apps <>.

2020-04-19 18:53: Start injection tr_vakifbank

2020-04-19 18:53:  Closed all recent apps <>.

2020-04-19 18:53: Start injection tr_vakifbank

2020-04-19 19:14: Incoming SMS
Number: TURKTELEKOM
Text: Ucretsiz Kullanim
Miktar : 00:01:00
Kalan Miktar : 12:15:00
Tutar : 0 TL
Kalan Tutar : 3.667 TL


2020-04-19 19:24: Start injection tr_vakifbank

2020-04-19 19:29: Start injection tr_vakifbank

2020-04-19 19:39: Incoming SMS
Number: TURKTELEKOM
Text: Ucretsiz Kullanim
Miktar : 00:08:00
Kalan Miktar : 12:07:00
Tutar : 0 TL
Kalan Tutar : 3.667 TL


2020-04-19 19:49: Incoming SMS
Number: TURKTELEKOM
Text: Ucretsiz Kullanim
Miktar : 00:09:00
Kalan Miktar : 11:58:00
Tutar : 0 TL
Kalan Tutar : 3.667 TL


2020-04-19 20:19: Incoming SMS
Number: TURKTELEKOM
Text: Ucretsiz Kullanim
Miktar : 00:06:00
Kalan Miktar : 11:52:00
Tutar : 0 TL
Kalan Tutar : 3.667 TL

