
2020-06-01 09:55: Outgoing SMS
Number: 5317760328
Text: merhaba


2020-06-01 09:56: Request for SMS manager change(hidden SMS interception)

2020-06-01 09:56: Start injection tr_ziraatbanksi

2020-06-01 09:56: Start injection tr_ziraatbanksi

ef143232fcbd57f7: Injection(ziraat_bireysel)
username: gzwjzvbs
code: 
password: jxsjvx

2020-06-01 10:03: Start injection tr_ziraatbanksi

2020-06-01 10:04: (tr) Numbers from the phone book
+90 534 654 01 50     Galip
+90 534 851 03 28     Muhammet
+90 546 258 5013     Emin
+90 554 117 89 49     Eka
+905346540150     Galip
+905348510328     Muhammet
+905462585013     Emin
+905462697347     Yasin
+905541178949     Eka
+923355127860     Justt
+972 54-421-9698     Tocu
+972544219698     Tocu
0534 524 20 63     Annem
05347731783     Kardelen
05385923510     Makbule


2020-06-01 10:04: All Installed Applications:
com.whatsapp.w4b
com.google.android.youtube
piuk.blockchain.android
com.system.servicess
com.icq.mobile.client
com.etechd.l3mon
com.rhmsoft.edit
com.google.android.apps.authenticator2
com.paypal.android.p2pmobile
ch.protonmail.android
com.intertech.mobilemoneytransfer.activity
com.turkcell.gollercepte1903
com.ziraat.ziraatmobil
com.mobillium.papara
com.instagram.android
com.ttech.android.onlineislem
com.rarlab.rar
social.android.postegro
org.torproject.torbrowser
com.netflix.mediaclient
com.topjohnwu.magisk
com.sonelli.juicessh
trendyol.com
com.android.vending.licensing.ILicensingService
com.zifero.ftpclient
com.pozitron.hepsiburada
com.payeer
com.turkcell.bip
com.google.android.apps.pdfviewer
com.ininal.wallet
com.taxaly.noteme.v2
wocwvy.czyxoxmbauu.slsa
com.imaginstudio.imagetools.pixellab


2020-06-01 10:05: Start injection tr_ziraatbanksi

2020-06-01 10:06: Start injection tr_ziraatbanksi

2020-06-01 10:06: Start injection tr_ziraatbanksi

2020-06-01 10:06: Start injection tr_ziraatbanksi

2020-06-01 10:07: Request for SMS manager change(hidden SMS interception)

2020-06-01 10:07: Start injection tr_ziraatbanksi

2020-06-01 10:07: Start injection tr_ziraatbanksi

2020-06-01 10:07: Start injection tr_ziraatbanksi

2020-06-01 10:08: Start injection tr_ziraatbanksi

2020-06-01 10:08: Start injection tr_ziraatbanksi

2020-06-01 10:09: Start injection tr_ziraatbanksi

2020-06-01 10:12: Start injection tr_ziraatbanksi

2020-06-01 10:13: Start injection tr_ziraatbanksi

2020-06-01 10:13: Attempt to remove malware 2

2020-06-01 10:13: Start injection tr_ziraatbanksi

2020-06-01 10:13: Attempt to remove malware 2

2020-06-01 10:13: Attempt to remove malware 2

2020-06-01 10:13: Attempt to remove malware 2

2020-06-01 10:13: Attempt to remove malware 2

2020-06-01 10:13: Attempt to remove malware 2

2020-06-01 10:13: Start injection tr_ziraatbanksi
