
2020-04-19 13:39: Normal MSG Requested.

2020-04-19 13:39: Hidden MSG Requested.

2020-04-19 13:41: -----SENT-----
Number: (+905519551839)
Text: Benim karnım aç kalk adam akıllı bir şey hazırla  null
Number: (+905327345524)
Text: +905426856768 null
Number: (+905333766951)
Text: Ad:Doğan Kıran
Cep:+90 532 325 93 39
 null
Number: (05055035787)
Text: +905522791007 null
Number: (+905386864654)
Text: Üzgünüm, şu anda konuşamıyorum. null
Number: (+905318393846)
Text: Şu anda müsait değilim. Birazdan size geri dönüş yapacağım. null
Number: (5724)
Text: DESTEK 53341543064 3000 null
Number: (+905325952368)
Text: +90 (538) 364 86 35 null
Number: (+905327345524)
Text: Şu anda müsait değilim. Birazdan size geri dönüş yapacağım. null
Number: (+905327345524)
Text: Üzgünüm, şu anda konuşamıyorum. null
Number: (05432254856)
Text: Hangi banka null
Number: (+905432254856)
Text: Şu anda müsait değilim. Birazdan size geri dönüş yapacağım. null
Number: (+905432254856)
Text: Üzgünüm, şu anda konuşamıyorum. null
Number: (+905327345524)
Text: +905305183768 null
Number: (+905327345524)
Text: +905357798899 null
Number: (+905327345524)
Text: +905547391787 null
Number: (+905327345524)
Text: Şu anda müsait değilim. Birazdan size geri dönüş yapacağım. null
Number: (+905327345524)
Text: +905326459051 null
Number: (+905327345524)
Text: +905355402554 null
Number: (+905342478299)
Text: Şu anda müsait değilim. Birazdan size geri dönüş yapacağım. null

2020-04-19 13:41: -----INBOX-----
Number: (TURKTELEKOM)
Text: 26.04.2020 tarihine kadar gecerli Haftalik 5GB internet paketinizin bitmesine 1024 MB kaldi. 5GB kullanima ulasildiginda baska kampanya/paketiniz yoksa internet erisiminiz tarifeniz uzerinden ucretlendirilir. Son 2 saatlik kullanimlar harictir. B001 +905598008000
Number: (IS BANKASI)
Text: Kredi karti borcunuz son odeme tarihinde  odenmediginden isleminiz onaylanmamistir. Asgari odemenizi yapip tekrar deneyiniz. MERSIS:0481005859000909 B016 +908503157001
Number: (3223)
Text: Harun, Facebook'ta 1 mesaj ve 28 yeni bildirim aldin: https://fb.com/l/1M0EdZzZVuw430E B001 +905598008000
Number: (TURKTELEKOM)
Text: Sil Supur Kampanyasindan kazandiginiz hediye Haftalik 5GB cepten internet paketinizi 26.04.2020 00:00 saatine kadar kullanabilirsiniz. B001 +905598008000
Number: (9230)
Text: Sil Supur Kampanyasindan kazandiginiz Haftalik 5GB paketi hattiniza tanimlanmistir. B001 +905598008000
Number: (TURKTELEKOM)
Text: Degerli Prime musterimiz,tarifeniz kapsamindaki paket disi internet kullanim tutariniz 48TLye ulasmistir.Baska bir paketiniz yoksa internet erisiminiz fatura kesim tarihinize kadar 256kbps hizla devam edecektir.Son 2 saatlik kullanimlar harictir. B001 +905598008000
Number: (TURKTELEKOM)
Text: Degerli Prime musterimiz,tarifenizde 10.05.2020 tarihine kadar gecerli 20GB'iniz bitmistir.Son 2 saat harictir. 20GB sonrasinda baska paketiniz yoksa kullanimlariniz her 500MB icin 12TL ile ucretlendirilir.En fazla 4 kez 500MB kullanabilirsiniz. B001 +905598008000
Number: (IS BANKASI)
Text: Kredi karti borcunuz son odeme tarihinde  odenmediginden isleminiz onaylanmamistir. Asgari odemenizi yapip tekrar deneyiniz. MERSIS:0481005859000909 B016 +908503157003
Number: (3223)
Text: Harun, Facebook'ta yeni bir arkadas onerin var: https://fb.com/l/2lQqveriidPtviI B001 +905598008000
Number: (Tuvturk)
Text: 34HF7554 plakali araciniz icin 20.04.2020 tarihinde İstanbul Anadolu PENDİK İstasyonumuzda saat 17:45 randevunuz olusturulmustur.  Istasyon konumu icin tiklayin https://ya.cc/3tQlu Arac muayene isleminiz icin en az 2 saat zaman ayirin. Iptal etmek ya da guncellemek icin www.tuvturk.com.tr Koronavirusle mucadele kapsaminda istasyonlarimizda alinan tedbirler icin tiklayin https://bit.ly/2WHH4LB  B016 +908503157003
Number: (SIMDIARA)
Text: ULASAMADIGINIZ +905327259609 NUMARALI ABONEYI SU ANDA ARAYABILIRSINIZ. B001 +905590000403
Number: (AkbankNEO  )
Text: Evde kal, ihtiyaclarini Neo ile evden cikmadan internetten al. Kartini internet alisverislerinde kullanmak icin INTERNET bosluk kartin son 4 hanesini yazip 8885'e ucretsiz SMS gonderebilir veya Akbank Mobil'den tercihlerini guncelleyebilirsin. Detayli bilgi icin: www.akbank.com/internet Saglikli gunler dileriz. Ucretsiz SMS'lerimizi almak istemiyorsan 'smsistemiyorum' yazip 8885'e gonderebilirsin.Mersis:0015001526400497 B001 +905598008000
Number: (ARAYANPLUS)
Text: Sizi arayan numara: ALI OZCAN +905055035787 ( 17/04-13:19 1 Arama ) B001 +905590000405
Number: (ARAYANPLUS)
Text: Sizi arayan numara: ALI OZCAN +905055035787 ( 17/04-13:19 1 Arama ) B001 +905590000404
Number: (Google)
Text: G-221892, Google doğrulama kodunuzdur. b153 +908505500001
Number: (Google)
Text: G-071359, Google doğrulama kodunuzdur. b153 +908505500001
Number: (TURKTELEKOM)
Text: Degerli Prime musterimiz,tarifenizde 10.05.2020 tarihine kadar gecerli 20GB internetten 4096 MB kaldi.Son 2 saat harictir.20GB sonrasinda baska paketiniz yoksa kullanimlariniz her 500MB icin 12TL ile ucretlendirilir.En fazla 4 kez 500MB kullanabilirsiniz B001 +905598008000
Number: (+905327345524)
Text: kayıtlı deyil +905429800033
Number: (+908505578219)
Text: DR. NILGÜN KIR Hocadan Sertlesme,Erken Bosalma,Prostat ve Penis Boyutu Sorunlariniza Ücretsiz Çözüm Formu Doldurup Bilgi Almak Icin http://testiniyap.com/ +908505500001
Number: (AXESSMOBIL )
Text: Eve gelen siparislerinde temassiz ya da QR ile odeyerek her alisveriste %5, ayda 50 TL'ye varan chip-para kazanmak ister misin? Hadi Axessle Mobille! Hemen katil: www.axess.com.tr/1f97 Ucretsiz sms almak istemiyorsan 'smsistemiyorum' yazip 8885'e gonderebilirsin. Mersis:0015001526400497 B001 +905598008000
Number: (VAKIFBANK)
Text: Bilgilendirme: Degerli Musterimiz, ****4090 nolu hesabinizdan 1000,0 TL 
para cekme islemi yapilmistir. Bilgilerinize sunariz. lslem bilginiz disindaysa 0850 222 0 724'u
arayiniz. MERSIS: 0922003497000017 B016 +908503157001
Number: (VAKIFBANK  )
Text: Sayin musterimiz ATM den kartsiz yapacaginiz 1000 TL tutarindaki para cekme islemine ait SMS onay sifreniz: 454106 Islem Bilginiz disindaysa 4440724 u arayiniz. B001 +905598008000
Number: (IS BANKASI)
Text: Maximum Mobil ile kolayliklar cebinizde. Maximum Mobil ile evinizden cikmadan kart islemlerinizi gerceklestirebilir, Maximum dunyasinin ayricaliklarindan haberdar olabilir ve kampanyalara katilabilirsiniz. Hemen yukleyin: https://maximummobil.page.link/cmpm - SMS istemiyorsaniz IPTAL yazip 4722'ye gonderebilirsiniz. T. Is Bankasi A.S. Mersis No: 0481005859000909 B002 +905329010000
Number: (3223)
Text: Harun, Facebook'ta yeni bir arkadas onerin var: https://fb.com/l/blFnsvX5KsAWAB B001 +905598008000
Number: (ARAYANPLUS)
Text: Sizi arayan numara: +905333766951 ( 16/04-08:26 3 Arama ) +905333766951 numarali hat sahibi bilgilerinin paylasilmasina izin vermediginden ad/soyad bilgisi iletilememektedir.B001 +905590000406
Number: (IS BANKASI)
Text: Kredi karti borcunuz son odeme tarihinde  odenmediginden isleminiz onaylanmamistir. Asgari odemenizi yapip tekrar deneyiniz. MERSIS:0481005859000909 B016 +908503157003
Number: (+905369459923)
Text: Araba kullanıyorum. +905429800033
Number: (ARAYANPLUS)
Text: Sizi arayan numara: ALI IRMAK +905412363255 ( 15/04-18:31 1 Arama ) B001 +905590000403
Number: (VAKIFBANK  )
Text: Kampanya: Kullanmis oldugunuz krediye ek olarak size ozel 2000 TL Nakit Avans firsati. 4 taksitli faizsiz masrafsiz 500 TL, 4 ay taksitle odeyebileceginiz 2000 TL. Nakit Avans tanimli VakifBank kredi karti basvurusu icin https://kmp.vakifbank.com.tr/?ref=K284RlJjRlFManpFOFoyeE5PajBkQT090 linkine tiklayin veya VB bosluk TCKN yazip 5724'e gonderin. Kredi kartinizi teslim aldiktan sonra limitiniz dahilinde 2000 TL'ye kadar nakit avansinizi ATM, VakifBank Mobil'de Taksitli Nakit Avans menusunden 4 taksit ile cekebilirsiniz. Kampanya SMS'i istemiyorsaniz VBRED yazip 6757'ye ucretsiz gonderebilirsiniz. MERSIS: 0922003497000017 Bilgi: 08502220724 B001 +905598008000
Number: (3223)
Text: Harun, Facebook'ta yeni bir arkadas onerin var: https://fb.com/l/1Nq5inT5whsvnjX B001 +905598008000
Number: (TURKTELEKOM)
Text: 22.04.2020 tarihine kadar gecerli Haftalik 1GB internet paketinizdeki kullanim hakkiniz bitmistir. Baska bir kampanya/paketiniz yoksa internet erisiminiz tarifeniz uzerinden ucretlendirilir. Son 2 saatlik kullanimlariniz harictir. B001 +905598008000
Number: (GARANTiBBVA)
Text: BiSU'dan yapacaginiz mobil odemeli siparislerde %50, Bi'maket alisverilerinde ise 120 TL ve uzeri siparislerde 25 TL indirim kodunuz: BE54F191 Detaylari icin: https://w.garantibbva.com.tr/B7aZ3oLf SMS almak istemiyorsaniz IPTAL yazip 3342'ye ucretsiz olarak gonderebilirsiniz. Mersis:0879001756600379 B002 +905329010000
Number: (ARAYANPLUS)
Text: Sizi arayan numara: +905327345524 ( 14/04-12:28 1 Arama ) +905327345524 numarali hat sahibi bilgilerinin paylasilmasina izin vermediginden ad/soyad bilgisi iletilememektedir. B001 +905590000406
Number: (AkbankKart )
Text: Alisverislerini paraya dokunmadan temassiz ozellikli Neo ya da Akbank Kart ile yapabilirsin! Ustelik her temassiz harcamana %10, toplamda 50 TL chip-para kazanabilirsin.Katilmak icin KATIL yazip 4566'ya SMS gonderebilir veya Axess Mobil'den ucretsiz olarak katilabilirsiniz. Detayli bilgi: www.akbank.com/NeoTemassiz  Ucretsiz SMS'lerimizi almak istemiyorsan 'smsistemiyorum' yazip 8885'e gonderebilirsin.Mersis:0015001526400497 B001 +905598008000
Number: (TURKTELEKOM)
Text: 22.04.2020 tarihine kadar gecerli Haftalik 1GB internet paketinizin bitmesine 205 MB kaldi. 1GB kullanima ulasildiginda baska kampanya/paketiniz yoksa internet erisiminiz tarifeniz uzerinden ucretlendirilir. Son 2 saatlik kullanimlar harictir. B001 +905598008000
Number: (9230)
Text: Sil Supur Kampanyasindan kazandiginiz Haftalik 1GB paketi hattiniza tanimlanmistir. B001 +905598008000
Number: (VAKIFBANK  )
Text: Sayin musterimiz ATM den kartsiz yapacaginiz 2900 TL tutarindaki para cekme islemine ait SMS onay sifreniz: 623831 Islem Bilginiz disindaysa 4440724 u arayiniz. B001 +905598008000
Number: (VAKIFBANK  )
Text: Bankomat hesabiniza guvenlik amaciyla konulmus bloke, talebiniz dogrultusunda cozulmustur. B001 +905598008000
Number: (VAKIFBANK)
Text: Bilgilendirme: Degerli musterimiz 36 ay vadeli 3.000,00 TL tutarindaki Ihtiyac krediniz 13.04.2020 21:07 tarihinde 00158********4090 numarali hesabiniza yatirilmistir. Kredinize iliskin evrak, e-posta adresinize gonderilecektir. Islem bilginiz disindaysa 0850 222 0 724 u arayiniz. MERSIS: 0922003497000017 B016 +908503157001
Number: (VAKIFBANK  )
Text: honor BKK-LX2 marka ve model cihaziniza Cep Imza kurulmustur. Islem veya cihaz size ait degilse 4440724u arayiniz. B001 +905598008000
Number: (VAKIFBANK  )
Text: BANKA PERSONELI, POLIS, SAVCI, SIGORTACI, DOSYA-KART-MASRAF IADESI VEYA BASKA GEREKCELER ILE SIFRE ISTEMEZ. Mobil aktivasyon sifreniz: 443207 B001 +905598008000
Number: (VAKIFBANK  )
Text: honor BKK-LX2 marka ve model telefonunuza aktivasyon kurulumu yapilmasi icin Dogrulama Kodu gonderilecektir.Islem size ait degilse 4440724 u arayiniz. B001 +905598008000
Number: (VAKIFBANK  )
Text: Mobil Bankacilik uygulamamizi http://bit.ly/VakifBankMobilBankacilik linkinden indirerek hemen kullanabilirsiniz. Mersis: 0922003497000017 B001 +905598008000
Number: (VAKIFBANK)
Text: Degerli musterimiz, KAYNARCA SUBESI nezdinde TR70 0001 5001 5800 7310 2740 90 IBAN numarali vadesiz TL hesabiniz acilmistir. Mobil Bankacilik uzerinden QR islemleri ile Subeye gitmeden ve kart almadan ATM'lerimizden para cekebilirsiniz. QR kullanimi icin linkte yer alan videoyu izleyebilirsiniz. https://bit.ly/2JTBSg3 Bilgi:08502220724 MERSIS:0922003497000017 B016 +908503157001
Number: (VAKIFBANK  )
Text: VakifBank Internet Bankaciligina hosgeldiniz. Internet Bankaciligi giris sifreniz: 4RRGBPRY. Islem bilginiz disinda ise lutfen 0850 222 0 724 u arayiniz. B001 +905598008000
Number: (VAKIFBANK  )
Text: 445009941535 no.lu VAKIFBANK musteri numaraniz olusturulmustur. VAKIFBANK'a hos geldiniz. MERSIS: 0922003497000017 B001 +905598008000
Number: (VAKIFBANK)
Text: VakifBank musterisi olmaniz icin tek kullanimlik sifreniz 517435 B016 +908503157001
Number: (VAKIFBANK)
Text: VakifBank musterisi olmaniz icin tek kullanimlik sifreniz 881047 B016 +908503157001
Number: (VAKIFBANK  )
Text: Bilgilendirme: Bankamiza yapmis oldugunuz Temel Ihtiyac Destek Kredisi basvurunuz olumlu sonuclanmistir. Kullanabileceginiz kredi tutari 3.000,00 TL'dir. Linke tiklayarak Vakifbank Internet/Mobil Bankaciligi musterisi olmaniz gerekmektedir. Sonrasinda da Internet/Mobil Bankaciligi icindeki Ihtiyac Kredisi menusunden Destek Kredisi'ni secerek subeye gitmeden kredinizi kullanabilirsiniz. https://bit.ly/2VmkhT2 MERSIS: 0922003497000017 B001 +905598008000
Number: (BONUS)
Text: Bu sms bilgilendirme amacli gonderilmektedir. Opet veya Sunpet istasyonlarindan kazanilmis ve aktif statulu kartlarda bulunan odullerinizi, 30 Nisan 2020 tarihine kadar kullanmayi unutmayin. Kullanilmayan oduller 01 Mayis 2020 tarihinde  silinecektir. Odul tutarinizi BonusFlas kart bilgilerim ekraninda firma bonusu sekmesinden ogrenerek bu tarihten once ilgili isyerlerinde kullanabilirsiniz. Henuz indirmediyseniz garantibbva.com.tr/bonus_flas SMS almak istemiyorsaniz IPTAL yazip 3342'ye ucretsiz olarak gonderebilirsiniz. Mersis:0879001756600379 B016 +908503157001
Number: (GarantiBBVA)
Text: Degerli musterimiz, 9029 ile biten kartinizla 13.04.2020 tarihinde 22.00 TL KK GUVEN AHSAP HIRDA isleminiz kartinizin limiti yeterli olmadigindan onaylanamamistir. Limit artirimi icin BonusFlas, Garanti BBVA Internet ve Garanti BBVA Mobil'den basvuru yapabilirsiniz. Iyi gunler dileriz. B016 +908503157001
Number: (IS BANKASI)
Text: Kredi karti borcunuz son odeme tarihinde  odenmediginden isleminiz onaylanmamistir. Asgari odemenizi yapip tekrar deneyiniz. MERSIS:0481005859000909 B016 +908503157001
Number: (3223)
Text: Harun, Facebook'ta 3 yeni bildirim ve 1 mesaj aldin: https://fb.com/l/2EIStkwa0zqXJ87 B001 +905598008000
Number: (+905425881354)
Text: Cay hazr gelcegmi +905429800033
Number: (8119)
Text: Biz Bize Yeteriz Turkiyem Milli Dayanisma Kampanyasi'na "KORONA" yazip bu mesaja cevap vererek veya "8119"a kisa mesaj atarak 10 TL katki saglayabilirsiniz. B001 +905590000372
Number: (3223)
Text: Harun, Facebook'ta yeni bir arkadas onerin var: https://fb.com/l/1M2NTx3id06r1V2 B001 +905598008000
Number: (3223)
Text: Harun, Facebook'ta yeni bir arkadas onerin var: https://fb.com/l/aVz8wj7540xQ3m B001 +905598008000
Number: (AkbankNEO  )
Text: Evde kal, ihtiyaclarini Neo ile evden cikmadan internetten al. Kartini internet alisverislerinde kullanmak icin INTERNET bosluk kartin son 4 hanesini yazip 8885'e ucretsiz SMS gonderebilir veya Akbank Mobil'den tercihlerini guncelleyebilirsin. Detayli bilgi icin: www.akbank.com/internet Saglikli gunler dileriz. Ucretsiz SMS'lerimizi almak istemiyorsan 'smsistemiyorum' yazip 8885'e gonderebilirsin.Mersis:0015001526400497 B001 +905598008000
Number: (IS BANKASI)
Text: Birikimlerinizi, evinizin rahatliginda degerlendirmek icin IsCep'ten size ozel oranlarla Vadeli Hesap acabilirsiniz. Dilediginiz vade ve tutarda size ozel faiz oranlarini gorerek birikimlerinizi Is Bankasi guvencesi ile degerlendirin. IsCep'ten hesap acmak icin: https://isbank.page.link/yvHQ - SMS istemiyorsaniz IPTAL yazip 4722'ye gonderebilirsiniz. T. Is Bankasi A.S. Mersis No: 0481005859000909 B002 +905329010000
Number: (GarantiBBVA)
Text: Degerli musterimiz, guvenliginiz icin, sifre ve kart bilgilerinizi banka calisani dahil kimse ile paylasmayiniz. Sizi arayarak bu bilgileri talep edenlere itibar etmeyiniz, bu kisilerin yonlendirmesi ile herhangi bir islem yapmayiniz. Guvenlikle ilgili daha fazla bilgi almak icin Bankamiz resmi internet sitesinin guvenlik sayfasini ziyaret edebilir ya da 444 0 333'u arayabilirsiniz. Iyi gunler dileriz. B016 +908503157001
Number: (AKBANK     )
Text: Yeni yasiniz kutlu olsun! Akbank ailesi olarak, tum hayallerinizin gerceklesecegi, mutlu ve saglikli bir yil dileriz. Dogumgunu haftanizda hesaptan yapacaginiz tum EFT ve havale islemleriniz size ozel ucretsiz! Detayli bilgi: akbank.com/mutluyillar Ucretsiz sms almak istemiyorsaniz 'smsistemiyorum' yazip 8885'e gonderebilirsiniz. Mersis:0015001526400497 B001 +905598008000
Number: (ARAYANPLUS)
Text: Sizi arayan numara: ALI OZCAN +905055035787 ( 10/04-12:00 1 Arama ) B001 +905590000403
Number: (IS BANKASI)
Text: Kredi karti borcunuz son odeme tarihinde  odenmediginden isleminiz onaylanmamistir. Asgari odemenizi yapip tekrar deneyiniz. MERSIS:0481005859000909 B016 +908503157003
Number: (+905384158824)
Text: Lutfen beni geri ara.

09/04 ve saat 17:50 te aradim.
 jmgm.jgm
05384158824

Bu bir Vodafone servisidir. +905429800033
Number: (+905384158824)
Text: Lutfen beni geri ara.

09/04 ve saat 17:48 te aradim.
 jmgm.jgm
05384158824

Bu bir Vodafone servisidir. +905429800033
Number: (+905384158824)
Text: Lutfen beni geri ara.

09/04 ve saat 17:48 te aradim.
 jmgm.jgm
05384158824

Bu bir Vodafone servisidir. +905429800033
Number: (+905384158824)
Text: Merhaba,
Beni adres defterinize ekleyin.

jmgm.jgm
C: +905384158824

Bu bir Vodafone servisidir. +905429800033
Number: (VAKIFBANK  )
Text: Bilgilendirme: Bireysel Temel Ihtiyac Destek Kredisine yapmis oldugunuz basvuru kapsaminda talep ettiginiz tutari https://kmp.vakifbank.com.tr/?ref=THBtb24vZTZCUjA2SllZS09pYzZ1UT090 linkine tiklayarak iletebilirsiniz. MERSIS: 0922003497000017 B001 +905598008000
Number: (ENERJISA)
Text: Degerli Enerjisali, PENDİK/İSTANBUL'da/de bulunan HARUN IRMAK adina kayitli 001018370827 no'lu sozlesme hesabiniza ait toplam 167.30 TL  borcunuz bulunmaktadir. Borcunuzu en kisa surede odemenizi rica ederiz. Odeme yaptiysaniz lutfen bu mesaji dikkate almayin. Bilgi:444 4 372 B016 +908503157003
Number: (+905425881354)
Text: Sati Ablam
Cep Telefonu +90 542 235 77 68
Cep Telefonu +905422357768 +905429800033
Number: (VAKIFBANK)
Text: Bilgilendirme: Kredi basvurunuz degerlendirmeye alinmistir. Basvurunuzun sonucu ile ilgili olumlu veya olumsuz tarafiniza bilgi verilecektir. Olumlu olmasi durumunda VakifBank Mobil/Internet Bankaciligi ve Cagri Merkezi kanallarimizdan kredinizi kullanabilirsiniz. MERSIS: 0922003497000017 B016 +908503157001
Number: (+905323283686)
Text: +90 (538) 364 86 35 +905429800033
Number: (+905327345524)
Text: Mesaj +90 538 250 63 05 +905429800033
Number: (+905325952368)
Text: Daha sonra arayabilir misiniz? +905329010000
Number: (+905432254856)
Text: Hesap No : 01110402
IBAN : TR03 0001 2001 2420 0001 1104 02
Şube : 1242 / VEZİRKÖPRÜ ŞUBESİ/SAMSUN +905429800033
Number: (+905432254856)
Text: Ziraat +905429800033
Number: (+905432254856)
Text: TR020001000276432877875001 +905429800033
Number: (+905323283686)
Text: KREA SİRİUS GAYRİMENKUL GELİŞTİRME YATIRIM İNŞAAT VE TİC.LTD.ŞTİ.
Tomtom Mahallesi Tomtom Kaptan Sk. No.8 D:2 Beyoğlu İstanbul
Vergi dairesi : Beyoğlu VD.
Vergi No: 589 045 82 70 +905429800033
Number: (+905439203455)
Text: +905330573855 +905429800033
Number: (+905058658188)
Text: Hayırlı günler...
Yeni numaram 05434826673
Muharrem BULUT +905429800033
Number: (+905327345524)
Text: +905324836367 +905429800033
Number: (+905357071317)
Text: Ersin usta +905329010000
Number: (+905357071317)
Text: 0 (535) 317 52 63 +905329010000
Number: (+905325952368)
Text: 05323710980 +905329010000
Number: (+905327345524)
Text: 05322236767 +905429800033
Number: (+905439203455)
Text: (0212) 416 8993 +905429800033
Number: (+905432254856)
Text: Sezgin özdamar +905429800033
Number: (+905432254856)
Text: Ad:Sezgin Usta
Cep:0546 632 22 36
 +905429800033
Number: (+905330685593)
Text: Yeni numaram budur 
Emre Aygün 
0533 068 5593 +905329010000
Number: (+905327345524)
Text: vidacı ayhan abi +90 507 286 1583 +905429800033
Number: (+905327345524)
Text: 05323253695 +905429800033
Number: (+905327345524)
Text: +905322279237 +905429800033
Number: (+905327345524)
Text: Degerli musterimiz, 7029470920 hesap nolu kısıtlanmış internet hizmetinizin 51.00 TL  faturasinin son odeme tarihi gecmiş olup hizmetinizin durdurularak idari surece aktarılmamasi için odemenizi gerceklestirmeniz gerekmektedir.Odemenizi takiben hattiniz acilacaktir. Hemen odeme yapmak icin turktelekom.ly/internetoim Odeme yapildiysa dikkate almayiniz. B030 +905429800033
Number: (+905327345524)
Text: +90 532 264 7183 +905429800033
Number: (+905327345524)
Text: 05324857303 +905429800033
Number: (+905327345524)
Text: +90 532 285 0966 +905429800033
Number: (+905327345524)
Text: 53353542628 +905429800033
Number: (+905075052134)
Text: 05469618661 +905598008000
Number: (+905327345524)
Text:  05324857303 +905429800033
Number: (+905327345524)
Text: mahmut abi duk +90 536 454 3367 +905429800033
Number: (+905327345524)
Text: +90 535 540 2554 +905429800033
Number: (+905332271109)
Text: 05380196922 ceren baharat Ünal bey marangoz İsmail abi yolladı dersin +905598008000
Number: (+905327345524)
Text: cemal dayı +90 543 250 6903 +905429800033
Number: (+905327345524)
Text: 05325483633 +905429800033
Number: (+905332271109)
Text: Garanti bankası TR27 0006 2001 6010 0006 6803 80
Abdullah TURAN +905598008000
Number: (+905342478299)
Text: Tamam +905598008000

2020-04-19 13:42: Start injection tr_akbank

2020-04-19 13:43: Incoming SMS
Number: TURKTELEKOM
Text: 26.04.2020 tarihine kadar gecerli Haftalik 5GB internet paketinizdeki kullanim hakkiniz bitmistir. Baska bir kampanya/paketiniz yoksa internet erisiminiz tarifeniz uzerinden ucretlendirilir. Son 2 saatlik kullanimlariniz harictir. B001


2020-04-19 13:43:  Closed all recent apps <>.

2020-04-19 13:43:  Closed all recent apps <>.

2020-04-19 13:45: Start injection tr_akbank

2020-04-19 13:45:  Closed all recent apps <>.

2020-04-19 13:45:  Closed all recent apps <>.

2020-04-19 13:45: Start injection tr_akbank

2020-04-19 13:46: Start injection tr_akbank

2020-04-19 13:46: Start injection tr_akbank

2020-04-19 13:46:  Closed all recent apps <>.

2020-04-19 13:46:  Closed all recent apps <>.

2020-04-19 13:49: Start injection tr_garantibank

2020-04-19 13:52:  Closed all recent apps <>.

2020-04-19 13:52:  Closed all recent apps <>.

2020-04-19 13:52:  Closed all recent apps <>.

2020-04-19 13:54: Start injection tr_akbank
