
2020-04-17 22:37:  Started for Disable Play Protect Action <4 step> Step - 1

2020-04-17 22:38:  Closed all recent apps <>.

2020-04-17 22:38:  Started for Disable Play Protect Action <4 step> Step - 1

2020-04-17 22:38:  Closed all recent apps <>.

2020-04-17 22:39: Hidden MSG Requested.

2020-04-17 22:40:  Disable Play Protect Action < Final Step > COMPLETED! 

2020-04-17 22:45:  trying <> install AV.

2020-04-17 22:53:  ALERT Attempt to Enable Play Protect !

2020-04-17 22:53:  Closed all recent apps <>.

2020-04-17 22:54:  Closed all recent apps <>.

2020-04-17 22:54:  Closed all recent apps <>.

2020-04-17 23:04:  Closed all recent apps <>.

2020-04-17 23:04:  trying <> install AV.

2020-04-17 23:06:  Closed all recent apps <>.

2020-04-17 23:07:  Closed all recent apps <>.

2020-04-17 23:13: --> Reconnected to Network.

2020-04-17 23:13:  trying <> install AV.

2020-04-17 23:14:  Closed all recent apps <>.

2020-04-17 23:17: --> Reconnected to Network.

2020-04-17 23:20:  Closed all recent apps <>.

2020-04-17 23:25:  Closed all recent apps <>.

2020-04-17 23:25:  Closed all recent apps <>.

2020-04-17 23:28:  Attempt to <> Remove System with installer.

2020-04-17 23:29:  Closed all recent apps <>.

2020-04-17 23:30:  Closed all recent apps <>.
